[18:44:20.454] [111896] [I] CrashLogger v1-24-0-0
[18:44:20.454] [111896] [I] Crash Logs will be written to H:\Mayhem's Madness AE\overwrite\SKSE\Plugins
[18:44:20.454] [111896] [I] installed crash handlers
[18:44:20.454] [111896] [I] Thread dump hotkey monitoring started (Ctrl+Shift+F12)
[18:44:20.454] [111896] [I] CrashLogger has finished loading.
[18:46:01.084] [110936] [I] Symcache not found at not defined
[18:46:01.084] [110936] [I] Attempting to load pdb for H:/SteamLibrary/steamapps/common/Skyrim Special Edition/SkyrimSE.exe+0CEC9C8 (searchPath Data/SKSE/Plugins)
[18:46:01.105] [110936] [I] Failed to open pdb for dll H:/SteamLibrary/steamapps/common/Skyrim Special Edition/SkyrimSE.exe+0CEC9C8	PDB signature mismatch
[18:46:01.106] [117816] [I] Found unhandled type:	(NiSkinInstance*)	.?AVNiObject@@ [NiObject]
[18:46:01.106] [123132] [I] Found unhandled type:	(BSFadeNode*)	.?AVBSFadeNode@@ [BSFadeNode]
[18:46:01.106] [117816] [I] Found unhandled type:	(NiSkinInstance*)	.?AVNiRefObject@@ [NiRefObject]
[18:46:01.106] [123132] [I] Found unhandled type:	(BSFadeNode*)	.?AVNiNode@@ [NiNode]
[18:46:01.106] [117796] [I] Found unhandled type:	(BSTriShape*)	.?AVBSTriShape@@ [BSTriShape]
[18:46:01.106] [117796] [I] Found unhandled type:	(BSTriShape*)	.?AVBSGeometry@@ [BSGeometry]
[18:46:01.106] [123132] [I] Found unhandled type:	(BSFadeNode*)	.?AVNiObject@@ [NiObject]
[18:46:01.106] [123132] [I] Found unhandled type:	(BSFadeNode*)	.?AVNiRefObject@@ [NiRefObject]
[18:46:01.106] [117796] [I] Found unhandled type:	(BSTriShape*)	.?AVNiObject@@ [NiObject]
[18:46:01.106] [117796] [I] Found unhandled type:	(BSTriShape*)	.?AVNiRefObject@@ [NiRefObject]
[18:46:01.107] [116428] [I] Attempting to load pdb for H:/SteamLibrary/steamapps/common/Skyrim Special Edition/SkyrimSE.exe+313F9B0 (searchPath Data/SKSE/Plugins)
[18:46:01.126] [116428] [I] Failed to open pdb for dll H:/SteamLibrary/steamapps/common/Skyrim Special Edition/SkyrimSE.exe+313F9B0	PDB signature mismatch
[18:46:01.126] [110936] [I] Backfilled 1 void* pointers with known object information across all analysis
[18:46:01.126] [104464] [I] Found unhandled type:	(BSFaceGenNiNode*)	.?AVBSFaceGenNiNode@@ [BSFaceGenNiNode]
[18:46:01.126] [104464] [I] Found unhandled type:	(BSFaceGenNiNode*)	.?AVNiNode@@ [NiNode]
[18:46:01.126] [104464] [I] Found unhandled type:	(BSFaceGenNiNode*)	.?AVNiObject@@ [NiObject]
[18:46:01.126] [104464] [I] Found unhandled type:	(BSFaceGenNiNode*)	.?AVNiRefObject@@ [NiRefObject]
[18:46:01.126] [122584] [I] Found unhandled type:	(Character*)	.?AVActor@@ [Actor]
[18:46:01.126] [118880] [I] Found unhandled type:	(BSFaceGenNiNode*)	.?AVBSFaceGenNiNode@@ [BSFaceGenNiNode]
[18:46:01.126] [118880] [I] Found unhandled type:	(BSFaceGenNiNode*)	.?AVNiNode@@ [NiNode]
[18:46:01.126] [115628] [I] Found unhandled type:	(TESNPC*)	.?AVTESActorBase@@ [TESActorBase]
[18:46:01.126] [118880] [I] Found unhandled type:	(BSFaceGenNiNode*)	.?AVNiObject@@ [NiObject]
[18:46:01.126] [118880] [I] Found unhandled type:	(BSFaceGenNiNode*)	.?AVNiRefObject@@ [NiRefObject]
[18:46:01.126] [115628] [I] Found unhandled type:	(TESNPC*)	.?AVTESBoundAnimObject@@ [TESBoundAnimObject]
[18:46:01.126] [115628] [I] Found unhandled type:	(TESNPC*)	.?AVTESBoundObject@@ [TESBoundObject]
[18:46:01.126] [115628] [I] Found unhandled type:	(TESNPC*)	.?AVTESObject@@ [TESObject]
[18:46:01.126] [115628] [I] Found unhandled type:	(TESNPC*)	.?AVBaseFormComponent@@ [BaseFormComponent]
[18:46:01.126] [115628] [I] Found unhandled type:	(TESNPC*)	.?AVTESActorBaseData@@ [TESActorBaseData]
[18:46:01.126] [115628] [I] Found unhandled type:	(TESNPC*)	.?AVBaseFormComponent@@ [BaseFormComponent]
[18:46:01.126] [115628] [I] Found unhandled type:	(TESNPC*)	.?AVTESContainer@@ [TESContainer]
[18:46:01.126] [115628] [I] Found unhandled type:	(TESNPC*)	.?AVBaseFormComponent@@ [BaseFormComponent]
[18:46:01.126] [115628] [I] Found unhandled type:	(TESNPC*)	.?AVTESSpellList@@ [TESSpellList]
[18:46:01.126] [115628] [I] Found unhandled type:	(TESNPC*)	.?AVBaseFormComponent@@ [BaseFormComponent]
[18:46:01.127] [115628] [I] Found unhandled type:	(TESNPC*)	.?AVTESAIForm@@ [TESAIForm]
[18:46:01.127] [115628] [I] Found unhandled type:	(TESNPC*)	.?AVBaseFormComponent@@ [BaseFormComponent]
[18:46:01.127] [115628] [I] Found unhandled type:	(TESNPC*)	.?AVBaseFormComponent@@ [BaseFormComponent]
[18:46:01.127] [115628] [I] Found unhandled type:	(TESNPC*)	.?AVActorValueOwner@@ [ActorValueOwner]
[18:46:01.127] [115628] [I] Found unhandled type:	(TESNPC*)	.?AVBGSDestructibleObjectForm@@ [BGSDestructibleObjectForm]
[18:46:01.127] [115628] [I] Found unhandled type:	(TESNPC*)	.?AVBaseFormComponent@@ [BaseFormComponent]
[18:46:01.127] [115628] [I] Found unhandled type:	(TESNPC*)	.?AVBGSSkinForm@@ [BGSSkinForm]
[18:46:01.127] [115628] [I] Found unhandled type:	(TESNPC*)	.?AVBaseFormComponent@@ [BaseFormComponent]
[18:46:01.127] [115628] [I] Found unhandled type:	(TESNPC*)	.?AVBGSKeywordForm@@ [BGSKeywordForm]
[18:46:01.127] [115628] [I] Found unhandled type:	(TESNPC*)	.?AVBaseFormComponent@@ [BaseFormComponent]
[18:46:01.127] [115628] [I] Found unhandled type:	(TESNPC*)	.?AVBGSAttackDataForm@@ [BGSAttackDataForm]
[18:46:01.127] [115628] [I] Found unhandled type:	(TESNPC*)	.?AVBaseFormComponent@@ [BaseFormComponent]
[18:46:01.127] [115628] [I] Found unhandled type:	(TESNPC*)	.?AVBGSPerkRankArray@@ [BGSPerkRankArray]
[18:46:01.127] [115628] [I] Found unhandled type:	(TESNPC*)	.?AVBaseFormComponent@@ [BaseFormComponent]
[18:46:01.127] [115628] [I] Found unhandled type:	(TESNPC*)	.?AVTESRaceForm@@ [TESRaceForm]
[18:46:01.127] [115628] [I] Found unhandled type:	(TESNPC*)	.?AVBaseFormComponent@@ [BaseFormComponent]
[18:46:01.126] [122584] [I] Found unhandled type:	(Character*)	.?AVBaseFormComponent@@ [BaseFormComponent]
[18:46:01.127] [115628] [I] Found unhandled type:	(TESNPC*)	.?AVBGSOverridePackCollection@@ [BGSOverridePackCollection]
[18:46:01.127] [122584] [I] Found unhandled type:	(Character*)	.?AVBSHandleRefObject@@ [BSHandleRefObject]
[18:46:01.127] [115628] [I] Found unhandled type:	(TESNPC*)	.?AVBaseFormComponent@@ [BaseFormComponent]
[18:46:01.127] [122584] [I] Found unhandled type:	(Character*)	.?AVNiRefObject@@ [NiRefObject]
[18:46:01.127] [115628] [I] Found unhandled type:	(TESNPC*)	.?AV?$BSTEventSink@VMenuOpenCloseEvent@@@@ [BSTEventSink<MenuOpenCloseEvent>]
[18:46:01.127] [122584] [I] Found unhandled type:	(Character*)	.?AV?$BSTEventSink@UBSAnimationGraphEvent@@@@ [BSTEventSink<BSAnimationGraphEvent>]
[18:46:01.127] [122584] [I] Found unhandled type:	(Character*)	.?AVIAnimationGraphManagerHolder@@ [IAnimationGraphManagerHolder]
[18:46:01.127] [122584] [I] Found unhandled type:	(Character*)	.?AVMagicTarget@@ [MagicTarget]
[18:46:01.127] [122584] [I] Found unhandled type:	(Character*)	.?AVActorValueOwner@@ [ActorValueOwner]
[18:46:01.127] [122584] [I] Found unhandled type:	(Character*)	.?AVActorState@@ [ActorState]
[18:46:01.127] [122584] [I] Found unhandled type:	(Character*)	.?AUIMovementState@@ [IMovementState]
[18:46:01.127] [122584] [I] Found unhandled type:	(Character*)	.?AUIMovementInterface@@ [IMovementInterface]
[18:46:01.127] [122584] [I] Found unhandled type:	(Character*)	.?AV?$BSTEventSink@VBSTransformDeltaEvent@@@@ [BSTEventSink<BSTransformDeltaEvent>]
[18:46:01.127] [122584] [I] Found unhandled type:	(Character*)	.?AV?$BSTEventSink@VbhkCharacterMoveFinishEvent@@@@ [BSTEventSink<bhkCharacterMoveFinishEvent>]
[18:46:01.127] [122584] [I] Found unhandled type:	(Character*)	.?AVIPostAnimationChannelUpdateFunctor@@ [IPostAnimationChannelUpdateFunctor]
[18:46:01.128] [110936] [I] Attempting to load pdb for H:/SteamLibrary/steamapps/common/Skyrim Special Edition/SkyrimSE.exe+0432375 (searchPath Data/SKSE/Plugins)
[18:46:01.146] [110936] [I] Failed to open pdb for dll H:/SteamLibrary/steamapps/common/Skyrim Special Edition/SkyrimSE.exe+0432375	PDB signature mismatch
[18:46:01.147] [116428] [I] Attempting to load pdb for H:/SteamLibrary/steamapps/common/Skyrim Special Edition/SkyrimSE.exe+3272E98 (searchPath Data/SKSE/Plugins)
[18:46:01.166] [116428] [I] Failed to open pdb for dll H:/SteamLibrary/steamapps/common/Skyrim Special Edition/SkyrimSE.exe+3272E98	PDB signature mismatch
[18:46:01.167] [117996] [I] Attempting to load pdb for H:/SteamLibrary/steamapps/common/Skyrim Special Edition/data/SKSE/Plugins/hdtSMP64.dll+00DA054 (searchPath Data/SKSE/Plugins)
[18:46:01.177] [117996] [I] Successfully opened pdb for dll H:/SteamLibrary/steamapps/common/Skyrim Special Edition/data/SKSE/Plugins/hdtSMP64.dll+00DA054 from H:\SteamLibrary\steamapps\common\Skyrim Special Edition\data\SKSE\Plugins\hdtSMP64.pdb
[18:46:01.187] [117996] [I] Symbol returning:  G:\source\hdtsmp-working\HDTSMP-Sandbox\Flex for 1.6.1170 - .8.00.17\hdtSMP64\Hooks.cpp:79 void hdt::BSFaceGenNiNodeEx::SkinAllGeometryCalls(NiNode *,BSGeometry *,char) [?SkinAllGeometryCalls@BSFaceGenNiNodeEx@hdt@@QEAAXPEAVNiNode@@PEAVBSGeometry@@D@Z]
[18:46:01.187] [117996] [I] Public symbol found for H:/SteamLibrary/steamapps/common/Skyrim Special Edition/data/SKSE/Plugins/hdtSMP64.dll+00DA054:  G:\source\hdtsmp-working\HDTSMP-Sandbox\Flex for 1.6.1170 - .8.00.17\hdtSMP64\Hooks.cpp:79 void hdt::BSFaceGenNiNodeEx::SkinAllGeometryCalls(NiNode *,BSGeometry *,char) [?SkinAllGeometryCalls@BSFaceGenNiNodeEx@hdt@@QEAAXPEAVNiNode@@PEAVBSGeometry@@D@Z]
[18:46:01.189] [119092] [I] Attempting to load pdb for H:/SteamLibrary/steamapps/common/Skyrim Special Edition/data/SKSE/Plugins/hdtSMP64.dll+00DA3FC (searchPath Data/SKSE/Plugins)
[18:46:01.198] [119092] [I] Successfully opened pdb for dll H:/SteamLibrary/steamapps/common/Skyrim Special Edition/data/SKSE/Plugins/hdtSMP64.dll+00DA3FC from H:\SteamLibrary\steamapps\common\Skyrim Special Edition\data\SKSE\Plugins\hdtSMP64.pdb
[18:46:01.209] [119092] [I] Symbol returning:  G:\source\hdtsmp-working\HDTSMP-Sandbox\Flex for 1.6.1170 - .8.00.17\hdtSMP64\Hooks.cpp:135 void hdt::BSFaceGenNiNodeEx::SkinAllGeometry(NiNode *,BSGeometry *,char) [?SkinAllGeometry@BSFaceGenNiNodeEx@hdt@@QEAAXPEAVNiNode@@PEAVBSGeometry@@D@Z] G:\source\hdtsmp-working\HDTSMP-Sandbox\Flex for 1.6.1170 - .8.00.17\hdtSMP64\Hooks.cpp:164 void hdt::BSFaceGenNiNodeEx::SkinAllGeometry(NiNode *,BSGeometry *,char) [?SkinAllGeometry@BSFaceGenNiNodeEx@hdt@@QEAAXPEAVNiNode@@PEAVBSGeometry@@D@Z]
[18:46:01.209] [119092] [I] Public symbol found for H:/SteamLibrary/steamapps/common/Skyrim Special Edition/data/SKSE/Plugins/hdtSMP64.dll+00DA3FC:  G:\source\hdtsmp-working\HDTSMP-Sandbox\Flex for 1.6.1170 - .8.00.17\hdtSMP64\Hooks.cpp:135 void hdt::BSFaceGenNiNodeEx::SkinAllGeometry(NiNode *,BSGeometry *,char) [?SkinAllGeometry@BSFaceGenNiNodeEx@hdt@@QEAAXPEAVNiNode@@PEAVBSGeometry@@D@Z] G:\source\hdtsmp-working\HDTSMP-Sandbox\Flex for 1.6.1170 - .8.00.17\hdtSMP64\Hooks.cpp:164 void hdt::BSFaceGenNiNodeEx::SkinAllGeometry(NiNode *,BSGeometry *,char) [?SkinAllGeometry@BSFaceGenNiNodeEx@hdt@@QEAAXPEAVNiNode@@PEAVBSGeometry@@D@Z]
[18:46:01.210] [118348] [I] Attempting to load pdb for H:/SteamLibrary/steamapps/common/Skyrim Special Edition/SkyrimSE.exe+0D26568 (searchPath Data/SKSE/Plugins)
[18:46:01.229] [118348] [I] Failed to open pdb for dll H:/SteamLibrary/steamapps/common/Skyrim Special Edition/SkyrimSE.exe+0D26568	PDB signature mismatch
[18:46:01.229] [118348] [I] Found unhandled type:	(BSJobs::JobThread*)	.?AVJobThread@BSJobs@@ [BSJobs::JobThread]
[18:46:01.229] [118348] [I] Found unhandled type:	(BSJobs::JobThread*)	.?AVBSThread@@ [BSThread]
[18:46:01.230] [117200] [I] Attempting to load pdb for H:/SteamLibrary/steamapps/common/Skyrim Special Edition/SkyrimSE.exe+1768100 (searchPath Data/SKSE/Plugins)
[18:46:01.249] [117200] [I] Failed to open pdb for dll H:/SteamLibrary/steamapps/common/Skyrim Special Edition/SkyrimSE.exe+1768100	PDB signature mismatch
[18:46:01.250] [122732] [I] Attempting to load pdb for H:/SteamLibrary/steamapps/common/Skyrim Special Edition/SkyrimSE.exe+03BCCE1 (searchPath Data/SKSE/Plugins)
[18:46:01.269] [122732] [I] Failed to open pdb for dll H:/SteamLibrary/steamapps/common/Skyrim Special Edition/SkyrimSE.exe+03BCCE1	PDB signature mismatch
[18:46:01.270] [123128] [I] Attempting to load pdb for H:/SteamLibrary/steamapps/common/Skyrim Special Edition/data/skse/plugins/MuJointFix.dll+0026086 (searchPath Data/SKSE/Plugins)
[18:46:01.274] [123128] [I] Successfully opened pdb for dll H:/SteamLibrary/steamapps/common/Skyrim Special Edition/data/skse/plugins/MuJointFix.dll+0026086 from H:\SteamLibrary\steamapps\common\Skyrim Special Edition\data\skse\plugins\MuJointFix.pdb
[18:46:01.277] [123128] [I] Symbol returning:  D:\VS\MuJointFix\src\Hook.cpp:19 void Mus::onFaceGen(RE::BSFaceGenNiNode *,RE::NiNode *,RE::BSGeometry *,char) [?onFaceGen@Mus@@YAXPEAVBSFaceGenNiNode@RE@@PEAVNiNode@3@PEAVBSGeometry@3@D@Z] D:\VS\MuJointFix\src\Hook.cpp:30 void Mus::onFaceGen(RE::BSFaceGenNiNode *,RE::NiNode *,RE::BSGeometry *,char) [?onFaceGen@Mus@@YAXPEAVBSFaceGenNiNode@RE@@PEAVNiNode@3@PEAVBSGeometry@3@D@Z]
[18:46:01.277] [123128] [I] Public symbol found for H:/SteamLibrary/steamapps/common/Skyrim Special Edition/data/skse/plugins/MuJointFix.dll+0026086:  D:\VS\MuJointFix\src\Hook.cpp:19 void Mus::onFaceGen(RE::BSFaceGenNiNode *,RE::NiNode *,RE::BSGeometry *,char) [?onFaceGen@Mus@@YAXPEAVBSFaceGenNiNode@RE@@PEAVNiNode@3@PEAVBSGeometry@3@D@Z] D:\VS\MuJointFix\src\Hook.cpp:30 void Mus::onFaceGen(RE::BSFaceGenNiNode *,RE::NiNode *,RE::BSGeometry *,char) [?onFaceGen@Mus@@YAXPEAVBSFaceGenNiNode@RE@@PEAVNiNode@3@PEAVBSGeometry@3@D@Z]
[18:46:01.278] [117816] [I] Attempting to load pdb for H:/SteamLibrary/steamapps/common/Skyrim Special Edition/data/SKSE/Plugins/hdtSMP64.dll+019A723 (searchPath Data/SKSE/Plugins)
[18:46:01.288] [117816] [I] Successfully opened pdb for dll H:/SteamLibrary/steamapps/common/Skyrim Special Edition/data/SKSE/Plugins/hdtSMP64.dll+019A723 from H:\SteamLibrary\steamapps\common\Skyrim Special Edition\data\SKSE\Plugins\hdtSMP64.pdb
[18:46:01.300] [117816] [I] Symbol returning:  D:\a\_work\1\s\src\vctools\crt\github\stl\src\mutex.cpp:161 _Mtx_unlock
[18:46:01.300] [117816] [I] Public symbol found for H:/SteamLibrary/steamapps/common/Skyrim Special Edition/data/SKSE/Plugins/hdtSMP64.dll+019A723:  D:\a\_work\1\s\src\vctools\crt\github\stl\src\mutex.cpp:161 _Mtx_unlock
[18:46:01.301] [123132] [I] Attempting to load pdb for H:/SteamLibrary/steamapps/common/Skyrim Special Edition/SkyrimSE.exe+32580C4 (searchPath Data/SKSE/Plugins)
[18:46:01.320] [123132] [I] Failed to open pdb for dll H:/SteamLibrary/steamapps/common/Skyrim Special Edition/SkyrimSE.exe+32580C4	PDB signature mismatch
[18:46:01.321] [121140] [I] Attempting to load pdb for H:/SteamLibrary/steamapps/common/Skyrim Special Edition/SkyrimSE.exe+072773A (searchPath Data/SKSE/Plugins)
[18:46:01.340] [121140] [I] Failed to open pdb for dll H:/SteamLibrary/steamapps/common/Skyrim Special Edition/SkyrimSE.exe+072773A	PDB signature mismatch
[18:46:01.341] [118868] [I] Attempting to load pdb for H:/SteamLibrary/steamapps/common/Skyrim Special Edition/SkyrimSE.exe+32580C0 (searchPath Data/SKSE/Plugins)
[18:46:01.360] [118868] [I] Failed to open pdb for dll H:/SteamLibrary/steamapps/common/Skyrim Special Edition/SkyrimSE.exe+32580C0	PDB signature mismatch
[18:46:01.361] [119076] [I] Attempting to load pdb for H:/SteamLibrary/steamapps/common/Skyrim Special Edition/SkyrimSE.exe+06E3D93 (searchPath Data/SKSE/Plugins)
[18:46:01.380] [119076] [I] Failed to open pdb for dll H:/SteamLibrary/steamapps/common/Skyrim Special Edition/SkyrimSE.exe+06E3D93	PDB signature mismatch
[18:46:01.381] [123144] [I] Attempting to load pdb for H:/SteamLibrary/steamapps/common/Skyrim Special Edition/SkyrimSE.exe+32580C8 (searchPath Data/SKSE/Plugins)
[18:46:01.400] [123144] [I] Failed to open pdb for dll H:/SteamLibrary/steamapps/common/Skyrim Special Edition/SkyrimSE.exe+32580C8	PDB signature mismatch
[18:46:01.401] [83272] [I] Attempting to load pdb for H:/SteamLibrary/steamapps/common/Skyrim Special Edition/skse64_1_6_1170.dll+000DEFF (searchPath Data/SKSE/Plugins)
[18:46:01.424] [83272] [I] Failed to open pdb for dll H:/SteamLibrary/steamapps/common/Skyrim Special Edition/skse64_1_6_1170.dll+000DEFF	PDB signature mismatch
[18:46:01.425] [117796] [I] Attempting to load pdb for H:/SteamLibrary/steamapps/common/Skyrim Special Edition/SkyrimSE.exe+32580C8 (searchPath Data/SKSE/Plugins)
[18:46:01.444] [117796] [I] Failed to open pdb for dll H:/SteamLibrary/steamapps/common/Skyrim Special Edition/SkyrimSE.exe+32580C8	PDB signature mismatch
[18:46:01.445] [122456] [I] Attempting to load pdb for H:/SteamLibrary/steamapps/common/Skyrim Special Edition/SkyrimSE.exe+07270AC (searchPath Data/SKSE/Plugins)
[18:46:01.464] [122456] [I] Failed to open pdb for dll H:/SteamLibrary/steamapps/common/Skyrim Special Edition/SkyrimSE.exe+07270AC	PDB signature mismatch
[18:46:01.466] [123140] [I] Attempting to load pdb for H:/SteamLibrary/steamapps/common/Skyrim Special Edition/SkyrimSE.exe+20FC2E8 (searchPath Data/SKSE/Plugins)
[18:46:01.484] [123140] [I] Failed to open pdb for dll H:/SteamLibrary/steamapps/common/Skyrim Special Edition/SkyrimSE.exe+20FC2E8	PDB signature mismatch
[18:46:01.486] [123148] [I] Attempting to load pdb for H:/SteamLibrary/steamapps/common/Skyrim Special Edition/data/SKSE/Plugins/DynamicBodyDistribution.dll+00434A8 (searchPath Data/SKSE/Plugins)
[18:46:01.491] [123148] [I] Successfully opened pdb for dll H:/SteamLibrary/steamapps/common/Skyrim Special Edition/data/SKSE/Plugins/DynamicBodyDistribution.dll+00434A8 from H:\SteamLibrary\steamapps\common\Skyrim Special Edition\data\SKSE\Plugins\DynamicBodyDistribution.pdb
[18:46:01.497] [123148] [I] Symbol returning:  C:\Development\skse64\DynamicBodyDistribution\src\DBD\Hooks\Hooks.cpp:45 static void DBD::Hooks::DoReset3D(RE::Actor &,bool) [?DoReset3D@Hooks@DBD@@CAXAEAVActor@RE@@_N@Z]
[18:46:01.497] [123148] [I] Public symbol found for H:/SteamLibrary/steamapps/common/Skyrim Special Edition/data/SKSE/Plugins/DynamicBodyDistribution.dll+00434A8:  C:\Development\skse64\DynamicBodyDistribution\src\DBD\Hooks\Hooks.cpp:45 static void DBD::Hooks::DoReset3D(RE::Actor &,bool) [?DoReset3D@Hooks@DBD@@CAXAEAVActor@RE@@_N@Z]
[18:46:01.499] [104464] [I] Attempting to load pdb for H:/SteamLibrary/steamapps/common/Skyrim Special Edition/data/SKSE/Plugins/DynamicBodyDistribution.dll+0043480 (searchPath Data/SKSE/Plugins)
[18:46:01.504] [104464] [I] Successfully opened pdb for dll H:/SteamLibrary/steamapps/common/Skyrim Special Edition/data/SKSE/Plugins/DynamicBodyDistribution.dll+0043480 from H:\SteamLibrary\steamapps\common\Skyrim Special Edition\data\SKSE\Plugins\DynamicBodyDistribution.pdb
[18:46:01.510] [104464] [I] Symbol returning:  C:\Development\skse64\DynamicBodyDistribution\src\DBD\Hooks\Hooks.cpp:42 static void DBD::Hooks::DoReset3D(RE::Actor &,bool) [?DoReset3D@Hooks@DBD@@CAXAEAVActor@RE@@_N@Z]
[18:46:01.510] [104464] [I] Public symbol found for H:/SteamLibrary/steamapps/common/Skyrim Special Edition/data/SKSE/Plugins/DynamicBodyDistribution.dll+0043480:  C:\Development\skse64\DynamicBodyDistribution\src\DBD\Hooks\Hooks.cpp:42 static void DBD::Hooks::DoReset3D(RE::Actor &,bool) [?DoReset3D@Hooks@DBD@@CAXAEAVActor@RE@@_N@Z]
[18:46:01.511] [123136] [I] Attempting to load pdb for H:/SteamLibrary/steamapps/common/Skyrim Special Edition/SkyrimSE.exe+32580C4 (searchPath Data/SKSE/Plugins)
[18:46:01.530] [123136] [I] Failed to open pdb for dll H:/SteamLibrary/steamapps/common/Skyrim Special Edition/SkyrimSE.exe+32580C4	PDB signature mismatch
[18:46:01.531] [122376] [I] Attempting to load pdb for H:/SteamLibrary/steamapps/common/Skyrim Special Edition/SkyrimSE.exe+32580C0 (searchPath Data/SKSE/Plugins)
[18:46:01.550] [122376] [I] Failed to open pdb for dll H:/SteamLibrary/steamapps/common/Skyrim Special Edition/SkyrimSE.exe+32580C0	PDB signature mismatch
[18:46:01.551] [122364] [I] Attempting to load pdb for H:/SteamLibrary/steamapps/common/Skyrim Special Edition/SkyrimSE.exe+32580C8 (searchPath Data/SKSE/Plugins)
[18:46:01.570] [122364] [I] Failed to open pdb for dll H:/SteamLibrary/steamapps/common/Skyrim Special Edition/SkyrimSE.exe+32580C8	PDB signature mismatch
[18:46:01.571] [118880] [I] Attempting to load pdb for H:/SteamLibrary/steamapps/common/Skyrim Special Edition/SkyrimSE.exe+325B5D8 (searchPath Data/SKSE/Plugins)
[18:46:01.590] [118880] [I] Failed to open pdb for dll H:/SteamLibrary/steamapps/common/Skyrim Special Edition/SkyrimSE.exe+325B5D8	PDB signature mismatch
[18:46:01.591] [120952] [I] Attempting to load pdb for H:/SteamLibrary/steamapps/common/Skyrim Special Edition/SkyrimSE.exe+325B5D8 (searchPath Data/SKSE/Plugins)
[18:46:01.615] [120952] [I] Failed to open pdb for dll H:/SteamLibrary/steamapps/common/Skyrim Special Edition/SkyrimSE.exe+325B5D8	PDB signature mismatch
[18:46:01.616] [123248] [I] Attempting to load pdb for H:/SteamLibrary/steamapps/common/Skyrim Special Edition/SkyrimSE.exe+0647A01 (searchPath Data/SKSE/Plugins)
[18:46:01.634] [123248] [I] Failed to open pdb for dll H:/SteamLibrary/steamapps/common/Skyrim Special Edition/SkyrimSE.exe+0647A01	PDB signature mismatch
[18:46:01.636] [115628] [I] Attempting to load pdb for H:/SteamLibrary/steamapps/common/Skyrim Special Edition/SkyrimSE.exe+325B5D8 (searchPath Data/SKSE/Plugins)
[18:46:01.654] [115628] [I] Failed to open pdb for dll H:/SteamLibrary/steamapps/common/Skyrim Special Edition/SkyrimSE.exe+325B5D8	PDB signature mismatch
[18:46:01.655] [119944] [I] Attempting to load pdb for H:/SteamLibrary/steamapps/common/Skyrim Special Edition/SkyrimSE.exe+06D356F (searchPath Data/SKSE/Plugins)
[18:46:01.674] [119944] [I] Failed to open pdb for dll H:/SteamLibrary/steamapps/common/Skyrim Special Edition/SkyrimSE.exe+06D356F	PDB signature mismatch
[18:46:01.675] [122584] [I] Attempting to load pdb for H:/SteamLibrary/steamapps/common/Skyrim Special Edition/SkyrimSE.exe+325B5D8 (searchPath Data/SKSE/Plugins)
[18:46:01.694] [122584] [I] Failed to open pdb for dll H:/SteamLibrary/steamapps/common/Skyrim Special Edition/SkyrimSE.exe+325B5D8	PDB signature mismatch
[18:46:01.696] [110936] [I] Attempting to load pdb for H:/SteamLibrary/steamapps/common/Skyrim Special Edition/SkyrimSE.exe+07766D4 (searchPath Data/SKSE/Plugins)
[18:46:01.714] [110936] [I] Failed to open pdb for dll H:/SteamLibrary/steamapps/common/Skyrim Special Edition/SkyrimSE.exe+07766D4	PDB signature mismatch
[18:46:01.716] [116428] [I] Attempting to load pdb for H:/SteamLibrary/steamapps/common/Skyrim Special Edition/SkyrimSE.exe+0CF7888 (searchPath Data/SKSE/Plugins)
[18:46:01.734] [116428] [I] Failed to open pdb for dll H:/SteamLibrary/steamapps/common/Skyrim Special Edition/SkyrimSE.exe+0CF7888	PDB signature mismatch
[18:46:01.736] [117996] [I] Attempting to load pdb for H:/SteamLibrary/steamapps/common/Skyrim Special Edition/SkyrimSE.exe+325B5D8 (searchPath Data/SKSE/Plugins)
[18:46:01.754] [117996] [I] Failed to open pdb for dll H:/SteamLibrary/steamapps/common/Skyrim Special Edition/SkyrimSE.exe+325B5D8	PDB signature mismatch
[18:46:01.756] [119092] [I] Attempting to load pdb for C:/WINDOWS/System32/KERNELBASE.dll+006567B (searchPath Data/SKSE/Plugins)
[18:46:01.756] [119092] [I] Failed to open pdb for dll C:/WINDOWS/System32/KERNELBASE.dll+006567B	PDB signature mismatch
[18:46:01.758] [118348] [I] Attempting to load pdb for H:/SteamLibrary/steamapps/common/Skyrim Special Edition/SkyrimSE.exe+325B588 (searchPath Data/SKSE/Plugins)
[18:46:01.776] [118348] [I] Failed to open pdb for dll H:/SteamLibrary/steamapps/common/Skyrim Special Edition/SkyrimSE.exe+325B588	PDB signature mismatch
[18:46:01.777] [117200] [I] Attempting to load pdb for H:/SteamLibrary/steamapps/common/Skyrim Special Edition/SkyrimSE.exe+326D900 (searchPath Data/SKSE/Plugins)
[18:46:01.796] [117200] [I] Failed to open pdb for dll H:/SteamLibrary/steamapps/common/Skyrim Special Edition/SkyrimSE.exe+326D900	PDB signature mismatch
[18:46:01.797] [122732] [I] Attempting to load pdb for H:/SteamLibrary/steamapps/common/Skyrim Special Edition/SkyrimSE.exe+0CF7E51 (searchPath Data/SKSE/Plugins)
[18:46:01.816] [122732] [I] Failed to open pdb for dll H:/SteamLibrary/steamapps/common/Skyrim Special Edition/SkyrimSE.exe+0CF7E51	PDB signature mismatch
[18:46:01.817] [123128] [I] Attempting to load pdb for H:/SteamLibrary/steamapps/common/Skyrim Special Edition/SkyrimSE.exe+0CF61DA (searchPath Data/SKSE/Plugins)
[18:46:01.836] [123128] [I] Failed to open pdb for dll H:/SteamLibrary/steamapps/common/Skyrim Special Edition/SkyrimSE.exe+0CF61DA	PDB signature mismatch
[18:46:01.838] [123192] [I] Attempting to load pdb for H:/SteamLibrary/steamapps/common/Skyrim Special Edition/SkyrimSE.exe+325B501 (searchPath Data/SKSE/Plugins)
[18:46:01.856] [123192] [I] Failed to open pdb for dll H:/SteamLibrary/steamapps/common/Skyrim Special Edition/SkyrimSE.exe+325B501	PDB signature mismatch
[18:46:01.857] [117816] [I] Attempting to load pdb for H:/SteamLibrary/steamapps/common/Skyrim Special Edition/SkyrimSE.exe+0CD0DBD (searchPath Data/SKSE/Plugins)
[18:46:01.876] [117816] [I] Failed to open pdb for dll H:/SteamLibrary/steamapps/common/Skyrim Special Edition/SkyrimSE.exe+0CD0DBD	PDB signature mismatch
[18:46:01.878] [123132] [I] Attempting to load pdb for H:/SteamLibrary/steamapps/common/Skyrim Special Edition/SkyrimSE.exe+31CC370 (searchPath Data/SKSE/Plugins)
[18:46:01.896] [123132] [I] Failed to open pdb for dll H:/SteamLibrary/steamapps/common/Skyrim Special Edition/SkyrimSE.exe+31CC370	PDB signature mismatch
[18:46:01.898] [121140] [I] Attempting to load pdb for C:/WINDOWS/System32/KERNEL32.DLL+001259D (searchPath Data/SKSE/Plugins)
[18:46:01.898] [121140] [I] Failed to open pdb for dll C:/WINDOWS/System32/KERNEL32.DLL+001259D	PDB signature mismatch
[18:46:01.900] [118868] [I] Attempting to load pdb for C:/WINDOWS/SYSTEM32/ntdll.dll+005AF78 (searchPath Data/SKSE/Plugins)
[18:46:01.901] [118868] [I] Failed to open pdb for dll C:/WINDOWS/SYSTEM32/ntdll.dll+005AF78	PDB signature mismatch
[18:46:01.902] [119076] [I] Attempting to load pdb for C:/WINDOWS/System32/KERNELBASE.dll+0181A60 (searchPath Data/SKSE/Plugins)
[18:46:01.903] [119076] [I] Failed to open pdb for dll C:/WINDOWS/System32/KERNELBASE.dll+0181A60	PDB signature mismatch
[18:46:01.995] [110936] [I] Attempting to load pdb for H:/SteamLibrary/steamapps/common/Skyrim Special Edition/SkyrimSE.exe+0CEC9C8 (searchPath Data/SKSE/Plugins)
[18:46:02.013] [110936] [I] Failed to open pdb for dll H:/SteamLibrary/steamapps/common/Skyrim Special Edition/SkyrimSE.exe+0CEC9C8	PDB signature mismatch
[18:46:02.015] [110936] [I] Attempting to load pdb for H:/SteamLibrary/steamapps/common/Skyrim Special Edition/SkyrimSE.exe+0CEC9C8 (searchPath Data/SKSE/Plugins)
[18:46:02.034] [110936] [I] Failed to open pdb for dll H:/SteamLibrary/steamapps/common/Skyrim Special Edition/SkyrimSE.exe+0CEC9C8	PDB signature mismatch
[18:46:02.035] [110936] [I] Attempting to load pdb for H:/SteamLibrary/steamapps/common/Skyrim Special Edition/SkyrimSE.exe+0432375 (searchPath Data/SKSE/Plugins)
[18:46:02.053] [110936] [I] Failed to open pdb for dll H:/SteamLibrary/steamapps/common/Skyrim Special Edition/SkyrimSE.exe+0432375	PDB signature mismatch
[18:46:02.055] [110936] [I] Attempting to load pdb for H:/SteamLibrary/steamapps/common/Skyrim Special Edition/SkyrimSE.exe+0432375 (searchPath Data/SKSE/Plugins)
[18:46:02.073] [110936] [I] Failed to open pdb for dll H:/SteamLibrary/steamapps/common/Skyrim Special Edition/SkyrimSE.exe+0432375	PDB signature mismatch
[18:46:02.075] [110936] [I] Attempting to load pdb for H:/SteamLibrary/steamapps/common/Skyrim Special Edition/data/SKSE/Plugins/hdtSMP64.dll+00DA054 (searchPath Data/SKSE/Plugins)
[18:46:02.085] [110936] [I] Successfully opened pdb for dll H:/SteamLibrary/steamapps/common/Skyrim Special Edition/data/SKSE/Plugins/hdtSMP64.dll+00DA054 from H:\SteamLibrary\steamapps\common\Skyrim Special Edition\data\SKSE\Plugins\hdtSMP64.pdb
[18:46:02.096] [110936] [I] Symbol returning:  G:\source\hdtsmp-working\HDTSMP-Sandbox\Flex for 1.6.1170 - .8.00.17\hdtSMP64\Hooks.cpp:79 void hdt::BSFaceGenNiNodeEx::SkinAllGeometryCalls(NiNode *,BSGeometry *,char) [?SkinAllGeometryCalls@BSFaceGenNiNodeEx@hdt@@QEAAXPEAVNiNode@@PEAVBSGeometry@@D@Z]
[18:46:02.096] [110936] [I] Public symbol found for H:/SteamLibrary/steamapps/common/Skyrim Special Edition/data/SKSE/Plugins/hdtSMP64.dll+00DA054:  G:\source\hdtsmp-working\HDTSMP-Sandbox\Flex for 1.6.1170 - .8.00.17\hdtSMP64\Hooks.cpp:79 void hdt::BSFaceGenNiNodeEx::SkinAllGeometryCalls(NiNode *,BSGeometry *,char) [?SkinAllGeometryCalls@BSFaceGenNiNodeEx@hdt@@QEAAXPEAVNiNode@@PEAVBSGeometry@@D@Z]
[18:46:02.097] [110936] [I] Attempting to load pdb for H:/SteamLibrary/steamapps/common/Skyrim Special Edition/data/SKSE/Plugins/hdtSMP64.dll+00DA054 (searchPath Data/SKSE/Plugins)
[18:46:02.109] [110936] [I] Successfully opened pdb for dll H:/SteamLibrary/steamapps/common/Skyrim Special Edition/data/SKSE/Plugins/hdtSMP64.dll+00DA054 from H:\SteamLibrary\steamapps\common\Skyrim Special Edition\data\SKSE\Plugins\hdtSMP64.pdb
[18:46:02.138] [110936] [I] Attempting to load pdb for H:/SteamLibrary/steamapps/common/Skyrim Special Edition/data/SKSE/Plugins/hdtSMP64.dll+00DA3FC (searchPath Data/SKSE/Plugins)
[18:46:02.147] [110936] [I] Successfully opened pdb for dll H:/SteamLibrary/steamapps/common/Skyrim Special Edition/data/SKSE/Plugins/hdtSMP64.dll+00DA3FC from H:\SteamLibrary\steamapps\common\Skyrim Special Edition\data\SKSE\Plugins\hdtSMP64.pdb
[18:46:02.157] [110936] [I] Symbol returning:  G:\source\hdtsmp-working\HDTSMP-Sandbox\Flex for 1.6.1170 - .8.00.17\hdtSMP64\Hooks.cpp:135 void hdt::BSFaceGenNiNodeEx::SkinAllGeometry(NiNode *,BSGeometry *,char) [?SkinAllGeometry@BSFaceGenNiNodeEx@hdt@@QEAAXPEAVNiNode@@PEAVBSGeometry@@D@Z] G:\source\hdtsmp-working\HDTSMP-Sandbox\Flex for 1.6.1170 - .8.00.17\hdtSMP64\Hooks.cpp:164 void hdt::BSFaceGenNiNodeEx::SkinAllGeometry(NiNode *,BSGeometry *,char) [?SkinAllGeometry@BSFaceGenNiNodeEx@hdt@@QEAAXPEAVNiNode@@PEAVBSGeometry@@D@Z]
[18:46:02.157] [110936] [I] Public symbol found for H:/SteamLibrary/steamapps/common/Skyrim Special Edition/data/SKSE/Plugins/hdtSMP64.dll+00DA3FC:  G:\source\hdtsmp-working\HDTSMP-Sandbox\Flex for 1.6.1170 - .8.00.17\hdtSMP64\Hooks.cpp:135 void hdt::BSFaceGenNiNodeEx::SkinAllGeometry(NiNode *,BSGeometry *,char) [?SkinAllGeometry@BSFaceGenNiNodeEx@hdt@@QEAAXPEAVNiNode@@PEAVBSGeometry@@D@Z] G:\source\hdtsmp-working\HDTSMP-Sandbox\Flex for 1.6.1170 - .8.00.17\hdtSMP64\Hooks.cpp:164 void hdt::BSFaceGenNiNodeEx::SkinAllGeometry(NiNode *,BSGeometry *,char) [?SkinAllGeometry@BSFaceGenNiNodeEx@hdt@@QEAAXPEAVNiNode@@PEAVBSGeometry@@D@Z]
[18:46:02.159] [110936] [I] Attempting to load pdb for H:/SteamLibrary/steamapps/common/Skyrim Special Edition/data/SKSE/Plugins/hdtSMP64.dll+00DA3FC (searchPath Data/SKSE/Plugins)
[18:46:02.169] [110936] [I] Successfully opened pdb for dll H:/SteamLibrary/steamapps/common/Skyrim Special Edition/data/SKSE/Plugins/hdtSMP64.dll+00DA3FC from H:\SteamLibrary\steamapps\common\Skyrim Special Edition\data\SKSE\Plugins\hdtSMP64.pdb
[18:46:02.194] [110936] [I] Attempting to load pdb for H:/SteamLibrary/steamapps/common/Skyrim Special Edition/data/skse/plugins/MuJointFix.dll+0026086 (searchPath Data/SKSE/Plugins)
[18:46:02.196] [110936] [I] Successfully opened pdb for dll H:/SteamLibrary/steamapps/common/Skyrim Special Edition/data/skse/plugins/MuJointFix.dll+0026086 from H:\SteamLibrary\steamapps\common\Skyrim Special Edition\data\skse\plugins\MuJointFix.pdb
[18:46:02.199] [110936] [I] Symbol returning:  D:\VS\MuJointFix\src\Hook.cpp:19 void Mus::onFaceGen(RE::BSFaceGenNiNode *,RE::NiNode *,RE::BSGeometry *,char) [?onFaceGen@Mus@@YAXPEAVBSFaceGenNiNode@RE@@PEAVNiNode@3@PEAVBSGeometry@3@D@Z] D:\VS\MuJointFix\src\Hook.cpp:30 void Mus::onFaceGen(RE::BSFaceGenNiNode *,RE::NiNode *,RE::BSGeometry *,char) [?onFaceGen@Mus@@YAXPEAVBSFaceGenNiNode@RE@@PEAVNiNode@3@PEAVBSGeometry@3@D@Z]
[18:46:02.199] [110936] [I] Public symbol found for H:/SteamLibrary/steamapps/common/Skyrim Special Edition/data/skse/plugins/MuJointFix.dll+0026086:  D:\VS\MuJointFix\src\Hook.cpp:19 void Mus::onFaceGen(RE::BSFaceGenNiNode *,RE::NiNode *,RE::BSGeometry *,char) [?onFaceGen@Mus@@YAXPEAVBSFaceGenNiNode@RE@@PEAVNiNode@3@PEAVBSGeometry@3@D@Z] D:\VS\MuJointFix\src\Hook.cpp:30 void Mus::onFaceGen(RE::BSFaceGenNiNode *,RE::NiNode *,RE::BSGeometry *,char) [?onFaceGen@Mus@@YAXPEAVBSFaceGenNiNode@RE@@PEAVNiNode@3@PEAVBSGeometry@3@D@Z]
[18:46:02.200] [110936] [I] Attempting to load pdb for H:/SteamLibrary/steamapps/common/Skyrim Special Edition/data/skse/plugins/MuJointFix.dll+0026086 (searchPath Data/SKSE/Plugins)
[18:46:02.203] [110936] [I] Successfully opened pdb for dll H:/SteamLibrary/steamapps/common/Skyrim Special Edition/data/skse/plugins/MuJointFix.dll+0026086 from H:\SteamLibrary\steamapps\common\Skyrim Special Edition\data\skse\plugins\MuJointFix.pdb
[18:46:02.213] [110936] [I] Attempting to load pdb for H:/SteamLibrary/steamapps/common/Skyrim Special Edition/SkyrimSE.exe+03BCCE1 (searchPath Data/SKSE/Plugins)
[18:46:02.231] [110936] [I] Failed to open pdb for dll H:/SteamLibrary/steamapps/common/Skyrim Special Edition/SkyrimSE.exe+03BCCE1	PDB signature mismatch
[18:46:02.232] [110936] [I] Attempting to load pdb for H:/SteamLibrary/steamapps/common/Skyrim Special Edition/SkyrimSE.exe+03BCCE1 (searchPath Data/SKSE/Plugins)
[18:46:02.251] [110936] [I] Failed to open pdb for dll H:/SteamLibrary/steamapps/common/Skyrim Special Edition/SkyrimSE.exe+03BCCE1	PDB signature mismatch
[18:46:02.253] [110936] [I] Attempting to load pdb for H:/SteamLibrary/steamapps/common/Skyrim Special Edition/SkyrimSE.exe+06E3D93 (searchPath Data/SKSE/Plugins)
[18:46:02.271] [110936] [I] Failed to open pdb for dll H:/SteamLibrary/steamapps/common/Skyrim Special Edition/SkyrimSE.exe+06E3D93	PDB signature mismatch
[18:46:02.273] [110936] [I] Attempting to load pdb for H:/SteamLibrary/steamapps/common/Skyrim Special Edition/SkyrimSE.exe+06E3D93 (searchPath Data/SKSE/Plugins)
[18:46:02.291] [110936] [I] Failed to open pdb for dll H:/SteamLibrary/steamapps/common/Skyrim Special Edition/SkyrimSE.exe+06E3D93	PDB signature mismatch
[18:46:02.292] [110936] [I] Attempting to load pdb for H:/SteamLibrary/steamapps/common/Skyrim Special Edition/skse64_1_6_1170.dll+000DEFF (searchPath Data/SKSE/Plugins)
[18:46:02.311] [110936] [I] Failed to open pdb for dll H:/SteamLibrary/steamapps/common/Skyrim Special Edition/skse64_1_6_1170.dll+000DEFF	PDB signature mismatch
[18:46:02.313] [110936] [I] Attempting to load pdb for H:/SteamLibrary/steamapps/common/Skyrim Special Edition/skse64_1_6_1170.dll+000DEFF (searchPath Data/SKSE/Plugins)
[18:46:02.336] [110936] [I] Failed to open pdb for dll H:/SteamLibrary/steamapps/common/Skyrim Special Edition/skse64_1_6_1170.dll+000DEFF	PDB signature mismatch
[18:46:02.337] [110936] [I] Attempting to load pdb for H:/SteamLibrary/steamapps/common/Skyrim Special Edition/SkyrimSE.exe+07270AC (searchPath Data/SKSE/Plugins)
[18:46:02.356] [110936] [I] Failed to open pdb for dll H:/SteamLibrary/steamapps/common/Skyrim Special Edition/SkyrimSE.exe+07270AC	PDB signature mismatch
[18:46:02.357] [110936] [I] Attempting to load pdb for H:/SteamLibrary/steamapps/common/Skyrim Special Edition/SkyrimSE.exe+07270AC (searchPath Data/SKSE/Plugins)
[18:46:02.376] [110936] [I] Failed to open pdb for dll H:/SteamLibrary/steamapps/common/Skyrim Special Edition/SkyrimSE.exe+07270AC	PDB signature mismatch
[18:46:02.377] [110936] [I] Attempting to load pdb for H:/SteamLibrary/steamapps/common/Skyrim Special Edition/data/SKSE/Plugins/DynamicBodyDistribution.dll+00434A8 (searchPath Data/SKSE/Plugins)
[18:46:02.382] [110936] [I] Successfully opened pdb for dll H:/SteamLibrary/steamapps/common/Skyrim Special Edition/data/SKSE/Plugins/DynamicBodyDistribution.dll+00434A8 from H:\SteamLibrary\steamapps\common\Skyrim Special Edition\data\SKSE\Plugins\DynamicBodyDistribution.pdb
[18:46:02.388] [110936] [I] Symbol returning:  C:\Development\skse64\DynamicBodyDistribution\src\DBD\Hooks\Hooks.cpp:45 static void DBD::Hooks::DoReset3D(RE::Actor &,bool) [?DoReset3D@Hooks@DBD@@CAXAEAVActor@RE@@_N@Z]
[18:46:02.388] [110936] [I] Public symbol found for H:/SteamLibrary/steamapps/common/Skyrim Special Edition/data/SKSE/Plugins/DynamicBodyDistribution.dll+00434A8:  C:\Development\skse64\DynamicBodyDistribution\src\DBD\Hooks\Hooks.cpp:45 static void DBD::Hooks::DoReset3D(RE::Actor &,bool) [?DoReset3D@Hooks@DBD@@CAXAEAVActor@RE@@_N@Z]
[18:46:02.389] [110936] [I] Attempting to load pdb for H:/SteamLibrary/steamapps/common/Skyrim Special Edition/data/SKSE/Plugins/DynamicBodyDistribution.dll+00434A8 (searchPath Data/SKSE/Plugins)
[18:46:02.394] [110936] [I] Successfully opened pdb for dll H:/SteamLibrary/steamapps/common/Skyrim Special Edition/data/SKSE/Plugins/DynamicBodyDistribution.dll+00434A8 from H:\SteamLibrary\steamapps\common\Skyrim Special Edition\data\SKSE\Plugins\DynamicBodyDistribution.pdb
[18:46:02.590] [110936] [I] Attempting to load pdb for H:/SteamLibrary/steamapps/common/Skyrim Special Edition/SkyrimSE.exe+0CEC9C8 (searchPath Data/SKSE/Plugins)
[18:46:02.609] [110936] [I] Failed to open pdb for dll H:/SteamLibrary/steamapps/common/Skyrim Special Edition/SkyrimSE.exe+0CEC9C8	PDB signature mismatch
[18:46:02.611] [110936] [I] Attempting to load pdb for H:/SteamLibrary/steamapps/common/Skyrim Special Edition/SkyrimSE.exe+0CEC9C8 (searchPath Data/SKSE/Plugins)
[18:46:02.629] [110936] [I] Failed to open pdb for dll H:/SteamLibrary/steamapps/common/Skyrim Special Edition/SkyrimSE.exe+0CEC9C8	PDB signature mismatch
[18:46:02.630] [110936] [I] Attempting to load pdb for H:/SteamLibrary/steamapps/common/Skyrim Special Edition/SkyrimSE.exe+0432375 (searchPath Data/SKSE/Plugins)
[18:46:02.649] [110936] [I] Failed to open pdb for dll H:/SteamLibrary/steamapps/common/Skyrim Special Edition/SkyrimSE.exe+0432375	PDB signature mismatch
[18:46:02.650] [110936] [I] Attempting to load pdb for H:/SteamLibrary/steamapps/common/Skyrim Special Edition/SkyrimSE.exe+0432375 (searchPath Data/SKSE/Plugins)
[18:46:02.669] [110936] [I] Failed to open pdb for dll H:/SteamLibrary/steamapps/common/Skyrim Special Edition/SkyrimSE.exe+0432375	PDB signature mismatch
[18:46:02.671] [110936] [I] Attempting to load pdb for H:/SteamLibrary/steamapps/common/Skyrim Special Edition/data/SKSE/Plugins/hdtSMP64.dll+00DA054 (searchPath Data/SKSE/Plugins)
[18:46:02.681] [110936] [I] Successfully opened pdb for dll H:/SteamLibrary/steamapps/common/Skyrim Special Edition/data/SKSE/Plugins/hdtSMP64.dll+00DA054 from H:\SteamLibrary\steamapps\common\Skyrim Special Edition\data\SKSE\Plugins\hdtSMP64.pdb
[18:46:02.693] [110936] [I] Symbol returning:  G:\source\hdtsmp-working\HDTSMP-Sandbox\Flex for 1.6.1170 - .8.00.17\hdtSMP64\Hooks.cpp:79 void hdt::BSFaceGenNiNodeEx::SkinAllGeometryCalls(NiNode *,BSGeometry *,char) [?SkinAllGeometryCalls@BSFaceGenNiNodeEx@hdt@@QEAAXPEAVNiNode@@PEAVBSGeometry@@D@Z]
[18:46:02.693] [110936] [I] Public symbol found for H:/SteamLibrary/steamapps/common/Skyrim Special Edition/data/SKSE/Plugins/hdtSMP64.dll+00DA054:  G:\source\hdtsmp-working\HDTSMP-Sandbox\Flex for 1.6.1170 - .8.00.17\hdtSMP64\Hooks.cpp:79 void hdt::BSFaceGenNiNodeEx::SkinAllGeometryCalls(NiNode *,BSGeometry *,char) [?SkinAllGeometryCalls@BSFaceGenNiNodeEx@hdt@@QEAAXPEAVNiNode@@PEAVBSGeometry@@D@Z]
[18:46:02.695] [110936] [I] Attempting to load pdb for H:/SteamLibrary/steamapps/common/Skyrim Special Edition/data/SKSE/Plugins/hdtSMP64.dll+00DA054 (searchPath Data/SKSE/Plugins)
[18:46:02.704] [110936] [I] Successfully opened pdb for dll H:/SteamLibrary/steamapps/common/Skyrim Special Edition/data/SKSE/Plugins/hdtSMP64.dll+00DA054 from H:\SteamLibrary\steamapps\common\Skyrim Special Edition\data\SKSE\Plugins\hdtSMP64.pdb
[18:46:02.730] [110936] [I] Attempting to load pdb for H:/SteamLibrary/steamapps/common/Skyrim Special Edition/data/SKSE/Plugins/hdtSMP64.dll+00DA3FC (searchPath Data/SKSE/Plugins)
[18:46:02.741] [110936] [I] Successfully opened pdb for dll H:/SteamLibrary/steamapps/common/Skyrim Special Edition/data/SKSE/Plugins/hdtSMP64.dll+00DA3FC from H:\SteamLibrary\steamapps\common\Skyrim Special Edition\data\SKSE\Plugins\hdtSMP64.pdb
[18:46:02.752] [110936] [I] Symbol returning:  G:\source\hdtsmp-working\HDTSMP-Sandbox\Flex for 1.6.1170 - .8.00.17\hdtSMP64\Hooks.cpp:135 void hdt::BSFaceGenNiNodeEx::SkinAllGeometry(NiNode *,BSGeometry *,char) [?SkinAllGeometry@BSFaceGenNiNodeEx@hdt@@QEAAXPEAVNiNode@@PEAVBSGeometry@@D@Z] G:\source\hdtsmp-working\HDTSMP-Sandbox\Flex for 1.6.1170 - .8.00.17\hdtSMP64\Hooks.cpp:164 void hdt::BSFaceGenNiNodeEx::SkinAllGeometry(NiNode *,BSGeometry *,char) [?SkinAllGeometry@BSFaceGenNiNodeEx@hdt@@QEAAXPEAVNiNode@@PEAVBSGeometry@@D@Z]
[18:46:02.752] [110936] [I] Public symbol found for H:/SteamLibrary/steamapps/common/Skyrim Special Edition/data/SKSE/Plugins/hdtSMP64.dll+00DA3FC:  G:\source\hdtsmp-working\HDTSMP-Sandbox\Flex for 1.6.1170 - .8.00.17\hdtSMP64\Hooks.cpp:135 void hdt::BSFaceGenNiNodeEx::SkinAllGeometry(NiNode *,BSGeometry *,char) [?SkinAllGeometry@BSFaceGenNiNodeEx@hdt@@QEAAXPEAVNiNode@@PEAVBSGeometry@@D@Z] G:\source\hdtsmp-working\HDTSMP-Sandbox\Flex for 1.6.1170 - .8.00.17\hdtSMP64\Hooks.cpp:164 void hdt::BSFaceGenNiNodeEx::SkinAllGeometry(NiNode *,BSGeometry *,char) [?SkinAllGeometry@BSFaceGenNiNodeEx@hdt@@QEAAXPEAVNiNode@@PEAVBSGeometry@@D@Z]
[18:46:02.754] [110936] [I] Attempting to load pdb for H:/SteamLibrary/steamapps/common/Skyrim Special Edition/data/SKSE/Plugins/hdtSMP64.dll+00DA3FC (searchPath Data/SKSE/Plugins)
[18:46:02.762] [110936] [I] Successfully opened pdb for dll H:/SteamLibrary/steamapps/common/Skyrim Special Edition/data/SKSE/Plugins/hdtSMP64.dll+00DA3FC from H:\SteamLibrary\steamapps\common\Skyrim Special Edition\data\SKSE\Plugins\hdtSMP64.pdb
[18:46:02.787] [110936] [I] Attempting to load pdb for H:/SteamLibrary/steamapps/common/Skyrim Special Edition/data/skse/plugins/MuJointFix.dll+0026086 (searchPath Data/SKSE/Plugins)
[18:46:02.790] [110936] [I] Successfully opened pdb for dll H:/SteamLibrary/steamapps/common/Skyrim Special Edition/data/skse/plugins/MuJointFix.dll+0026086 from H:\SteamLibrary\steamapps\common\Skyrim Special Edition\data\skse\plugins\MuJointFix.pdb
[18:46:02.793] [110936] [I] Symbol returning:  D:\VS\MuJointFix\src\Hook.cpp:19 void Mus::onFaceGen(RE::BSFaceGenNiNode *,RE::NiNode *,RE::BSGeometry *,char) [?onFaceGen@Mus@@YAXPEAVBSFaceGenNiNode@RE@@PEAVNiNode@3@PEAVBSGeometry@3@D@Z] D:\VS\MuJointFix\src\Hook.cpp:30 void Mus::onFaceGen(RE::BSFaceGenNiNode *,RE::NiNode *,RE::BSGeometry *,char) [?onFaceGen@Mus@@YAXPEAVBSFaceGenNiNode@RE@@PEAVNiNode@3@PEAVBSGeometry@3@D@Z]
[18:46:02.793] [110936] [I] Public symbol found for H:/SteamLibrary/steamapps/common/Skyrim Special Edition/data/skse/plugins/MuJointFix.dll+0026086:  D:\VS\MuJointFix\src\Hook.cpp:19 void Mus::onFaceGen(RE::BSFaceGenNiNode *,RE::NiNode *,RE::BSGeometry *,char) [?onFaceGen@Mus@@YAXPEAVBSFaceGenNiNode@RE@@PEAVNiNode@3@PEAVBSGeometry@3@D@Z] D:\VS\MuJointFix\src\Hook.cpp:30 void Mus::onFaceGen(RE::BSFaceGenNiNode *,RE::NiNode *,RE::BSGeometry *,char) [?onFaceGen@Mus@@YAXPEAVBSFaceGenNiNode@RE@@PEAVNiNode@3@PEAVBSGeometry@3@D@Z]
[18:46:02.795] [110936] [I] Attempting to load pdb for H:/SteamLibrary/steamapps/common/Skyrim Special Edition/data/skse/plugins/MuJointFix.dll+0026086 (searchPath Data/SKSE/Plugins)
[18:46:02.797] [110936] [I] Successfully opened pdb for dll H:/SteamLibrary/steamapps/common/Skyrim Special Edition/data/skse/plugins/MuJointFix.dll+0026086 from H:\SteamLibrary\steamapps\common\Skyrim Special Edition\data\skse\plugins\MuJointFix.pdb
[18:46:02.808] [110936] [I] Attempting to load pdb for H:/SteamLibrary/steamapps/common/Skyrim Special Edition/SkyrimSE.exe+03BCCE1 (searchPath Data/SKSE/Plugins)
[18:46:02.827] [110936] [I] Failed to open pdb for dll H:/SteamLibrary/steamapps/common/Skyrim Special Edition/SkyrimSE.exe+03BCCE1	PDB signature mismatch
[18:46:02.828] [110936] [I] Attempting to load pdb for H:/SteamLibrary/steamapps/common/Skyrim Special Edition/SkyrimSE.exe+03BCCE1 (searchPath Data/SKSE/Plugins)
[18:46:02.847] [110936] [I] Failed to open pdb for dll H:/SteamLibrary/steamapps/common/Skyrim Special Edition/SkyrimSE.exe+03BCCE1	PDB signature mismatch
[18:46:02.848] [110936] [I] Attempting to load pdb for H:/SteamLibrary/steamapps/common/Skyrim Special Edition/SkyrimSE.exe+06E3D93 (searchPath Data/SKSE/Plugins)
[18:46:02.867] [110936] [I] Failed to open pdb for dll H:/SteamLibrary/steamapps/common/Skyrim Special Edition/SkyrimSE.exe+06E3D93	PDB signature mismatch
[18:46:02.868] [110936] [I] Attempting to load pdb for H:/SteamLibrary/steamapps/common/Skyrim Special Edition/SkyrimSE.exe+06E3D93 (searchPath Data/SKSE/Plugins)
[18:46:02.887] [110936] [I] Failed to open pdb for dll H:/SteamLibrary/steamapps/common/Skyrim Special Edition/SkyrimSE.exe+06E3D93	PDB signature mismatch
[18:46:02.889] [110936] [I] Attempting to load pdb for H:/SteamLibrary/steamapps/common/Skyrim Special Edition/skse64_1_6_1170.dll+000DEFF (searchPath Data/SKSE/Plugins)
[18:46:02.907] [110936] [I] Failed to open pdb for dll H:/SteamLibrary/steamapps/common/Skyrim Special Edition/skse64_1_6_1170.dll+000DEFF	PDB signature mismatch
[18:46:02.909] [110936] [I] Attempting to load pdb for H:/SteamLibrary/steamapps/common/Skyrim Special Edition/skse64_1_6_1170.dll+000DEFF (searchPath Data/SKSE/Plugins)
[18:46:02.927] [110936] [I] Failed to open pdb for dll H:/SteamLibrary/steamapps/common/Skyrim Special Edition/skse64_1_6_1170.dll+000DEFF	PDB signature mismatch
[18:46:02.929] [110936] [I] Attempting to load pdb for H:/SteamLibrary/steamapps/common/Skyrim Special Edition/SkyrimSE.exe+07270AC (searchPath Data/SKSE/Plugins)
[18:46:02.947] [110936] [I] Failed to open pdb for dll H:/SteamLibrary/steamapps/common/Skyrim Special Edition/SkyrimSE.exe+07270AC	PDB signature mismatch
[18:46:02.948] [110936] [I] Attempting to load pdb for H:/SteamLibrary/steamapps/common/Skyrim Special Edition/SkyrimSE.exe+07270AC (searchPath Data/SKSE/Plugins)
[18:46:02.967] [110936] [I] Failed to open pdb for dll H:/SteamLibrary/steamapps/common/Skyrim Special Edition/SkyrimSE.exe+07270AC	PDB signature mismatch
[18:46:02.969] [110936] [I] Attempting to load pdb for H:/SteamLibrary/steamapps/common/Skyrim Special Edition/data/SKSE/Plugins/DynamicBodyDistribution.dll+00434A8 (searchPath Data/SKSE/Plugins)
[18:46:02.973] [110936] [I] Successfully opened pdb for dll H:/SteamLibrary/steamapps/common/Skyrim Special Edition/data/SKSE/Plugins/DynamicBodyDistribution.dll+00434A8 from H:\SteamLibrary\steamapps\common\Skyrim Special Edition\data\SKSE\Plugins\DynamicBodyDistribution.pdb
[18:46:02.978] [110936] [I] Symbol returning:  C:\Development\skse64\DynamicBodyDistribution\src\DBD\Hooks\Hooks.cpp:45 static void DBD::Hooks::DoReset3D(RE::Actor &,bool) [?DoReset3D@Hooks@DBD@@CAXAEAVActor@RE@@_N@Z]
[18:46:02.978] [110936] [I] Public symbol found for H:/SteamLibrary/steamapps/common/Skyrim Special Edition/data/SKSE/Plugins/DynamicBodyDistribution.dll+00434A8:  C:\Development\skse64\DynamicBodyDistribution\src\DBD\Hooks\Hooks.cpp:45 static void DBD::Hooks::DoReset3D(RE::Actor &,bool) [?DoReset3D@Hooks@DBD@@CAXAEAVActor@RE@@_N@Z]
[18:46:02.979] [110936] [I] Attempting to load pdb for H:/SteamLibrary/steamapps/common/Skyrim Special Edition/data/SKSE/Plugins/DynamicBodyDistribution.dll+00434A8 (searchPath Data/SKSE/Plugins)
[18:46:02.984] [110936] [I] Successfully opened pdb for dll H:/SteamLibrary/steamapps/common/Skyrim Special Edition/data/SKSE/Plugins/DynamicBodyDistribution.dll+00434A8 from H:\SteamLibrary\steamapps\common\Skyrim Special Edition\data\SKSE\Plugins\DynamicBodyDistribution.pdb
[18:46:02.999] [110936] [I] Attempting to load pdb for H:/SteamLibrary/steamapps/common/Skyrim Special Edition/data/SKSE/Plugins/hdtSMP64.dll+019A723 (searchPath Data/SKSE/Plugins)
[18:46:03.009] [110936] [I] Successfully opened pdb for dll H:/SteamLibrary/steamapps/common/Skyrim Special Edition/data/SKSE/Plugins/hdtSMP64.dll+019A723 from H:\SteamLibrary\steamapps\common\Skyrim Special Edition\data\SKSE\Plugins\hdtSMP64.pdb
[18:46:03.021] [110936] [I] Symbol returning:  D:\a\_work\1\s\src\vctools\crt\github\stl\src\mutex.cpp:161 _Mtx_unlock
[18:46:03.021] [110936] [I] Public symbol found for H:/SteamLibrary/steamapps/common/Skyrim Special Edition/data/SKSE/Plugins/hdtSMP64.dll+019A723:  D:\a\_work\1\s\src\vctools\crt\github\stl\src\mutex.cpp:161 _Mtx_unlock
[18:46:03.022] [110936] [I] Attempting to load pdb for H:/SteamLibrary/steamapps/common/Skyrim Special Edition/data/SKSE/Plugins/hdtSMP64.dll+019A723 (searchPath Data/SKSE/Plugins)
[18:46:03.032] [110936] [I] Successfully opened pdb for dll H:/SteamLibrary/steamapps/common/Skyrim Special Edition/data/SKSE/Plugins/hdtSMP64.dll+019A723 from H:\SteamLibrary\steamapps\common\Skyrim Special Edition\data\SKSE\Plugins\hdtSMP64.pdb
[18:46:03.056] [110936] [I] Attempting to load pdb for H:/SteamLibrary/steamapps/common/Skyrim Special Edition/SkyrimSE.exe+0D26568 (searchPath Data/SKSE/Plugins)
[18:46:03.074] [110936] [I] Failed to open pdb for dll H:/SteamLibrary/steamapps/common/Skyrim Special Edition/SkyrimSE.exe+0D26568	PDB signature mismatch
[18:46:03.075] [110936] [I] Attempting to load pdb for H:/SteamLibrary/steamapps/common/Skyrim Special Edition/SkyrimSE.exe+0D26568 (searchPath Data/SKSE/Plugins)
[18:46:03.094] [110936] [I] Failed to open pdb for dll H:/SteamLibrary/steamapps/common/Skyrim Special Edition/SkyrimSE.exe+0D26568	PDB signature mismatch
[18:46:03.095] [110936] [I] Attempting to load pdb for H:/SteamLibrary/steamapps/common/Skyrim Special Edition/SkyrimSE.exe+072773A (searchPath Data/SKSE/Plugins)
[18:46:03.114] [110936] [I] Failed to open pdb for dll H:/SteamLibrary/steamapps/common/Skyrim Special Edition/SkyrimSE.exe+072773A	PDB signature mismatch
[18:46:03.115] [110936] [I] Attempting to load pdb for H:/SteamLibrary/steamapps/common/Skyrim Special Edition/SkyrimSE.exe+072773A (searchPath Data/SKSE/Plugins)
[18:46:03.134] [110936] [I] Failed to open pdb for dll H:/SteamLibrary/steamapps/common/Skyrim Special Edition/SkyrimSE.exe+072773A	PDB signature mismatch
[18:46:03.136] [110936] [I] Attempting to load pdb for H:/SteamLibrary/steamapps/common/Skyrim Special Edition/data/SKSE/Plugins/DynamicBodyDistribution.dll+0043480 (searchPath Data/SKSE/Plugins)
[18:46:03.140] [110936] [I] Successfully opened pdb for dll H:/SteamLibrary/steamapps/common/Skyrim Special Edition/data/SKSE/Plugins/DynamicBodyDistribution.dll+0043480 from H:\SteamLibrary\steamapps\common\Skyrim Special Edition\data\SKSE\Plugins\DynamicBodyDistribution.pdb
[18:46:03.146] [110936] [I] Symbol returning:  C:\Development\skse64\DynamicBodyDistribution\src\DBD\Hooks\Hooks.cpp:42 static void DBD::Hooks::DoReset3D(RE::Actor &,bool) [?DoReset3D@Hooks@DBD@@CAXAEAVActor@RE@@_N@Z]
[18:46:03.146] [110936] [I] Public symbol found for H:/SteamLibrary/steamapps/common/Skyrim Special Edition/data/SKSE/Plugins/DynamicBodyDistribution.dll+0043480:  C:\Development\skse64\DynamicBodyDistribution\src\DBD\Hooks\Hooks.cpp:42 static void DBD::Hooks::DoReset3D(RE::Actor &,bool) [?DoReset3D@Hooks@DBD@@CAXAEAVActor@RE@@_N@Z]
[18:46:03.147] [110936] [I] Attempting to load pdb for H:/SteamLibrary/steamapps/common/Skyrim Special Edition/data/SKSE/Plugins/DynamicBodyDistribution.dll+0043480 (searchPath Data/SKSE/Plugins)
[18:46:03.151] [110936] [I] Successfully opened pdb for dll H:/SteamLibrary/steamapps/common/Skyrim Special Edition/data/SKSE/Plugins/DynamicBodyDistribution.dll+0043480 from H:\SteamLibrary\steamapps\common\Skyrim Special Edition\data\SKSE\Plugins\DynamicBodyDistribution.pdb
[18:46:03.166] [110936] [I] Attempting to load pdb for H:/SteamLibrary/steamapps/common/Skyrim Special Edition/SkyrimSE.exe+0647A01 (searchPath Data/SKSE/Plugins)
[18:46:03.185] [110936] [I] Failed to open pdb for dll H:/SteamLibrary/steamapps/common/Skyrim Special Edition/SkyrimSE.exe+0647A01	PDB signature mismatch
[18:46:03.186] [110936] [I] Attempting to load pdb for H:/SteamLibrary/steamapps/common/Skyrim Special Edition/SkyrimSE.exe+0647A01 (searchPath Data/SKSE/Plugins)
[18:46:03.205] [110936] [I] Failed to open pdb for dll H:/SteamLibrary/steamapps/common/Skyrim Special Edition/SkyrimSE.exe+0647A01	PDB signature mismatch
[18:46:03.207] [110936] [I] Attempting to load pdb for H:/SteamLibrary/steamapps/common/Skyrim Special Edition/SkyrimSE.exe+06D356F (searchPath Data/SKSE/Plugins)
[18:46:03.225] [110936] [I] Failed to open pdb for dll H:/SteamLibrary/steamapps/common/Skyrim Special Edition/SkyrimSE.exe+06D356F	PDB signature mismatch
[18:46:03.227] [110936] [I] Attempting to load pdb for H:/SteamLibrary/steamapps/common/Skyrim Special Edition/SkyrimSE.exe+06D356F (searchPath Data/SKSE/Plugins)
[18:46:03.245] [110936] [I] Failed to open pdb for dll H:/SteamLibrary/steamapps/common/Skyrim Special Edition/SkyrimSE.exe+06D356F	PDB signature mismatch
[18:46:03.246] [110936] [I] Attempting to load pdb for H:/SteamLibrary/steamapps/common/Skyrim Special Edition/SkyrimSE.exe+07766D4 (searchPath Data/SKSE/Plugins)
[18:46:03.265] [110936] [I] Failed to open pdb for dll H:/SteamLibrary/steamapps/common/Skyrim Special Edition/SkyrimSE.exe+07766D4	PDB signature mismatch
[18:46:03.266] [110936] [I] Attempting to load pdb for H:/SteamLibrary/steamapps/common/Skyrim Special Edition/SkyrimSE.exe+07766D4 (searchPath Data/SKSE/Plugins)
[18:46:03.285] [110936] [I] Failed to open pdb for dll H:/SteamLibrary/steamapps/common/Skyrim Special Edition/SkyrimSE.exe+07766D4	PDB signature mismatch
[18:46:03.286] [110936] [I] Attempting to load pdb for H:/SteamLibrary/steamapps/common/Skyrim Special Edition/SkyrimSE.exe+0CF7888 (searchPath Data/SKSE/Plugins)
[18:46:03.305] [110936] [I] Failed to open pdb for dll H:/SteamLibrary/steamapps/common/Skyrim Special Edition/SkyrimSE.exe+0CF7888	PDB signature mismatch
[18:46:03.306] [110936] [I] Attempting to load pdb for H:/SteamLibrary/steamapps/common/Skyrim Special Edition/SkyrimSE.exe+0CF7888 (searchPath Data/SKSE/Plugins)
[18:46:03.325] [110936] [I] Failed to open pdb for dll H:/SteamLibrary/steamapps/common/Skyrim Special Edition/SkyrimSE.exe+0CF7888	PDB signature mismatch
[18:46:03.327] [110936] [I] Attempting to load pdb for C:/WINDOWS/System32/KERNELBASE.dll+006567B (searchPath Data/SKSE/Plugins)
[18:46:03.328] [110936] [I] Failed to open pdb for dll C:/WINDOWS/System32/KERNELBASE.dll+006567B	PDB signature mismatch
[18:46:03.329] [110936] [I] Attempting to load pdb for C:/WINDOWS/System32/KERNELBASE.dll+006567B (searchPath Data/SKSE/Plugins)
[18:46:03.330] [110936] [I] Failed to open pdb for dll C:/WINDOWS/System32/KERNELBASE.dll+006567B	PDB signature mismatch
[18:46:03.331] [110936] [I] Attempting to load pdb for H:/SteamLibrary/steamapps/common/Skyrim Special Edition/SkyrimSE.exe+0CF7E51 (searchPath Data/SKSE/Plugins)
[18:46:03.349] [110936] [I] Failed to open pdb for dll H:/SteamLibrary/steamapps/common/Skyrim Special Edition/SkyrimSE.exe+0CF7E51	PDB signature mismatch
[18:46:03.350] [110936] [I] Attempting to load pdb for H:/SteamLibrary/steamapps/common/Skyrim Special Edition/SkyrimSE.exe+0CF7E51 (searchPath Data/SKSE/Plugins)
[18:46:03.369] [110936] [I] Failed to open pdb for dll H:/SteamLibrary/steamapps/common/Skyrim Special Edition/SkyrimSE.exe+0CF7E51	PDB signature mismatch
[18:46:03.371] [110936] [I] Attempting to load pdb for H:/SteamLibrary/steamapps/common/Skyrim Special Edition/SkyrimSE.exe+0CF61DA (searchPath Data/SKSE/Plugins)
[18:46:03.389] [110936] [I] Failed to open pdb for dll H:/SteamLibrary/steamapps/common/Skyrim Special Edition/SkyrimSE.exe+0CF61DA	PDB signature mismatch
[18:46:03.391] [110936] [I] Attempting to load pdb for H:/SteamLibrary/steamapps/common/Skyrim Special Edition/SkyrimSE.exe+0CF61DA (searchPath Data/SKSE/Plugins)
[18:46:03.409] [110936] [I] Failed to open pdb for dll H:/SteamLibrary/steamapps/common/Skyrim Special Edition/SkyrimSE.exe+0CF61DA	PDB signature mismatch
[18:46:03.411] [110936] [I] Attempting to load pdb for H:/SteamLibrary/steamapps/common/Skyrim Special Edition/SkyrimSE.exe+0CD0DBD (searchPath Data/SKSE/Plugins)
[18:46:03.429] [110936] [I] Failed to open pdb for dll H:/SteamLibrary/steamapps/common/Skyrim Special Edition/SkyrimSE.exe+0CD0DBD	PDB signature mismatch
[18:46:03.431] [110936] [I] Attempting to load pdb for H:/SteamLibrary/steamapps/common/Skyrim Special Edition/SkyrimSE.exe+0CD0DBD (searchPath Data/SKSE/Plugins)
[18:46:03.449] [110936] [I] Failed to open pdb for dll H:/SteamLibrary/steamapps/common/Skyrim Special Edition/SkyrimSE.exe+0CD0DBD	PDB signature mismatch
[18:46:03.451] [110936] [I] Attempting to load pdb for C:/WINDOWS/System32/KERNEL32.DLL+001259D (searchPath Data/SKSE/Plugins)
[18:46:03.451] [110936] [I] Failed to open pdb for dll C:/WINDOWS/System32/KERNEL32.DLL+001259D	PDB signature mismatch
[18:46:03.452] [110936] [I] Attempting to load pdb for C:/WINDOWS/System32/KERNEL32.DLL+001259D (searchPath Data/SKSE/Plugins)
[18:46:03.453] [110936] [I] Failed to open pdb for dll C:/WINDOWS/System32/KERNEL32.DLL+001259D	PDB signature mismatch
[18:46:03.455] [110936] [I] Attempting to load pdb for C:/WINDOWS/SYSTEM32/ntdll.dll+005AF78 (searchPath Data/SKSE/Plugins)
[18:46:03.455] [110936] [I] Failed to open pdb for dll C:/WINDOWS/SYSTEM32/ntdll.dll+005AF78	PDB signature mismatch
[18:46:03.457] [110936] [I] Attempting to load pdb for C:/WINDOWS/SYSTEM32/ntdll.dll+005AF78 (searchPath Data/SKSE/Plugins)
[18:46:03.458] [110936] [I] Failed to open pdb for dll C:/WINDOWS/SYSTEM32/ntdll.dll+005AF78	PDB signature mismatch
[18:46:03.459] [110936] [I] Attempting to load pdb for C:/WINDOWS/System32/KERNELBASE.dll+0181A60 (searchPath Data/SKSE/Plugins)
[18:46:03.460] [110936] [I] Failed to open pdb for dll C:/WINDOWS/System32/KERNELBASE.dll+0181A60	PDB signature mismatch
[18:46:03.461] [110936] [I] Attempting to load pdb for C:/WINDOWS/System32/KERNELBASE.dll+0181A60 (searchPath Data/SKSE/Plugins)
[18:46:03.462] [110936] [I] Failed to open pdb for dll C:/WINDOWS/System32/KERNELBASE.dll+0181A60	PDB signature mismatch
[18:46:03.716] [110936] [I] Attempting to auto-open log: H:\Mayhem's Madness AE\overwrite\SKSE\Plugins\crash-2026-07-20-18-46-01.log
[18:46:03.889] [110936] [I] Successfully auto-opened log with default handler
