[18:44:21.644] [111896] [I] Project Legacy: loaded
[18:44:23.298] [111896] [I] PL: JCNG API v1 linked via JContainers64.dll — registry rides their co-save now
[18:44:53.388] [117796] [I] Project Legacy: Papyrus functions registered.
[18:45:59.968] [117888] [I] PL: gear item Skyrim.esm|0xf x2000640 worn=false
[18:45:59.968] [117888] [I] PL: gear item Skyrim.esm|0xa x1010 worn=false
[18:45:59.968] [117888] [I] PL: gear item Skyrim.esm|0x1397d x0 worn=false
[18:45:59.968] [117888] [I] PL: gear item Skyrim.esm|0x12eb7 x0 worn=false
[18:45:59.968] [117888] [I] PL: gear item Skyrim.esm|0x13790 x0 worn=false
[18:45:59.968] [117888] [I] PL: gear item Skyrim.esm|0x1397e x0 worn=false
[18:45:59.968] [117888] [I] PL: gear item Skyrim.esm|0x3b562 x0 worn=false
[18:45:59.968] [117888] [I] PL: gear item Skyrim.esm|0x1d4ec x0 worn=false
[18:45:59.968] [117888] [I] PL: gear item Skyrim.esm|0x12eb6 x0 worn=false
[18:45:59.968] [117888] [I] PL: gear item Skyrim.esm|0xf86fe x1 worn=false
[18:45:59.968] [117888] [I] PL: gear item Skyrim.esm|0x3eadd x0 worn=false
[18:45:59.968] [117888] [I] PL: gear item Skyrim.esm|0x3eae0 x0 worn=false
[18:45:59.968] [117888] [I] PL: gear item Skyrim.esm|0x3eae5 x0 worn=false
[18:45:59.968] [117888] [I] PL: gear item Skyrim.esm|0x39b4a x0 worn=false
[18:45:59.968] [117888] [I] PL: gear item Skyrim.esm|0x3eb2a x0 worn=false
[18:45:59.968] [117888] [I] PL: gear item Skyrim.esm|0x3eb33 x0 worn=false
[18:45:59.968] [117888] [I] PL: gear item Helgen Reborn.esp|0xd7ade x1 worn=false
[18:45:59.969] [117888] [I] PL: gear item LockMaster.esl|0x800 x1 worn=false
[18:45:59.969] [117888] [I] PL: gear item bm_SimpleAction.esp|0x182e x1 worn=false
[18:45:59.969] [117888] [I] PL: gear item AedraRace.esp|0xc6068 x1 worn=false
[18:45:59.969] [117888] [I] PL: gear item [Melodic] Egyptian Accessory.esp|0x809 x1 worn=false
[18:45:59.969] [117888] [I] PL: gear item DX Fetish Fashion Volume 1 SE.esp|0x85a x1 worn=false
[18:45:59.969] [117888] [I] PL: gear item DX Fetish Fashion Volume 1 SE.esp|0x84c x1 worn=false
[18:45:59.969] [117888] [I] PL: gear item DX Fetish Fashion Volume 1 SE.esp|0x809 x1 worn=false
[18:45:59.969] [117888] [I] PL: gear item _pocketcraftshop.esp|0xd63 x1 worn=false
[18:45:59.969] [117888] [I] PL: gear item Paraphernalia - Ambience Flicker Shadows.esp|0x800 x3 worn=false
[18:45:59.969] [117888] [I] PL: gear item LvxMagicks-Eclipse-Airship.esp|0x536a x1 worn=false
[18:45:59.969] [117888] [I] PL: gear item LvxMagicks-Eclipse-Airship.esp|0xe480d x1 worn=false
[18:45:59.969] [117888] [I] PL: gear item Project Legacy.esp|0x589da x1 worn=false
[18:45:59.969] [117888] [I] PL: gear item Sharkish_Piercings.esp|0x833 x1 worn=false
[18:45:59.969] [117888] [I] PL: gear item Myrtles.esp|0x800 x1 worn=false
[18:45:59.969] [117888] [I] PL: gear item AcquisitiveSoulGemMultithreaded.esp|0x4e0f x1 worn=false
[18:45:59.969] [117888] [I] PL: gear item AddItemMenuSE.esp|0x895b x1 worn=false
[18:45:59.969] [117888] [I] PL: gear item AddItemMenuSE.esp|0x690c x1 worn=false
[18:45:59.969] [117888] [I] PL: ApplyPlayerGear — slot 6: 34 added, 0 equipped, 0 skipped (dead forms)
