[11:50:32.831] [244880] [I] CrashLogger v1-24-0-0
[11:50:32.832] [244880] [I] Crash Logs will be written to H:\Mayhem's Madness AE\overwrite\SKSE\Plugins
[11:50:32.832] [244880] [I] installed crash handlers
[11:50:32.832] [244880] [I] Thread dump hotkey monitoring started (Ctrl+Shift+F12)
[11:50:32.832] [244880] [I] CrashLogger has finished loading.
[11:51:51.522] [244200] [I] Symcache not found at not defined
[11:51:51.522] [244200] [I] Attempting to load pdb for H:/SteamLibrary/steamapps/common/Skyrim Special Edition/SkyrimSE.exe+0CEC9C8 (searchPath Data/SKSE/Plugins)
[11:51:51.542] [244200] [I] Failed to open pdb for dll H:/SteamLibrary/steamapps/common/Skyrim Special Edition/SkyrimSE.exe+0CEC9C8	PDB signature mismatch
[11:51:51.543] [244200] [I] Found unhandled type:	(NiSkinInstance*)	.?AVNiObject@@ [NiObject]
[11:51:51.543] [247428] [I] Found unhandled type:	(BSFadeNode*)	.?AVBSFadeNode@@ [BSFadeNode]
[11:51:51.543] [244200] [I] Found unhandled type:	(NiSkinInstance*)	.?AVNiRefObject@@ [NiRefObject]
[11:51:51.543] [247428] [I] Found unhandled type:	(BSFadeNode*)	.?AVNiNode@@ [NiNode]
[11:51:51.543] [247440] [I] Found unhandled type:	(BSDynamicTriShape*)	.?AVBSDynamicTriShape@@ [BSDynamicTriShape]
[11:51:51.543] [247440] [I] Found unhandled type:	(BSDynamicTriShape*)	.?AVBSTriShape@@ [BSTriShape]
[11:51:51.543] [247440] [I] Found unhandled type:	(BSDynamicTriShape*)	.?AVBSGeometry@@ [BSGeometry]
[11:51:51.543] [247428] [I] Found unhandled type:	(BSFadeNode*)	.?AVNiObject@@ [NiObject]
[11:51:51.543] [247428] [I] Found unhandled type:	(BSFadeNode*)	.?AVNiRefObject@@ [NiRefObject]
[11:51:51.543] [247440] [I] Found unhandled type:	(BSDynamicTriShape*)	.?AVNiObject@@ [NiObject]
[11:51:51.543] [247440] [I] Found unhandled type:	(BSDynamicTriShape*)	.?AVNiRefObject@@ [NiRefObject]
[11:51:51.544] [247432] [I] Attempting to load pdb for H:/SteamLibrary/steamapps/common/Skyrim Special Edition/SkyrimSE.exe+313F9B0 (searchPath Data/SKSE/Plugins)
[11:51:51.563] [247432] [I] Failed to open pdb for dll H:/SteamLibrary/steamapps/common/Skyrim Special Edition/SkyrimSE.exe+313F9B0	PDB signature mismatch
[11:51:51.563] [244200] [I] Backfilled 1 void* pointers with known object information across all analysis
[11:51:51.563] [247068] [I] Found unhandled type:	(BSFaceGenNiNode*)	.?AVBSFaceGenNiNode@@ [BSFaceGenNiNode]
[11:51:51.563] [247068] [I] Found unhandled type:	(BSFaceGenNiNode*)	.?AVNiNode@@ [NiNode]
[11:51:51.563] [247080] [I] Found unhandled type:	(TESNPC*)	.?AVTESActorBase@@ [TESActorBase]
[11:51:51.563] [247068] [I] Found unhandled type:	(BSFaceGenNiNode*)	.?AVNiObject@@ [NiObject]
[11:51:51.563] [247080] [I] Found unhandled type:	(TESNPC*)	.?AVTESBoundAnimObject@@ [TESBoundAnimObject]
[11:51:51.563] [247048] [I] Found unhandled type:	(BSFaceGenNiNode*)	.?AVBSFaceGenNiNode@@ [BSFaceGenNiNode]
[11:51:51.563] [247048] [I] Found unhandled type:	(BSFaceGenNiNode*)	.?AVNiNode@@ [NiNode]
[11:51:51.563] [247068] [I] Found unhandled type:	(BSFaceGenNiNode*)	.?AVNiRefObject@@ [NiRefObject]
[11:51:51.563] [247080] [I] Found unhandled type:	(TESNPC*)	.?AVTESBoundObject@@ [TESBoundObject]
[11:51:51.563] [247080] [I] Found unhandled type:	(TESNPC*)	.?AVTESObject@@ [TESObject]
[11:51:51.563] [247080] [I] Found unhandled type:	(TESNPC*)	.?AVBaseFormComponent@@ [BaseFormComponent]
[11:51:51.563] [247080] [I] Found unhandled type:	(TESNPC*)	.?AVTESActorBaseData@@ [TESActorBaseData]
[11:51:51.563] [247080] [I] Found unhandled type:	(TESNPC*)	.?AVBaseFormComponent@@ [BaseFormComponent]
[11:51:51.563] [247080] [I] Found unhandled type:	(TESNPC*)	.?AVTESContainer@@ [TESContainer]
[11:51:51.563] [247080] [I] Found unhandled type:	(TESNPC*)	.?AVBaseFormComponent@@ [BaseFormComponent]
[11:51:51.563] [247080] [I] Found unhandled type:	(TESNPC*)	.?AVTESSpellList@@ [TESSpellList]
[11:51:51.563] [247080] [I] Found unhandled type:	(TESNPC*)	.?AVBaseFormComponent@@ [BaseFormComponent]
[11:51:51.563] [247080] [I] Found unhandled type:	(TESNPC*)	.?AVTESAIForm@@ [TESAIForm]
[11:51:51.563] [247080] [I] Found unhandled type:	(TESNPC*)	.?AVBaseFormComponent@@ [BaseFormComponent]
[11:51:51.563] [247080] [I] Found unhandled type:	(TESNPC*)	.?AVBaseFormComponent@@ [BaseFormComponent]
[11:51:51.563] [247080] [I] Found unhandled type:	(TESNPC*)	.?AVActorValueOwner@@ [ActorValueOwner]
[11:51:51.563] [247080] [I] Found unhandled type:	(TESNPC*)	.?AVBGSDestructibleObjectForm@@ [BGSDestructibleObjectForm]
[11:51:51.563] [247080] [I] Found unhandled type:	(TESNPC*)	.?AVBaseFormComponent@@ [BaseFormComponent]
[11:51:51.563] [247080] [I] Found unhandled type:	(TESNPC*)	.?AVBGSSkinForm@@ [BGSSkinForm]
[11:51:51.563] [247080] [I] Found unhandled type:	(TESNPC*)	.?AVBaseFormComponent@@ [BaseFormComponent]
[11:51:51.563] [247080] [I] Found unhandled type:	(TESNPC*)	.?AVBGSKeywordForm@@ [BGSKeywordForm]
[11:51:51.563] [247080] [I] Found unhandled type:	(TESNPC*)	.?AVBaseFormComponent@@ [BaseFormComponent]
[11:51:51.563] [247080] [I] Found unhandled type:	(TESNPC*)	.?AVBGSAttackDataForm@@ [BGSAttackDataForm]
[11:51:51.563] [247080] [I] Found unhandled type:	(TESNPC*)	.?AVBaseFormComponent@@ [BaseFormComponent]
[11:51:51.563] [247080] [I] Found unhandled type:	(TESNPC*)	.?AVBGSPerkRankArray@@ [BGSPerkRankArray]
[11:51:51.564] [247080] [I] Found unhandled type:	(TESNPC*)	.?AVBaseFormComponent@@ [BaseFormComponent]
[11:51:51.564] [247080] [I] Found unhandled type:	(TESNPC*)	.?AVTESRaceForm@@ [TESRaceForm]
[11:51:51.564] [247080] [I] Found unhandled type:	(TESNPC*)	.?AVBaseFormComponent@@ [BaseFormComponent]
[11:51:51.564] [247080] [I] Found unhandled type:	(TESNPC*)	.?AVBGSOverridePackCollection@@ [BGSOverridePackCollection]
[11:51:51.564] [247080] [I] Found unhandled type:	(TESNPC*)	.?AVBaseFormComponent@@ [BaseFormComponent]
[11:51:51.564] [247080] [I] Found unhandled type:	(TESNPC*)	.?AV?$BSTEventSink@VMenuOpenCloseEvent@@@@ [BSTEventSink<MenuOpenCloseEvent>]
[11:51:51.563] [247048] [I] Found unhandled type:	(BSFaceGenNiNode*)	.?AVNiObject@@ [NiObject]
[11:51:51.564] [247048] [I] Found unhandled type:	(BSFaceGenNiNode*)	.?AVNiRefObject@@ [NiRefObject]
[11:51:51.563] [247428] [I] Found unhandled type:	(Character*)	.?AVActor@@ [Actor]
[11:51:51.564] [247428] [I] Found unhandled type:	(Character*)	.?AVBaseFormComponent@@ [BaseFormComponent]
[11:51:51.564] [247428] [I] Found unhandled type:	(Character*)	.?AVBSHandleRefObject@@ [BSHandleRefObject]
[11:51:51.564] [247428] [I] Found unhandled type:	(Character*)	.?AVNiRefObject@@ [NiRefObject]
[11:51:51.564] [247428] [I] Found unhandled type:	(Character*)	.?AV?$BSTEventSink@UBSAnimationGraphEvent@@@@ [BSTEventSink<BSAnimationGraphEvent>]
[11:51:51.564] [247428] [I] Found unhandled type:	(Character*)	.?AVIAnimationGraphManagerHolder@@ [IAnimationGraphManagerHolder]
[11:51:51.564] [247428] [I] Found unhandled type:	(Character*)	.?AVMagicTarget@@ [MagicTarget]
[11:51:51.564] [247428] [I] Found unhandled type:	(Character*)	.?AVActorValueOwner@@ [ActorValueOwner]
[11:51:51.564] [247428] [I] Found unhandled type:	(Character*)	.?AVActorState@@ [ActorState]
[11:51:51.564] [247428] [I] Found unhandled type:	(Character*)	.?AUIMovementState@@ [IMovementState]
[11:51:51.564] [247428] [I] Found unhandled type:	(Character*)	.?AUIMovementInterface@@ [IMovementInterface]
[11:51:51.564] [247428] [I] Found unhandled type:	(Character*)	.?AV?$BSTEventSink@VBSTransformDeltaEvent@@@@ [BSTEventSink<BSTransformDeltaEvent>]
[11:51:51.564] [247428] [I] Found unhandled type:	(Character*)	.?AV?$BSTEventSink@VbhkCharacterMoveFinishEvent@@@@ [BSTEventSink<bhkCharacterMoveFinishEvent>]
[11:51:51.564] [247428] [I] Found unhandled type:	(Character*)	.?AVIPostAnimationChannelUpdateFunctor@@ [IPostAnimationChannelUpdateFunctor]
[11:51:51.564] [244200] [I] Attempting to load pdb for H:/SteamLibrary/steamapps/common/Skyrim Special Edition/SkyrimSE.exe+0432375 (searchPath Data/SKSE/Plugins)
[11:51:51.583] [244200] [I] Failed to open pdb for dll H:/SteamLibrary/steamapps/common/Skyrim Special Edition/SkyrimSE.exe+0432375	PDB signature mismatch
[11:51:51.584] [247440] [I] Attempting to load pdb for H:/SteamLibrary/steamapps/common/Skyrim Special Edition/SkyrimSE.exe+3272E98 (searchPath Data/SKSE/Plugins)
[11:51:51.603] [247440] [I] Failed to open pdb for dll H:/SteamLibrary/steamapps/common/Skyrim Special Edition/SkyrimSE.exe+3272E98	PDB signature mismatch
[11:51:51.604] [247052] [I] Attempting to load pdb for H:/SteamLibrary/steamapps/common/Skyrim Special Edition/data/SKSE/Plugins/hdtSMP64.dll+019A723 (searchPath Data/SKSE/Plugins)
[11:51:51.617] [247052] [I] Successfully opened pdb for dll H:/SteamLibrary/steamapps/common/Skyrim Special Edition/data/SKSE/Plugins/hdtSMP64.dll+019A723 from H:\SteamLibrary\steamapps\common\Skyrim Special Edition\data\SKSE\Plugins\hdtSMP64.pdb
[11:51:51.632] [247052] [I] Symbol returning:  D:\a\_work\1\s\src\vctools\crt\github\stl\src\mutex.cpp:161 _Mtx_unlock
[11:51:51.632] [247052] [I] Public symbol found for H:/SteamLibrary/steamapps/common/Skyrim Special Edition/data/SKSE/Plugins/hdtSMP64.dll+019A723:  D:\a\_work\1\s\src\vctools\crt\github\stl\src\mutex.cpp:161 _Mtx_unlock
[11:51:51.634] [247076] [I] Attempting to load pdb for H:/SteamLibrary/steamapps/common/Skyrim Special Edition/data/SKSE/Plugins/hdtSMP64.dll+00DA054 (searchPath Data/SKSE/Plugins)
[11:51:51.643] [247076] [I] Successfully opened pdb for dll H:/SteamLibrary/steamapps/common/Skyrim Special Edition/data/SKSE/Plugins/hdtSMP64.dll+00DA054 from H:\SteamLibrary\steamapps\common\Skyrim Special Edition\data\SKSE\Plugins\hdtSMP64.pdb
[11:51:51.655] [247076] [I] Symbol returning:  G:\source\hdtsmp-working\HDTSMP-Sandbox\Flex for 1.6.1170 - .8.00.17\hdtSMP64\Hooks.cpp:79 void hdt::BSFaceGenNiNodeEx::SkinAllGeometryCalls(NiNode *,BSGeometry *,char) [?SkinAllGeometryCalls@BSFaceGenNiNodeEx@hdt@@QEAAXPEAVNiNode@@PEAVBSGeometry@@D@Z]
[11:51:51.655] [247076] [I] Public symbol found for H:/SteamLibrary/steamapps/common/Skyrim Special Edition/data/SKSE/Plugins/hdtSMP64.dll+00DA054:  G:\source\hdtsmp-working\HDTSMP-Sandbox\Flex for 1.6.1170 - .8.00.17\hdtSMP64\Hooks.cpp:79 void hdt::BSFaceGenNiNodeEx::SkinAllGeometryCalls(NiNode *,BSGeometry *,char) [?SkinAllGeometryCalls@BSFaceGenNiNodeEx@hdt@@QEAAXPEAVNiNode@@PEAVBSGeometry@@D@Z]
[11:51:51.657] [247072] [I] Attempting to load pdb for H:/SteamLibrary/steamapps/common/Skyrim Special Edition/data/SKSE/Plugins/hdtSMP64.dll+00DA3FC (searchPath Data/SKSE/Plugins)
[11:51:51.667] [247072] [I] Successfully opened pdb for dll H:/SteamLibrary/steamapps/common/Skyrim Special Edition/data/SKSE/Plugins/hdtSMP64.dll+00DA3FC from H:\SteamLibrary\steamapps\common\Skyrim Special Edition\data\SKSE\Plugins\hdtSMP64.pdb
[11:51:51.679] [247072] [I] Symbol returning:  G:\source\hdtsmp-working\HDTSMP-Sandbox\Flex for 1.6.1170 - .8.00.17\hdtSMP64\Hooks.cpp:135 void hdt::BSFaceGenNiNodeEx::SkinAllGeometry(NiNode *,BSGeometry *,char) [?SkinAllGeometry@BSFaceGenNiNodeEx@hdt@@QEAAXPEAVNiNode@@PEAVBSGeometry@@D@Z] G:\source\hdtsmp-working\HDTSMP-Sandbox\Flex for 1.6.1170 - .8.00.17\hdtSMP64\Hooks.cpp:164 void hdt::BSFaceGenNiNodeEx::SkinAllGeometry(NiNode *,BSGeometry *,char) [?SkinAllGeometry@BSFaceGenNiNodeEx@hdt@@QEAAXPEAVNiNode@@PEAVBSGeometry@@D@Z]
[11:51:51.679] [247072] [I] Public symbol found for H:/SteamLibrary/steamapps/common/Skyrim Special Edition/data/SKSE/Plugins/hdtSMP64.dll+00DA3FC:  G:\source\hdtsmp-working\HDTSMP-Sandbox\Flex for 1.6.1170 - .8.00.17\hdtSMP64\Hooks.cpp:135 void hdt::BSFaceGenNiNodeEx::SkinAllGeometry(NiNode *,BSGeometry *,char) [?SkinAllGeometry@BSFaceGenNiNodeEx@hdt@@QEAAXPEAVNiNode@@PEAVBSGeometry@@D@Z] G:\source\hdtsmp-working\HDTSMP-Sandbox\Flex for 1.6.1170 - .8.00.17\hdtSMP64\Hooks.cpp:164 void hdt::BSFaceGenNiNodeEx::SkinAllGeometry(NiNode *,BSGeometry *,char) [?SkinAllGeometry@BSFaceGenNiNodeEx@hdt@@QEAAXPEAVNiNode@@PEAVBSGeometry@@D@Z]
[11:51:51.681] [247424] [I] Attempting to load pdb for H:/SteamLibrary/steamapps/common/Skyrim Special Edition/SkyrimSE.exe+0D26568 (searchPath Data/SKSE/Plugins)
[11:51:51.700] [247424] [I] Failed to open pdb for dll H:/SteamLibrary/steamapps/common/Skyrim Special Edition/SkyrimSE.exe+0D26568	PDB signature mismatch
[11:51:51.700] [247424] [I] Found unhandled type:	(BSJobs::JobThread*)	.?AVJobThread@BSJobs@@ [BSJobs::JobThread]
[11:51:51.700] [247424] [I] Found unhandled type:	(BSJobs::JobThread*)	.?AVBSThread@@ [BSThread]
[11:51:51.701] [247084] [I] Attempting to load pdb for H:/SteamLibrary/steamapps/common/Skyrim Special Edition/SkyrimSE.exe+1768100 (searchPath Data/SKSE/Plugins)
[11:51:51.719] [247084] [I] Failed to open pdb for dll H:/SteamLibrary/steamapps/common/Skyrim Special Edition/SkyrimSE.exe+1768100	PDB signature mismatch
[11:51:51.721] [247412] [I] Attempting to load pdb for H:/SteamLibrary/steamapps/common/Skyrim Special Edition/data/skse/plugins/MuJointFix.dll+0026086 (searchPath Data/SKSE/Plugins)
[11:51:51.726] [247412] [I] Successfully opened pdb for dll H:/SteamLibrary/steamapps/common/Skyrim Special Edition/data/skse/plugins/MuJointFix.dll+0026086 from H:\SteamLibrary\steamapps\common\Skyrim Special Edition\data\skse\plugins\MuJointFix.pdb
[11:51:51.731] [247412] [I] Symbol returning:  D:\VS\MuJointFix\src\Hook.cpp:19 void Mus::onFaceGen(RE::BSFaceGenNiNode *,RE::NiNode *,RE::BSGeometry *,char) [?onFaceGen@Mus@@YAXPEAVBSFaceGenNiNode@RE@@PEAVNiNode@3@PEAVBSGeometry@3@D@Z] D:\VS\MuJointFix\src\Hook.cpp:30 void Mus::onFaceGen(RE::BSFaceGenNiNode *,RE::NiNode *,RE::BSGeometry *,char) [?onFaceGen@Mus@@YAXPEAVBSFaceGenNiNode@RE@@PEAVNiNode@3@PEAVBSGeometry@3@D@Z]
[11:51:51.731] [247412] [I] Public symbol found for H:/SteamLibrary/steamapps/common/Skyrim Special Edition/data/skse/plugins/MuJointFix.dll+0026086:  D:\VS\MuJointFix\src\Hook.cpp:19 void Mus::onFaceGen(RE::BSFaceGenNiNode *,RE::NiNode *,RE::BSGeometry *,char) [?onFaceGen@Mus@@YAXPEAVBSFaceGenNiNode@RE@@PEAVNiNode@3@PEAVBSGeometry@3@D@Z] D:\VS\MuJointFix\src\Hook.cpp:30 void Mus::onFaceGen(RE::BSFaceGenNiNode *,RE::NiNode *,RE::BSGeometry *,char) [?onFaceGen@Mus@@YAXPEAVBSFaceGenNiNode@RE@@PEAVNiNode@3@PEAVBSGeometry@3@D@Z]
[11:51:51.733] [247436] [I] Attempting to load pdb for H:/SteamLibrary/steamapps/common/Skyrim Special Edition/SkyrimSE.exe+06E3D93 (searchPath Data/SKSE/Plugins)
[11:51:51.752] [247436] [I] Failed to open pdb for dll H:/SteamLibrary/steamapps/common/Skyrim Special Edition/SkyrimSE.exe+06E3D93	PDB signature mismatch
[11:51:51.753] [247444] [I] Attempting to load pdb for H:/SteamLibrary/steamapps/common/Skyrim Special Edition/SkyrimSE.exe+03BCCE1 (searchPath Data/SKSE/Plugins)
[11:51:51.772] [247444] [I] Failed to open pdb for dll H:/SteamLibrary/steamapps/common/Skyrim Special Edition/SkyrimSE.exe+03BCCE1	PDB signature mismatch
[11:51:51.773] [247060] [I] Attempting to load pdb for H:/SteamLibrary/steamapps/common/Skyrim Special Edition/SkyrimSE.exe+32580C8 (searchPath Data/SKSE/Plugins)
[11:51:51.792] [247060] [I] Failed to open pdb for dll H:/SteamLibrary/steamapps/common/Skyrim Special Edition/SkyrimSE.exe+32580C8	PDB signature mismatch
[11:51:51.793] [247056] [I] Attempting to load pdb for H:/SteamLibrary/steamapps/common/Skyrim Special Edition/SkyrimSE.exe+32580C4 (searchPath Data/SKSE/Plugins)
[11:51:51.812] [247056] [I] Failed to open pdb for dll H:/SteamLibrary/steamapps/common/Skyrim Special Edition/SkyrimSE.exe+32580C4	PDB signature mismatch
[11:51:51.813] [244896] [I] Attempting to load pdb for H:/SteamLibrary/steamapps/common/Skyrim Special Edition/SkyrimSE.exe+32580C0 (searchPath Data/SKSE/Plugins)
[11:51:51.832] [244896] [I] Failed to open pdb for dll H:/SteamLibrary/steamapps/common/Skyrim Special Edition/SkyrimSE.exe+32580C0	PDB signature mismatch
[11:51:51.833] [247040] [I] Attempting to load pdb for H:/SteamLibrary/steamapps/common/Skyrim Special Edition/skse64_1_6_1170.dll+000DEFF (searchPath Data/SKSE/Plugins)
[11:51:51.852] [247040] [I] Failed to open pdb for dll H:/SteamLibrary/steamapps/common/Skyrim Special Edition/skse64_1_6_1170.dll+000DEFF	PDB signature mismatch
[11:51:51.853] [247044] [I] Attempting to load pdb for H:/SteamLibrary/steamapps/common/Skyrim Special Edition/SkyrimSE.exe+072773A (searchPath Data/SKSE/Plugins)
[11:51:51.872] [247044] [I] Failed to open pdb for dll H:/SteamLibrary/steamapps/common/Skyrim Special Edition/SkyrimSE.exe+072773A	PDB signature mismatch
[11:51:51.873] [247088] [I] Attempting to load pdb for H:/SteamLibrary/steamapps/common/Skyrim Special Edition/SkyrimSE.exe+32580C8 (searchPath Data/SKSE/Plugins)
[11:51:51.892] [247088] [I] Failed to open pdb for dll H:/SteamLibrary/steamapps/common/Skyrim Special Edition/SkyrimSE.exe+32580C8	PDB signature mismatch
[11:51:51.893] [247432] [I] Attempting to load pdb for H:/SteamLibrary/steamapps/common/Skyrim Special Edition/SkyrimSE.exe+07270AC (searchPath Data/SKSE/Plugins)
[11:51:51.912] [247432] [I] Failed to open pdb for dll H:/SteamLibrary/steamapps/common/Skyrim Special Edition/SkyrimSE.exe+07270AC	PDB signature mismatch
[11:51:51.913] [247092] [I] Attempting to load pdb for H:/SteamLibrary/steamapps/common/Skyrim Special Edition/SkyrimSE.exe+20FC2E8 (searchPath Data/SKSE/Plugins)
[11:51:51.936] [247092] [I] Failed to open pdb for dll H:/SteamLibrary/steamapps/common/Skyrim Special Edition/SkyrimSE.exe+20FC2E8	PDB signature mismatch
[11:51:51.937] [247420] [I] Attempting to load pdb for H:/SteamLibrary/steamapps/common/Skyrim Special Edition/data/SKSE/Plugins/DynamicBodyDistribution.dll+00434A8 (searchPath Data/SKSE/Plugins)
[11:51:51.946] [247420] [I] Successfully opened pdb for dll H:/SteamLibrary/steamapps/common/Skyrim Special Edition/data/SKSE/Plugins/DynamicBodyDistribution.dll+00434A8 from H:\SteamLibrary\steamapps\common\Skyrim Special Edition\data\SKSE\Plugins\DynamicBodyDistribution.pdb
[11:51:51.956] [247420] [I] Symbol returning:  C:\Development\skse64\DynamicBodyDistribution\src\DBD\Hooks\Hooks.cpp:45 static void DBD::Hooks::DoReset3D(RE::Actor &,bool) [?DoReset3D@Hooks@DBD@@CAXAEAVActor@RE@@_N@Z]
[11:51:51.956] [247420] [I] Public symbol found for H:/SteamLibrary/steamapps/common/Skyrim Special Edition/data/SKSE/Plugins/DynamicBodyDistribution.dll+00434A8:  C:\Development\skse64\DynamicBodyDistribution\src\DBD\Hooks\Hooks.cpp:45 static void DBD::Hooks::DoReset3D(RE::Actor &,bool) [?DoReset3D@Hooks@DBD@@CAXAEAVActor@RE@@_N@Z]
[11:51:51.957] [247036] [I] Attempting to load pdb for H:/SteamLibrary/steamapps/common/Skyrim Special Edition/data/SKSE/Plugins/DynamicBodyDistribution.dll+0043480 (searchPath Data/SKSE/Plugins)
[11:51:51.962] [247036] [I] Successfully opened pdb for dll H:/SteamLibrary/steamapps/common/Skyrim Special Edition/data/SKSE/Plugins/DynamicBodyDistribution.dll+0043480 from H:\SteamLibrary\steamapps\common\Skyrim Special Edition\data\SKSE\Plugins\DynamicBodyDistribution.pdb
[11:51:51.968] [247036] [I] Symbol returning:  C:\Development\skse64\DynamicBodyDistribution\src\DBD\Hooks\Hooks.cpp:42 static void DBD::Hooks::DoReset3D(RE::Actor &,bool) [?DoReset3D@Hooks@DBD@@CAXAEAVActor@RE@@_N@Z]
[11:51:51.968] [247036] [I] Public symbol found for H:/SteamLibrary/steamapps/common/Skyrim Special Edition/data/SKSE/Plugins/DynamicBodyDistribution.dll+0043480:  C:\Development\skse64\DynamicBodyDistribution\src\DBD\Hooks\Hooks.cpp:42 static void DBD::Hooks::DoReset3D(RE::Actor &,bool) [?DoReset3D@Hooks@DBD@@CAXAEAVActor@RE@@_N@Z]
[11:51:51.969] [247064] [I] Attempting to load pdb for H:/SteamLibrary/steamapps/common/Skyrim Special Edition/SkyrimSE.exe+32580C4 (searchPath Data/SKSE/Plugins)
[11:51:51.988] [247064] [I] Failed to open pdb for dll H:/SteamLibrary/steamapps/common/Skyrim Special Edition/SkyrimSE.exe+32580C4	PDB signature mismatch
[11:51:51.989] [230712] [I] Attempting to load pdb for H:/SteamLibrary/steamapps/common/Skyrim Special Edition/SkyrimSE.exe+32580C0 (searchPath Data/SKSE/Plugins)
[11:51:52.008] [230712] [I] Failed to open pdb for dll H:/SteamLibrary/steamapps/common/Skyrim Special Edition/SkyrimSE.exe+32580C0	PDB signature mismatch
[11:51:52.009] [247068] [I] Attempting to load pdb for H:/SteamLibrary/steamapps/common/Skyrim Special Edition/SkyrimSE.exe+32580C8 (searchPath Data/SKSE/Plugins)
[11:51:52.028] [247068] [I] Failed to open pdb for dll H:/SteamLibrary/steamapps/common/Skyrim Special Edition/SkyrimSE.exe+32580C8	PDB signature mismatch
[11:51:52.029] [247080] [I] Attempting to load pdb for H:/SteamLibrary/steamapps/common/Skyrim Special Edition/SkyrimSE.exe+3258180 (searchPath Data/SKSE/Plugins)
[11:51:52.048] [247080] [I] Failed to open pdb for dll H:/SteamLibrary/steamapps/common/Skyrim Special Edition/SkyrimSE.exe+3258180	PDB signature mismatch
[11:51:52.049] [247048] [I] Attempting to load pdb for H:/SteamLibrary/steamapps/common/Skyrim Special Edition/SkyrimSE.exe+0647A01 (searchPath Data/SKSE/Plugins)
[11:51:52.068] [247048] [I] Failed to open pdb for dll H:/SteamLibrary/steamapps/common/Skyrim Special Edition/SkyrimSE.exe+0647A01	PDB signature mismatch
[11:51:52.069] [247804] [I] Attempting to load pdb for H:/SteamLibrary/steamapps/common/Skyrim Special Edition/SkyrimSE.exe+3258180 (searchPath Data/SKSE/Plugins)
[11:51:52.088] [247804] [I] Failed to open pdb for dll H:/SteamLibrary/steamapps/common/Skyrim Special Edition/SkyrimSE.exe+3258180	PDB signature mismatch
[11:51:52.089] [247428] [I] Attempting to load pdb for H:/SteamLibrary/steamapps/common/Skyrim Special Edition/SkyrimSE.exe+06D356F (searchPath Data/SKSE/Plugins)
[11:51:52.108] [247428] [I] Failed to open pdb for dll H:/SteamLibrary/steamapps/common/Skyrim Special Edition/SkyrimSE.exe+06D356F	PDB signature mismatch
[11:51:52.109] [244200] [I] Attempting to load pdb for H:/SteamLibrary/steamapps/common/Skyrim Special Edition/SkyrimSE.exe+3258180 (searchPath Data/SKSE/Plugins)
[11:51:52.128] [244200] [I] Failed to open pdb for dll H:/SteamLibrary/steamapps/common/Skyrim Special Edition/SkyrimSE.exe+3258180	PDB signature mismatch
[11:51:52.129] [247440] [I] Attempting to load pdb for H:/SteamLibrary/steamapps/common/Skyrim Special Edition/SkyrimSE.exe+07766D4 (searchPath Data/SKSE/Plugins)
[11:51:52.148] [247440] [I] Failed to open pdb for dll H:/SteamLibrary/steamapps/common/Skyrim Special Edition/SkyrimSE.exe+07766D4	PDB signature mismatch
[11:51:52.149] [247052] [I] Attempting to load pdb for H:/SteamLibrary/steamapps/common/Skyrim Special Edition/SkyrimSE.exe+0CF7888 (searchPath Data/SKSE/Plugins)
[11:51:52.168] [247052] [I] Failed to open pdb for dll H:/SteamLibrary/steamapps/common/Skyrim Special Edition/SkyrimSE.exe+0CF7888	PDB signature mismatch
[11:51:52.169] [247076] [I] Attempting to load pdb for H:/SteamLibrary/steamapps/common/Skyrim Special Edition/SkyrimSE.exe+3258180 (searchPath Data/SKSE/Plugins)
[11:51:52.188] [247076] [I] Failed to open pdb for dll H:/SteamLibrary/steamapps/common/Skyrim Special Edition/SkyrimSE.exe+3258180	PDB signature mismatch
[11:51:52.189] [247072] [I] Attempting to load pdb for C:/WINDOWS/System32/KERNELBASE.dll+006291D (searchPath Data/SKSE/Plugins)
[11:51:52.190] [247072] [I] Failed to open pdb for dll C:/WINDOWS/System32/KERNELBASE.dll+006291D	PDB signature mismatch
[11:51:52.192] [247424] [I] Attempting to load pdb for H:/SteamLibrary/steamapps/common/Skyrim Special Edition/SkyrimSE.exe+3258130 (searchPath Data/SKSE/Plugins)
[11:51:52.210] [247424] [I] Failed to open pdb for dll H:/SteamLibrary/steamapps/common/Skyrim Special Edition/SkyrimSE.exe+3258130	PDB signature mismatch
[11:51:52.211] [247012] [I] Attempting to load pdb for H:/SteamLibrary/steamapps/common/Skyrim Special Edition/SkyrimSE.exe+326EC00 (searchPath Data/SKSE/Plugins)
[11:51:52.230] [247012] [I] Failed to open pdb for dll H:/SteamLibrary/steamapps/common/Skyrim Special Edition/SkyrimSE.exe+326EC00	PDB signature mismatch
[11:51:52.232] [247084] [I] Attempting to load pdb for H:/SteamLibrary/steamapps/common/Skyrim Special Edition/SkyrimSE.exe+0CF7E51 (searchPath Data/SKSE/Plugins)
[11:51:52.250] [247084] [I] Failed to open pdb for dll H:/SteamLibrary/steamapps/common/Skyrim Special Edition/SkyrimSE.exe+0CF7E51	PDB signature mismatch
[11:51:52.252] [247412] [I] Attempting to load pdb for H:/SteamLibrary/steamapps/common/Skyrim Special Edition/SkyrimSE.exe+0CF61DA (searchPath Data/SKSE/Plugins)
[11:51:52.270] [247412] [I] Failed to open pdb for dll H:/SteamLibrary/steamapps/common/Skyrim Special Edition/SkyrimSE.exe+0CF61DA	PDB signature mismatch
[11:51:52.272] [247436] [I] Attempting to load pdb for H:/SteamLibrary/steamapps/common/Skyrim Special Edition/SkyrimSE.exe+3258101 (searchPath Data/SKSE/Plugins)
[11:51:52.290] [247436] [I] Failed to open pdb for dll H:/SteamLibrary/steamapps/common/Skyrim Special Edition/SkyrimSE.exe+3258101	PDB signature mismatch
[11:51:52.292] [247444] [I] Attempting to load pdb for H:/SteamLibrary/steamapps/common/Skyrim Special Edition/SkyrimSE.exe+0CD0DBD (searchPath Data/SKSE/Plugins)
[11:51:52.310] [247444] [I] Failed to open pdb for dll H:/SteamLibrary/steamapps/common/Skyrim Special Edition/SkyrimSE.exe+0CD0DBD	PDB signature mismatch
[11:51:52.312] [247060] [I] Attempting to load pdb for H:/SteamLibrary/steamapps/common/Skyrim Special Edition/SkyrimSE.exe+31CC370 (searchPath Data/SKSE/Plugins)
[11:51:52.330] [247060] [I] Failed to open pdb for dll H:/SteamLibrary/steamapps/common/Skyrim Special Edition/SkyrimSE.exe+31CC370	PDB signature mismatch
[11:51:52.332] [247056] [I] Attempting to load pdb for C:/WINDOWS/System32/KERNEL32.DLL+001259D (searchPath Data/SKSE/Plugins)
[11:51:52.333] [247056] [I] Failed to open pdb for dll C:/WINDOWS/System32/KERNEL32.DLL+001259D	PDB signature mismatch
[11:51:52.334] [244896] [I] Attempting to load pdb for C:/WINDOWS/SYSTEM32/ntdll.dll+005AF78 (searchPath Data/SKSE/Plugins)
[11:51:52.335] [244896] [I] Failed to open pdb for dll C:/WINDOWS/SYSTEM32/ntdll.dll+005AF78	PDB signature mismatch
[11:51:52.336] [247040] [I] Attempting to load pdb for C:/WINDOWS/System32/KERNELBASE.dll+0181A60 (searchPath Data/SKSE/Plugins)
[11:51:52.337] [247040] [I] Failed to open pdb for dll C:/WINDOWS/System32/KERNELBASE.dll+0181A60	PDB signature mismatch
[11:51:52.338] [246060] [I] Attempting to load pdb for C:/WINDOWS/System32/SHCORE.dll+00F78FE (searchPath Data/SKSE/Plugins)
[11:51:52.339] [246060] [I] Failed to open pdb for dll C:/WINDOWS/System32/SHCORE.dll+00F78FE	PDB signature mismatch
[11:51:52.430] [244200] [I] Attempting to load pdb for H:/SteamLibrary/steamapps/common/Skyrim Special Edition/SkyrimSE.exe+0CEC9C8 (searchPath Data/SKSE/Plugins)
[11:51:52.449] [244200] [I] Failed to open pdb for dll H:/SteamLibrary/steamapps/common/Skyrim Special Edition/SkyrimSE.exe+0CEC9C8	PDB signature mismatch
[11:51:52.450] [244200] [I] Attempting to load pdb for H:/SteamLibrary/steamapps/common/Skyrim Special Edition/SkyrimSE.exe+0CEC9C8 (searchPath Data/SKSE/Plugins)
[11:51:52.469] [244200] [I] Failed to open pdb for dll H:/SteamLibrary/steamapps/common/Skyrim Special Edition/SkyrimSE.exe+0CEC9C8	PDB signature mismatch
[11:51:52.470] [244200] [I] Attempting to load pdb for H:/SteamLibrary/steamapps/common/Skyrim Special Edition/SkyrimSE.exe+0432375 (searchPath Data/SKSE/Plugins)
[11:51:52.489] [244200] [I] Failed to open pdb for dll H:/SteamLibrary/steamapps/common/Skyrim Special Edition/SkyrimSE.exe+0432375	PDB signature mismatch
[11:51:52.490] [244200] [I] Attempting to load pdb for H:/SteamLibrary/steamapps/common/Skyrim Special Edition/SkyrimSE.exe+0432375 (searchPath Data/SKSE/Plugins)
[11:51:52.509] [244200] [I] Failed to open pdb for dll H:/SteamLibrary/steamapps/common/Skyrim Special Edition/SkyrimSE.exe+0432375	PDB signature mismatch
[11:51:52.510] [244200] [I] Attempting to load pdb for H:/SteamLibrary/steamapps/common/Skyrim Special Edition/data/SKSE/Plugins/hdtSMP64.dll+00DA054 (searchPath Data/SKSE/Plugins)
[11:51:52.520] [244200] [I] Successfully opened pdb for dll H:/SteamLibrary/steamapps/common/Skyrim Special Edition/data/SKSE/Plugins/hdtSMP64.dll+00DA054 from H:\SteamLibrary\steamapps\common\Skyrim Special Edition\data\SKSE\Plugins\hdtSMP64.pdb
[11:51:52.532] [244200] [I] Symbol returning:  G:\source\hdtsmp-working\HDTSMP-Sandbox\Flex for 1.6.1170 - .8.00.17\hdtSMP64\Hooks.cpp:79 void hdt::BSFaceGenNiNodeEx::SkinAllGeometryCalls(NiNode *,BSGeometry *,char) [?SkinAllGeometryCalls@BSFaceGenNiNodeEx@hdt@@QEAAXPEAVNiNode@@PEAVBSGeometry@@D@Z]
[11:51:52.532] [244200] [I] Public symbol found for H:/SteamLibrary/steamapps/common/Skyrim Special Edition/data/SKSE/Plugins/hdtSMP64.dll+00DA054:  G:\source\hdtsmp-working\HDTSMP-Sandbox\Flex for 1.6.1170 - .8.00.17\hdtSMP64\Hooks.cpp:79 void hdt::BSFaceGenNiNodeEx::SkinAllGeometryCalls(NiNode *,BSGeometry *,char) [?SkinAllGeometryCalls@BSFaceGenNiNodeEx@hdt@@QEAAXPEAVNiNode@@PEAVBSGeometry@@D@Z]
[11:51:52.533] [244200] [I] Attempting to load pdb for H:/SteamLibrary/steamapps/common/Skyrim Special Edition/data/SKSE/Plugins/hdtSMP64.dll+00DA054 (searchPath Data/SKSE/Plugins)
[11:51:52.543] [244200] [I] Successfully opened pdb for dll H:/SteamLibrary/steamapps/common/Skyrim Special Edition/data/SKSE/Plugins/hdtSMP64.dll+00DA054 from H:\SteamLibrary\steamapps\common\Skyrim Special Edition\data\SKSE\Plugins\hdtSMP64.pdb
[11:51:52.626] [244200] [I] Attempting to load pdb for H:/SteamLibrary/steamapps/common/Skyrim Special Edition/data/SKSE/Plugins/hdtSMP64.dll+00DA3FC (searchPath Data/SKSE/Plugins)
[11:51:52.637] [244200] [I] Successfully opened pdb for dll H:/SteamLibrary/steamapps/common/Skyrim Special Edition/data/SKSE/Plugins/hdtSMP64.dll+00DA3FC from H:\SteamLibrary\steamapps\common\Skyrim Special Edition\data\SKSE\Plugins\hdtSMP64.pdb
[11:51:52.647] [244200] [I] Symbol returning:  G:\source\hdtsmp-working\HDTSMP-Sandbox\Flex for 1.6.1170 - .8.00.17\hdtSMP64\Hooks.cpp:135 void hdt::BSFaceGenNiNodeEx::SkinAllGeometry(NiNode *,BSGeometry *,char) [?SkinAllGeometry@BSFaceGenNiNodeEx@hdt@@QEAAXPEAVNiNode@@PEAVBSGeometry@@D@Z] G:\source\hdtsmp-working\HDTSMP-Sandbox\Flex for 1.6.1170 - .8.00.17\hdtSMP64\Hooks.cpp:164 void hdt::BSFaceGenNiNodeEx::SkinAllGeometry(NiNode *,BSGeometry *,char) [?SkinAllGeometry@BSFaceGenNiNodeEx@hdt@@QEAAXPEAVNiNode@@PEAVBSGeometry@@D@Z]
[11:51:52.647] [244200] [I] Public symbol found for H:/SteamLibrary/steamapps/common/Skyrim Special Edition/data/SKSE/Plugins/hdtSMP64.dll+00DA3FC:  G:\source\hdtsmp-working\HDTSMP-Sandbox\Flex for 1.6.1170 - .8.00.17\hdtSMP64\Hooks.cpp:135 void hdt::BSFaceGenNiNodeEx::SkinAllGeometry(NiNode *,BSGeometry *,char) [?SkinAllGeometry@BSFaceGenNiNodeEx@hdt@@QEAAXPEAVNiNode@@PEAVBSGeometry@@D@Z] G:\source\hdtsmp-working\HDTSMP-Sandbox\Flex for 1.6.1170 - .8.00.17\hdtSMP64\Hooks.cpp:164 void hdt::BSFaceGenNiNodeEx::SkinAllGeometry(NiNode *,BSGeometry *,char) [?SkinAllGeometry@BSFaceGenNiNodeEx@hdt@@QEAAXPEAVNiNode@@PEAVBSGeometry@@D@Z]
[11:51:52.648] [244200] [I] Attempting to load pdb for H:/SteamLibrary/steamapps/common/Skyrim Special Edition/data/SKSE/Plugins/hdtSMP64.dll+00DA3FC (searchPath Data/SKSE/Plugins)
[11:51:52.657] [244200] [I] Successfully opened pdb for dll H:/SteamLibrary/steamapps/common/Skyrim Special Edition/data/SKSE/Plugins/hdtSMP64.dll+00DA3FC from H:\SteamLibrary\steamapps\common\Skyrim Special Edition\data\SKSE\Plugins\hdtSMP64.pdb
[11:51:52.680] [244200] [I] Attempting to load pdb for H:/SteamLibrary/steamapps/common/Skyrim Special Edition/data/skse/plugins/MuJointFix.dll+0026086 (searchPath Data/SKSE/Plugins)
[11:51:52.683] [244200] [I] Successfully opened pdb for dll H:/SteamLibrary/steamapps/common/Skyrim Special Edition/data/skse/plugins/MuJointFix.dll+0026086 from H:\SteamLibrary\steamapps\common\Skyrim Special Edition\data\skse\plugins\MuJointFix.pdb
[11:51:52.685] [244200] [I] Symbol returning:  D:\VS\MuJointFix\src\Hook.cpp:19 void Mus::onFaceGen(RE::BSFaceGenNiNode *,RE::NiNode *,RE::BSGeometry *,char) [?onFaceGen@Mus@@YAXPEAVBSFaceGenNiNode@RE@@PEAVNiNode@3@PEAVBSGeometry@3@D@Z] D:\VS\MuJointFix\src\Hook.cpp:30 void Mus::onFaceGen(RE::BSFaceGenNiNode *,RE::NiNode *,RE::BSGeometry *,char) [?onFaceGen@Mus@@YAXPEAVBSFaceGenNiNode@RE@@PEAVNiNode@3@PEAVBSGeometry@3@D@Z]
[11:51:52.685] [244200] [I] Public symbol found for H:/SteamLibrary/steamapps/common/Skyrim Special Edition/data/skse/plugins/MuJointFix.dll+0026086:  D:\VS\MuJointFix\src\Hook.cpp:19 void Mus::onFaceGen(RE::BSFaceGenNiNode *,RE::NiNode *,RE::BSGeometry *,char) [?onFaceGen@Mus@@YAXPEAVBSFaceGenNiNode@RE@@PEAVNiNode@3@PEAVBSGeometry@3@D@Z] D:\VS\MuJointFix\src\Hook.cpp:30 void Mus::onFaceGen(RE::BSFaceGenNiNode *,RE::NiNode *,RE::BSGeometry *,char) [?onFaceGen@Mus@@YAXPEAVBSFaceGenNiNode@RE@@PEAVNiNode@3@PEAVBSGeometry@3@D@Z]
[11:51:52.687] [244200] [I] Attempting to load pdb for H:/SteamLibrary/steamapps/common/Skyrim Special Edition/data/skse/plugins/MuJointFix.dll+0026086 (searchPath Data/SKSE/Plugins)
[11:51:52.689] [244200] [I] Successfully opened pdb for dll H:/SteamLibrary/steamapps/common/Skyrim Special Edition/data/skse/plugins/MuJointFix.dll+0026086 from H:\SteamLibrary\steamapps\common\Skyrim Special Edition\data\skse\plugins\MuJointFix.pdb
[11:51:52.721] [244200] [I] Attempting to load pdb for H:/SteamLibrary/steamapps/common/Skyrim Special Edition/SkyrimSE.exe+03BCCE1 (searchPath Data/SKSE/Plugins)
[11:51:52.740] [244200] [I] Failed to open pdb for dll H:/SteamLibrary/steamapps/common/Skyrim Special Edition/SkyrimSE.exe+03BCCE1	PDB signature mismatch
[11:51:52.741] [244200] [I] Attempting to load pdb for H:/SteamLibrary/steamapps/common/Skyrim Special Edition/SkyrimSE.exe+03BCCE1 (searchPath Data/SKSE/Plugins)
[11:51:52.760] [244200] [I] Failed to open pdb for dll H:/SteamLibrary/steamapps/common/Skyrim Special Edition/SkyrimSE.exe+03BCCE1	PDB signature mismatch
[11:51:52.762] [244200] [I] Attempting to load pdb for H:/SteamLibrary/steamapps/common/Skyrim Special Edition/SkyrimSE.exe+06E3D93 (searchPath Data/SKSE/Plugins)
[11:51:52.780] [244200] [I] Failed to open pdb for dll H:/SteamLibrary/steamapps/common/Skyrim Special Edition/SkyrimSE.exe+06E3D93	PDB signature mismatch
[11:51:52.781] [244200] [I] Attempting to load pdb for H:/SteamLibrary/steamapps/common/Skyrim Special Edition/SkyrimSE.exe+06E3D93 (searchPath Data/SKSE/Plugins)
[11:51:52.800] [244200] [I] Failed to open pdb for dll H:/SteamLibrary/steamapps/common/Skyrim Special Edition/SkyrimSE.exe+06E3D93	PDB signature mismatch
[11:51:52.801] [244200] [I] Attempting to load pdb for H:/SteamLibrary/steamapps/common/Skyrim Special Edition/skse64_1_6_1170.dll+000DEFF (searchPath Data/SKSE/Plugins)
[11:51:52.820] [244200] [I] Failed to open pdb for dll H:/SteamLibrary/steamapps/common/Skyrim Special Edition/skse64_1_6_1170.dll+000DEFF	PDB signature mismatch
[11:51:52.821] [244200] [I] Attempting to load pdb for H:/SteamLibrary/steamapps/common/Skyrim Special Edition/skse64_1_6_1170.dll+000DEFF (searchPath Data/SKSE/Plugins)
[11:51:52.840] [244200] [I] Failed to open pdb for dll H:/SteamLibrary/steamapps/common/Skyrim Special Edition/skse64_1_6_1170.dll+000DEFF	PDB signature mismatch
[11:51:52.841] [244200] [I] Attempting to load pdb for H:/SteamLibrary/steamapps/common/Skyrim Special Edition/SkyrimSE.exe+07270AC (searchPath Data/SKSE/Plugins)
[11:51:52.860] [244200] [I] Failed to open pdb for dll H:/SteamLibrary/steamapps/common/Skyrim Special Edition/SkyrimSE.exe+07270AC	PDB signature mismatch
[11:51:52.861] [244200] [I] Attempting to load pdb for H:/SteamLibrary/steamapps/common/Skyrim Special Edition/SkyrimSE.exe+07270AC (searchPath Data/SKSE/Plugins)
[11:51:52.880] [244200] [I] Failed to open pdb for dll H:/SteamLibrary/steamapps/common/Skyrim Special Edition/SkyrimSE.exe+07270AC	PDB signature mismatch
[11:51:52.881] [244200] [I] Attempting to load pdb for H:/SteamLibrary/steamapps/common/Skyrim Special Edition/data/SKSE/Plugins/DynamicBodyDistribution.dll+00434A8 (searchPath Data/SKSE/Plugins)
[11:51:52.886] [244200] [I] Successfully opened pdb for dll H:/SteamLibrary/steamapps/common/Skyrim Special Edition/data/SKSE/Plugins/DynamicBodyDistribution.dll+00434A8 from H:\SteamLibrary\steamapps\common\Skyrim Special Edition\data\SKSE\Plugins\DynamicBodyDistribution.pdb
[11:51:52.891] [244200] [I] Symbol returning:  C:\Development\skse64\DynamicBodyDistribution\src\DBD\Hooks\Hooks.cpp:45 static void DBD::Hooks::DoReset3D(RE::Actor &,bool) [?DoReset3D@Hooks@DBD@@CAXAEAVActor@RE@@_N@Z]
[11:51:52.891] [244200] [I] Public symbol found for H:/SteamLibrary/steamapps/common/Skyrim Special Edition/data/SKSE/Plugins/DynamicBodyDistribution.dll+00434A8:  C:\Development\skse64\DynamicBodyDistribution\src\DBD\Hooks\Hooks.cpp:45 static void DBD::Hooks::DoReset3D(RE::Actor &,bool) [?DoReset3D@Hooks@DBD@@CAXAEAVActor@RE@@_N@Z]
[11:51:52.893] [244200] [I] Attempting to load pdb for H:/SteamLibrary/steamapps/common/Skyrim Special Edition/data/SKSE/Plugins/DynamicBodyDistribution.dll+00434A8 (searchPath Data/SKSE/Plugins)
[11:51:52.897] [244200] [I] Successfully opened pdb for dll H:/SteamLibrary/steamapps/common/Skyrim Special Edition/data/SKSE/Plugins/DynamicBodyDistribution.dll+00434A8 from H:\SteamLibrary\steamapps\common\Skyrim Special Edition\data\SKSE\Plugins\DynamicBodyDistribution.pdb
[11:51:53.148] [244200] [I] Attempting to load pdb for H:/SteamLibrary/steamapps/common/Skyrim Special Edition/SkyrimSE.exe+0CEC9C8 (searchPath Data/SKSE/Plugins)
[11:51:53.167] [244200] [I] Failed to open pdb for dll H:/SteamLibrary/steamapps/common/Skyrim Special Edition/SkyrimSE.exe+0CEC9C8	PDB signature mismatch
[11:51:53.168] [244200] [I] Attempting to load pdb for H:/SteamLibrary/steamapps/common/Skyrim Special Edition/SkyrimSE.exe+0CEC9C8 (searchPath Data/SKSE/Plugins)
[11:51:53.187] [244200] [I] Failed to open pdb for dll H:/SteamLibrary/steamapps/common/Skyrim Special Edition/SkyrimSE.exe+0CEC9C8	PDB signature mismatch
[11:51:53.188] [244200] [I] Attempting to load pdb for H:/SteamLibrary/steamapps/common/Skyrim Special Edition/SkyrimSE.exe+0432375 (searchPath Data/SKSE/Plugins)
[11:51:53.207] [244200] [I] Failed to open pdb for dll H:/SteamLibrary/steamapps/common/Skyrim Special Edition/SkyrimSE.exe+0432375	PDB signature mismatch
[11:51:53.208] [244200] [I] Attempting to load pdb for H:/SteamLibrary/steamapps/common/Skyrim Special Edition/SkyrimSE.exe+0432375 (searchPath Data/SKSE/Plugins)
[11:51:53.227] [244200] [I] Failed to open pdb for dll H:/SteamLibrary/steamapps/common/Skyrim Special Edition/SkyrimSE.exe+0432375	PDB signature mismatch
[11:51:53.228] [244200] [I] Attempting to load pdb for H:/SteamLibrary/steamapps/common/Skyrim Special Edition/data/SKSE/Plugins/hdtSMP64.dll+00DA054 (searchPath Data/SKSE/Plugins)
[11:51:53.238] [244200] [I] Successfully opened pdb for dll H:/SteamLibrary/steamapps/common/Skyrim Special Edition/data/SKSE/Plugins/hdtSMP64.dll+00DA054 from H:\SteamLibrary\steamapps\common\Skyrim Special Edition\data\SKSE\Plugins\hdtSMP64.pdb
[11:51:53.248] [244200] [I] Symbol returning:  G:\source\hdtsmp-working\HDTSMP-Sandbox\Flex for 1.6.1170 - .8.00.17\hdtSMP64\Hooks.cpp:79 void hdt::BSFaceGenNiNodeEx::SkinAllGeometryCalls(NiNode *,BSGeometry *,char) [?SkinAllGeometryCalls@BSFaceGenNiNodeEx@hdt@@QEAAXPEAVNiNode@@PEAVBSGeometry@@D@Z]
[11:51:53.248] [244200] [I] Public symbol found for H:/SteamLibrary/steamapps/common/Skyrim Special Edition/data/SKSE/Plugins/hdtSMP64.dll+00DA054:  G:\source\hdtsmp-working\HDTSMP-Sandbox\Flex for 1.6.1170 - .8.00.17\hdtSMP64\Hooks.cpp:79 void hdt::BSFaceGenNiNodeEx::SkinAllGeometryCalls(NiNode *,BSGeometry *,char) [?SkinAllGeometryCalls@BSFaceGenNiNodeEx@hdt@@QEAAXPEAVNiNode@@PEAVBSGeometry@@D@Z]
[11:51:53.249] [244200] [I] Attempting to load pdb for H:/SteamLibrary/steamapps/common/Skyrim Special Edition/data/SKSE/Plugins/hdtSMP64.dll+00DA054 (searchPath Data/SKSE/Plugins)
[11:51:53.258] [244200] [I] Successfully opened pdb for dll H:/SteamLibrary/steamapps/common/Skyrim Special Edition/data/SKSE/Plugins/hdtSMP64.dll+00DA054 from H:\SteamLibrary\steamapps\common\Skyrim Special Edition\data\SKSE\Plugins\hdtSMP64.pdb
[11:51:53.284] [244200] [I] Attempting to load pdb for H:/SteamLibrary/steamapps/common/Skyrim Special Edition/data/SKSE/Plugins/hdtSMP64.dll+00DA3FC (searchPath Data/SKSE/Plugins)
[11:51:53.293] [244200] [I] Successfully opened pdb for dll H:/SteamLibrary/steamapps/common/Skyrim Special Edition/data/SKSE/Plugins/hdtSMP64.dll+00DA3FC from H:\SteamLibrary\steamapps\common\Skyrim Special Edition\data\SKSE\Plugins\hdtSMP64.pdb
[11:51:53.304] [244200] [I] Symbol returning:  G:\source\hdtsmp-working\HDTSMP-Sandbox\Flex for 1.6.1170 - .8.00.17\hdtSMP64\Hooks.cpp:135 void hdt::BSFaceGenNiNodeEx::SkinAllGeometry(NiNode *,BSGeometry *,char) [?SkinAllGeometry@BSFaceGenNiNodeEx@hdt@@QEAAXPEAVNiNode@@PEAVBSGeometry@@D@Z] G:\source\hdtsmp-working\HDTSMP-Sandbox\Flex for 1.6.1170 - .8.00.17\hdtSMP64\Hooks.cpp:164 void hdt::BSFaceGenNiNodeEx::SkinAllGeometry(NiNode *,BSGeometry *,char) [?SkinAllGeometry@BSFaceGenNiNodeEx@hdt@@QEAAXPEAVNiNode@@PEAVBSGeometry@@D@Z]
[11:51:53.304] [244200] [I] Public symbol found for H:/SteamLibrary/steamapps/common/Skyrim Special Edition/data/SKSE/Plugins/hdtSMP64.dll+00DA3FC:  G:\source\hdtsmp-working\HDTSMP-Sandbox\Flex for 1.6.1170 - .8.00.17\hdtSMP64\Hooks.cpp:135 void hdt::BSFaceGenNiNodeEx::SkinAllGeometry(NiNode *,BSGeometry *,char) [?SkinAllGeometry@BSFaceGenNiNodeEx@hdt@@QEAAXPEAVNiNode@@PEAVBSGeometry@@D@Z] G:\source\hdtsmp-working\HDTSMP-Sandbox\Flex for 1.6.1170 - .8.00.17\hdtSMP64\Hooks.cpp:164 void hdt::BSFaceGenNiNodeEx::SkinAllGeometry(NiNode *,BSGeometry *,char) [?SkinAllGeometry@BSFaceGenNiNodeEx@hdt@@QEAAXPEAVNiNode@@PEAVBSGeometry@@D@Z]
[11:51:53.305] [244200] [I] Attempting to load pdb for H:/SteamLibrary/steamapps/common/Skyrim Special Edition/data/SKSE/Plugins/hdtSMP64.dll+00DA3FC (searchPath Data/SKSE/Plugins)
[11:51:53.315] [244200] [I] Successfully opened pdb for dll H:/SteamLibrary/steamapps/common/Skyrim Special Edition/data/SKSE/Plugins/hdtSMP64.dll+00DA3FC from H:\SteamLibrary\steamapps\common\Skyrim Special Edition\data\SKSE\Plugins\hdtSMP64.pdb
[11:51:53.338] [244200] [I] Attempting to load pdb for H:/SteamLibrary/steamapps/common/Skyrim Special Edition/data/skse/plugins/MuJointFix.dll+0026086 (searchPath Data/SKSE/Plugins)
[11:51:53.341] [244200] [I] Successfully opened pdb for dll H:/SteamLibrary/steamapps/common/Skyrim Special Edition/data/skse/plugins/MuJointFix.dll+0026086 from H:\SteamLibrary\steamapps\common\Skyrim Special Edition\data\skse\plugins\MuJointFix.pdb
[11:51:53.344] [244200] [I] Symbol returning:  D:\VS\MuJointFix\src\Hook.cpp:19 void Mus::onFaceGen(RE::BSFaceGenNiNode *,RE::NiNode *,RE::BSGeometry *,char) [?onFaceGen@Mus@@YAXPEAVBSFaceGenNiNode@RE@@PEAVNiNode@3@PEAVBSGeometry@3@D@Z] D:\VS\MuJointFix\src\Hook.cpp:30 void Mus::onFaceGen(RE::BSFaceGenNiNode *,RE::NiNode *,RE::BSGeometry *,char) [?onFaceGen@Mus@@YAXPEAVBSFaceGenNiNode@RE@@PEAVNiNode@3@PEAVBSGeometry@3@D@Z]
[11:51:53.344] [244200] [I] Public symbol found for H:/SteamLibrary/steamapps/common/Skyrim Special Edition/data/skse/plugins/MuJointFix.dll+0026086:  D:\VS\MuJointFix\src\Hook.cpp:19 void Mus::onFaceGen(RE::BSFaceGenNiNode *,RE::NiNode *,RE::BSGeometry *,char) [?onFaceGen@Mus@@YAXPEAVBSFaceGenNiNode@RE@@PEAVNiNode@3@PEAVBSGeometry@3@D@Z] D:\VS\MuJointFix\src\Hook.cpp:30 void Mus::onFaceGen(RE::BSFaceGenNiNode *,RE::NiNode *,RE::BSGeometry *,char) [?onFaceGen@Mus@@YAXPEAVBSFaceGenNiNode@RE@@PEAVNiNode@3@PEAVBSGeometry@3@D@Z]
[11:51:53.345] [244200] [I] Attempting to load pdb for H:/SteamLibrary/steamapps/common/Skyrim Special Edition/data/skse/plugins/MuJointFix.dll+0026086 (searchPath Data/SKSE/Plugins)
[11:51:53.347] [244200] [I] Successfully opened pdb for dll H:/SteamLibrary/steamapps/common/Skyrim Special Edition/data/skse/plugins/MuJointFix.dll+0026086 from H:\SteamLibrary\steamapps\common\Skyrim Special Edition\data\skse\plugins\MuJointFix.pdb
[11:51:53.358] [244200] [I] Attempting to load pdb for H:/SteamLibrary/steamapps/common/Skyrim Special Edition/SkyrimSE.exe+03BCCE1 (searchPath Data/SKSE/Plugins)
[11:51:53.376] [244200] [I] Failed to open pdb for dll H:/SteamLibrary/steamapps/common/Skyrim Special Edition/SkyrimSE.exe+03BCCE1	PDB signature mismatch
[11:51:53.378] [244200] [I] Attempting to load pdb for H:/SteamLibrary/steamapps/common/Skyrim Special Edition/SkyrimSE.exe+03BCCE1 (searchPath Data/SKSE/Plugins)
[11:51:53.396] [244200] [I] Failed to open pdb for dll H:/SteamLibrary/steamapps/common/Skyrim Special Edition/SkyrimSE.exe+03BCCE1	PDB signature mismatch
[11:51:53.397] [244200] [I] Attempting to load pdb for H:/SteamLibrary/steamapps/common/Skyrim Special Edition/SkyrimSE.exe+06E3D93 (searchPath Data/SKSE/Plugins)
[11:51:53.416] [244200] [I] Failed to open pdb for dll H:/SteamLibrary/steamapps/common/Skyrim Special Edition/SkyrimSE.exe+06E3D93	PDB signature mismatch
[11:51:53.417] [244200] [I] Attempting to load pdb for H:/SteamLibrary/steamapps/common/Skyrim Special Edition/SkyrimSE.exe+06E3D93 (searchPath Data/SKSE/Plugins)
[11:51:53.436] [244200] [I] Failed to open pdb for dll H:/SteamLibrary/steamapps/common/Skyrim Special Edition/SkyrimSE.exe+06E3D93	PDB signature mismatch
[11:51:53.438] [244200] [I] Attempting to load pdb for H:/SteamLibrary/steamapps/common/Skyrim Special Edition/skse64_1_6_1170.dll+000DEFF (searchPath Data/SKSE/Plugins)
[11:51:53.456] [244200] [I] Failed to open pdb for dll H:/SteamLibrary/steamapps/common/Skyrim Special Edition/skse64_1_6_1170.dll+000DEFF	PDB signature mismatch
[11:51:53.458] [244200] [I] Attempting to load pdb for H:/SteamLibrary/steamapps/common/Skyrim Special Edition/skse64_1_6_1170.dll+000DEFF (searchPath Data/SKSE/Plugins)
[11:51:53.476] [244200] [I] Failed to open pdb for dll H:/SteamLibrary/steamapps/common/Skyrim Special Edition/skse64_1_6_1170.dll+000DEFF	PDB signature mismatch
[11:51:53.478] [244200] [I] Attempting to load pdb for H:/SteamLibrary/steamapps/common/Skyrim Special Edition/SkyrimSE.exe+07270AC (searchPath Data/SKSE/Plugins)
[11:51:53.496] [244200] [I] Failed to open pdb for dll H:/SteamLibrary/steamapps/common/Skyrim Special Edition/SkyrimSE.exe+07270AC	PDB signature mismatch
[11:51:53.498] [244200] [I] Attempting to load pdb for H:/SteamLibrary/steamapps/common/Skyrim Special Edition/SkyrimSE.exe+07270AC (searchPath Data/SKSE/Plugins)
[11:51:53.516] [244200] [I] Failed to open pdb for dll H:/SteamLibrary/steamapps/common/Skyrim Special Edition/SkyrimSE.exe+07270AC	PDB signature mismatch
[11:51:53.518] [244200] [I] Attempting to load pdb for H:/SteamLibrary/steamapps/common/Skyrim Special Edition/data/SKSE/Plugins/DynamicBodyDistribution.dll+00434A8 (searchPath Data/SKSE/Plugins)
[11:51:53.522] [244200] [I] Successfully opened pdb for dll H:/SteamLibrary/steamapps/common/Skyrim Special Edition/data/SKSE/Plugins/DynamicBodyDistribution.dll+00434A8 from H:\SteamLibrary\steamapps\common\Skyrim Special Edition\data\SKSE\Plugins\DynamicBodyDistribution.pdb
[11:51:53.527] [244200] [I] Symbol returning:  C:\Development\skse64\DynamicBodyDistribution\src\DBD\Hooks\Hooks.cpp:45 static void DBD::Hooks::DoReset3D(RE::Actor &,bool) [?DoReset3D@Hooks@DBD@@CAXAEAVActor@RE@@_N@Z]
[11:51:53.527] [244200] [I] Public symbol found for H:/SteamLibrary/steamapps/common/Skyrim Special Edition/data/SKSE/Plugins/DynamicBodyDistribution.dll+00434A8:  C:\Development\skse64\DynamicBodyDistribution\src\DBD\Hooks\Hooks.cpp:45 static void DBD::Hooks::DoReset3D(RE::Actor &,bool) [?DoReset3D@Hooks@DBD@@CAXAEAVActor@RE@@_N@Z]
[11:51:53.529] [244200] [I] Attempting to load pdb for H:/SteamLibrary/steamapps/common/Skyrim Special Edition/data/SKSE/Plugins/DynamicBodyDistribution.dll+00434A8 (searchPath Data/SKSE/Plugins)
[11:51:53.533] [244200] [I] Successfully opened pdb for dll H:/SteamLibrary/steamapps/common/Skyrim Special Edition/data/SKSE/Plugins/DynamicBodyDistribution.dll+00434A8 from H:\SteamLibrary\steamapps\common\Skyrim Special Edition\data\SKSE\Plugins\DynamicBodyDistribution.pdb
[11:51:53.548] [244200] [I] Attempting to load pdb for H:/SteamLibrary/steamapps/common/Skyrim Special Edition/data/SKSE/Plugins/hdtSMP64.dll+019A723 (searchPath Data/SKSE/Plugins)
[11:51:53.558] [244200] [I] Successfully opened pdb for dll H:/SteamLibrary/steamapps/common/Skyrim Special Edition/data/SKSE/Plugins/hdtSMP64.dll+019A723 from H:\SteamLibrary\steamapps\common\Skyrim Special Edition\data\SKSE\Plugins\hdtSMP64.pdb
[11:51:53.568] [244200] [I] Symbol returning:  D:\a\_work\1\s\src\vctools\crt\github\stl\src\mutex.cpp:161 _Mtx_unlock
[11:51:53.568] [244200] [I] Public symbol found for H:/SteamLibrary/steamapps/common/Skyrim Special Edition/data/SKSE/Plugins/hdtSMP64.dll+019A723:  D:\a\_work\1\s\src\vctools\crt\github\stl\src\mutex.cpp:161 _Mtx_unlock
[11:51:53.570] [244200] [I] Attempting to load pdb for H:/SteamLibrary/steamapps/common/Skyrim Special Edition/data/SKSE/Plugins/hdtSMP64.dll+019A723 (searchPath Data/SKSE/Plugins)
[11:51:53.580] [244200] [I] Successfully opened pdb for dll H:/SteamLibrary/steamapps/common/Skyrim Special Edition/data/SKSE/Plugins/hdtSMP64.dll+019A723 from H:\SteamLibrary\steamapps\common\Skyrim Special Edition\data\SKSE\Plugins\hdtSMP64.pdb
[11:51:53.606] [244200] [I] Attempting to load pdb for H:/SteamLibrary/steamapps/common/Skyrim Special Edition/SkyrimSE.exe+0D26568 (searchPath Data/SKSE/Plugins)
[11:51:53.625] [244200] [I] Failed to open pdb for dll H:/SteamLibrary/steamapps/common/Skyrim Special Edition/SkyrimSE.exe+0D26568	PDB signature mismatch
[11:51:53.626] [244200] [I] Attempting to load pdb for H:/SteamLibrary/steamapps/common/Skyrim Special Edition/SkyrimSE.exe+0D26568 (searchPath Data/SKSE/Plugins)
[11:51:53.645] [244200] [I] Failed to open pdb for dll H:/SteamLibrary/steamapps/common/Skyrim Special Edition/SkyrimSE.exe+0D26568	PDB signature mismatch
[11:51:53.646] [244200] [I] Attempting to load pdb for H:/SteamLibrary/steamapps/common/Skyrim Special Edition/SkyrimSE.exe+072773A (searchPath Data/SKSE/Plugins)
[11:51:53.665] [244200] [I] Failed to open pdb for dll H:/SteamLibrary/steamapps/common/Skyrim Special Edition/SkyrimSE.exe+072773A	PDB signature mismatch
[11:51:53.666] [244200] [I] Attempting to load pdb for H:/SteamLibrary/steamapps/common/Skyrim Special Edition/SkyrimSE.exe+072773A (searchPath Data/SKSE/Plugins)
[11:51:53.685] [244200] [I] Failed to open pdb for dll H:/SteamLibrary/steamapps/common/Skyrim Special Edition/SkyrimSE.exe+072773A	PDB signature mismatch
[11:51:53.686] [244200] [I] Attempting to load pdb for H:/SteamLibrary/steamapps/common/Skyrim Special Edition/data/SKSE/Plugins/DynamicBodyDistribution.dll+0043480 (searchPath Data/SKSE/Plugins)
[11:51:53.691] [244200] [I] Successfully opened pdb for dll H:/SteamLibrary/steamapps/common/Skyrim Special Edition/data/SKSE/Plugins/DynamicBodyDistribution.dll+0043480 from H:\SteamLibrary\steamapps\common\Skyrim Special Edition\data\SKSE\Plugins\DynamicBodyDistribution.pdb
[11:51:53.696] [244200] [I] Symbol returning:  C:\Development\skse64\DynamicBodyDistribution\src\DBD\Hooks\Hooks.cpp:42 static void DBD::Hooks::DoReset3D(RE::Actor &,bool) [?DoReset3D@Hooks@DBD@@CAXAEAVActor@RE@@_N@Z]
[11:51:53.696] [244200] [I] Public symbol found for H:/SteamLibrary/steamapps/common/Skyrim Special Edition/data/SKSE/Plugins/DynamicBodyDistribution.dll+0043480:  C:\Development\skse64\DynamicBodyDistribution\src\DBD\Hooks\Hooks.cpp:42 static void DBD::Hooks::DoReset3D(RE::Actor &,bool) [?DoReset3D@Hooks@DBD@@CAXAEAVActor@RE@@_N@Z]
[11:51:53.697] [244200] [I] Attempting to load pdb for H:/SteamLibrary/steamapps/common/Skyrim Special Edition/data/SKSE/Plugins/DynamicBodyDistribution.dll+0043480 (searchPath Data/SKSE/Plugins)
[11:51:53.702] [244200] [I] Successfully opened pdb for dll H:/SteamLibrary/steamapps/common/Skyrim Special Edition/data/SKSE/Plugins/DynamicBodyDistribution.dll+0043480 from H:\SteamLibrary\steamapps\common\Skyrim Special Edition\data\SKSE\Plugins\DynamicBodyDistribution.pdb
[11:51:53.716] [244200] [I] Attempting to load pdb for H:/SteamLibrary/steamapps/common/Skyrim Special Edition/SkyrimSE.exe+0647A01 (searchPath Data/SKSE/Plugins)
[11:51:53.735] [244200] [I] Failed to open pdb for dll H:/SteamLibrary/steamapps/common/Skyrim Special Edition/SkyrimSE.exe+0647A01	PDB signature mismatch
[11:51:53.736] [244200] [I] Attempting to load pdb for H:/SteamLibrary/steamapps/common/Skyrim Special Edition/SkyrimSE.exe+0647A01 (searchPath Data/SKSE/Plugins)
[11:51:53.755] [244200] [I] Failed to open pdb for dll H:/SteamLibrary/steamapps/common/Skyrim Special Edition/SkyrimSE.exe+0647A01	PDB signature mismatch
[11:51:53.756] [244200] [I] Attempting to load pdb for H:/SteamLibrary/steamapps/common/Skyrim Special Edition/SkyrimSE.exe+06D356F (searchPath Data/SKSE/Plugins)
[11:51:53.775] [244200] [I] Failed to open pdb for dll H:/SteamLibrary/steamapps/common/Skyrim Special Edition/SkyrimSE.exe+06D356F	PDB signature mismatch
[11:51:53.776] [244200] [I] Attempting to load pdb for H:/SteamLibrary/steamapps/common/Skyrim Special Edition/SkyrimSE.exe+06D356F (searchPath Data/SKSE/Plugins)
[11:51:53.795] [244200] [I] Failed to open pdb for dll H:/SteamLibrary/steamapps/common/Skyrim Special Edition/SkyrimSE.exe+06D356F	PDB signature mismatch
[11:51:53.796] [244200] [I] Attempting to load pdb for H:/SteamLibrary/steamapps/common/Skyrim Special Edition/SkyrimSE.exe+07766D4 (searchPath Data/SKSE/Plugins)
[11:51:53.815] [244200] [I] Failed to open pdb for dll H:/SteamLibrary/steamapps/common/Skyrim Special Edition/SkyrimSE.exe+07766D4	PDB signature mismatch
[11:51:53.816] [244200] [I] Attempting to load pdb for H:/SteamLibrary/steamapps/common/Skyrim Special Edition/SkyrimSE.exe+07766D4 (searchPath Data/SKSE/Plugins)
[11:51:53.835] [244200] [I] Failed to open pdb for dll H:/SteamLibrary/steamapps/common/Skyrim Special Edition/SkyrimSE.exe+07766D4	PDB signature mismatch
[11:51:53.836] [244200] [I] Attempting to load pdb for H:/SteamLibrary/steamapps/common/Skyrim Special Edition/SkyrimSE.exe+0CF7888 (searchPath Data/SKSE/Plugins)
[11:51:53.855] [244200] [I] Failed to open pdb for dll H:/SteamLibrary/steamapps/common/Skyrim Special Edition/SkyrimSE.exe+0CF7888	PDB signature mismatch
[11:51:53.856] [244200] [I] Attempting to load pdb for H:/SteamLibrary/steamapps/common/Skyrim Special Edition/SkyrimSE.exe+0CF7888 (searchPath Data/SKSE/Plugins)
[11:51:53.875] [244200] [I] Failed to open pdb for dll H:/SteamLibrary/steamapps/common/Skyrim Special Edition/SkyrimSE.exe+0CF7888	PDB signature mismatch
[11:51:53.876] [244200] [I] Attempting to load pdb for C:/WINDOWS/System32/KERNELBASE.dll+006291D (searchPath Data/SKSE/Plugins)
[11:51:53.877] [244200] [I] Failed to open pdb for dll C:/WINDOWS/System32/KERNELBASE.dll+006291D	PDB signature mismatch
[11:51:53.878] [244200] [I] Attempting to load pdb for C:/WINDOWS/System32/KERNELBASE.dll+006291D (searchPath Data/SKSE/Plugins)
[11:51:53.879] [244200] [I] Failed to open pdb for dll C:/WINDOWS/System32/KERNELBASE.dll+006291D	PDB signature mismatch
[11:51:53.880] [244200] [I] Attempting to load pdb for H:/SteamLibrary/steamapps/common/Skyrim Special Edition/SkyrimSE.exe+0CF7E51 (searchPath Data/SKSE/Plugins)
[11:51:53.899] [244200] [I] Failed to open pdb for dll H:/SteamLibrary/steamapps/common/Skyrim Special Edition/SkyrimSE.exe+0CF7E51	PDB signature mismatch
[11:51:53.900] [244200] [I] Attempting to load pdb for H:/SteamLibrary/steamapps/common/Skyrim Special Edition/SkyrimSE.exe+0CF7E51 (searchPath Data/SKSE/Plugins)
[11:51:53.919] [244200] [I] Failed to open pdb for dll H:/SteamLibrary/steamapps/common/Skyrim Special Edition/SkyrimSE.exe+0CF7E51	PDB signature mismatch
[11:51:53.920] [244200] [I] Attempting to load pdb for H:/SteamLibrary/steamapps/common/Skyrim Special Edition/SkyrimSE.exe+0CF61DA (searchPath Data/SKSE/Plugins)
[11:51:53.939] [244200] [I] Failed to open pdb for dll H:/SteamLibrary/steamapps/common/Skyrim Special Edition/SkyrimSE.exe+0CF61DA	PDB signature mismatch
[11:51:53.940] [244200] [I] Attempting to load pdb for H:/SteamLibrary/steamapps/common/Skyrim Special Edition/SkyrimSE.exe+0CF61DA (searchPath Data/SKSE/Plugins)
[11:51:53.959] [244200] [I] Failed to open pdb for dll H:/SteamLibrary/steamapps/common/Skyrim Special Edition/SkyrimSE.exe+0CF61DA	PDB signature mismatch
[11:51:53.960] [244200] [I] Attempting to load pdb for H:/SteamLibrary/steamapps/common/Skyrim Special Edition/SkyrimSE.exe+0CD0DBD (searchPath Data/SKSE/Plugins)
[11:51:53.979] [244200] [I] Failed to open pdb for dll H:/SteamLibrary/steamapps/common/Skyrim Special Edition/SkyrimSE.exe+0CD0DBD	PDB signature mismatch
[11:51:53.980] [244200] [I] Attempting to load pdb for H:/SteamLibrary/steamapps/common/Skyrim Special Edition/SkyrimSE.exe+0CD0DBD (searchPath Data/SKSE/Plugins)
[11:51:53.999] [244200] [I] Failed to open pdb for dll H:/SteamLibrary/steamapps/common/Skyrim Special Edition/SkyrimSE.exe+0CD0DBD	PDB signature mismatch
[11:51:54.000] [244200] [I] Attempting to load pdb for C:/WINDOWS/System32/KERNEL32.DLL+001259D (searchPath Data/SKSE/Plugins)
[11:51:54.001] [244200] [I] Failed to open pdb for dll C:/WINDOWS/System32/KERNEL32.DLL+001259D	PDB signature mismatch
[11:51:54.002] [244200] [I] Attempting to load pdb for C:/WINDOWS/System32/KERNEL32.DLL+001259D (searchPath Data/SKSE/Plugins)
[11:51:54.003] [244200] [I] Failed to open pdb for dll C:/WINDOWS/System32/KERNEL32.DLL+001259D	PDB signature mismatch
[11:51:54.004] [244200] [I] Attempting to load pdb for C:/WINDOWS/SYSTEM32/ntdll.dll+005AF78 (searchPath Data/SKSE/Plugins)
[11:51:54.005] [244200] [I] Failed to open pdb for dll C:/WINDOWS/SYSTEM32/ntdll.dll+005AF78	PDB signature mismatch
[11:51:54.006] [244200] [I] Attempting to load pdb for C:/WINDOWS/SYSTEM32/ntdll.dll+005AF78 (searchPath Data/SKSE/Plugins)
[11:51:54.007] [244200] [I] Failed to open pdb for dll C:/WINDOWS/SYSTEM32/ntdll.dll+005AF78	PDB signature mismatch
[11:51:54.008] [244200] [I] Attempting to load pdb for C:/WINDOWS/System32/KERNELBASE.dll+0181A60 (searchPath Data/SKSE/Plugins)
[11:51:54.009] [244200] [I] Failed to open pdb for dll C:/WINDOWS/System32/KERNELBASE.dll+0181A60	PDB signature mismatch
[11:51:54.010] [244200] [I] Attempting to load pdb for C:/WINDOWS/System32/KERNELBASE.dll+0181A60 (searchPath Data/SKSE/Plugins)
[11:51:54.011] [244200] [I] Failed to open pdb for dll C:/WINDOWS/System32/KERNELBASE.dll+0181A60	PDB signature mismatch
[11:51:54.267] [244200] [I] Attempting to auto-open log: H:\Mayhem's Madness AE\overwrite\SKSE\Plugins\crash-2026-07-23-11-51-51.log
[11:51:54.445] [244200] [I] Successfully auto-opened log with default handler
