SKSE64 runtime: initialize (version = 2.2.6 01064920 01DD1ABE3E0A7825, os = 6.2 (9200))
imagebase = 00007FF6CDA30000
reloc mgr imagebase = 00007FF6CDA30000
config path = H:\SteamLibrary\steamapps\common\Skyrim Special Edition\Data\SKSE\skse.ini
plugin directory = H:\SteamLibrary\steamapps\common\Skyrim Special Edition\Data\SKSE\Plugins\
scanning plugin directory H:\SteamLibrary\steamapps\common\Skyrim Special Edition\Data\SKSE\Plugins\
checking plugin AchievementsModsEnablerLoader.dll
checking plugin ActorLimitFix.dll
checking plugin AddItemMenuSE.dll
checking plugin ANDR_PapyrusFunctions.dll
checking plugin AnimationMotionRevolution.dll
checking plugin AnimationQueueFix.dll
checking plugin APoseFix.dll
checking plugin AuroraFix.dll
checking plugin AutoAudioSwitch.dll
checking plugin BarterLimitFix.dll
checking plugin BeardMaskFix.dll
checking plugin BehaviorDataInjector.dll
checking plugin BSAMemoryMap.dll
checking plugin BugFixesSSE.dll
checking plugin cbp.dll
plugin cbp.dll (00000000  00000000) no version data 0 (handle 0)
checking plugin CombatMusicFixNG.dll
checking plugin CommunityShaders.dll
checking plugin ConsoleCommander.dll
checking plugin ConsoleUtilSSE.dll
checking plugin ContainerItemDistributor.dll
checking plugin CraftingCategories.dll
checking plugin CrashLogger.dll
checking plugin cubemap_reflections.dll
plugin cubemap_reflections.dll (00000000  00000000) no version data 0 (handle 0)
checking plugin DescriptionFramework.dll
checking plugin diskCacheEnabler.dll
checking plugin DPIScalingFix.dll
checking plugin DynamicBodyDistribution.dll
checking plugin DynamicDialogueReplacer.dll
checking plugin DynamicStringDistributor.dll
checking plugin DynamicWind.dll
checking plugin EnchantmentArtExtender.dll
checking plugin EngineFixes.dll
checking plugin Experience.dll
checking plugin FaceGenFixes.dll
checking plugin FastDecompressSkyrim.dll
checking plugin FasterCellLookup.dll
checking plugin FavoritesMenuEffectsDescription.dll
checking plugin fiss.dll
plugin fiss.dll (00000000  00000000) no version data 0 (handle 0)
checking plugin FixNotesForSkyUI.dll
plugin FixNotesForSkyUI.dll (00000000  00000000) no version data 0 (handle 0)
checking plugin flexUtil.dll
checking plugin FormListManipulator.dll
checking plugin Fuz Ro D'oh.dll
checking plugin gotobed.dll
checking plugin GrassCacheHelperNG.dll
checking plugin hdtSMP64.dll
checking plugin Horde.dll
checking plugin ImWalkinHere.dll
checking plugin In-Game_Patcher.dll
checking plugin InfinityUI.dll
checking plugin InstantlySkipDialogueNG.dll
checking plugin intellightent-ng.dll
checking plugin InventoryInjector.dll
checking plugin JContainers64.dll
checking plugin KreatE.dll
checking plugin large_sector_fix.dll
checking plugin LocalMapUpgrade.dll
checking plugin loki_DynamicAnimationCasting.dll
checking plugin main_menu_randomizer.dll
checking plugin MaxsuAIProcessFix.dll
checking plugin MaxsuCombatEscape.dll
checking plugin MCMHelper.dll
checking plugin MediaKeysFix.dll
checking plugin MergeMapper.dll
checking plugin mfgfix.dll
checking plugin MLO.dll
checking plugin ModelSwapper.dll
checking plugin MoreInformativeConsole.dll
checking plugin MpClientPlugin.dll
plugin MpClientPlugin.dll (00000000  00000000) no version data 0 (handle 0)
checking plugin msdia140.dll
plugin msdia140.dll (00000000  00000000) no version data 0 (handle 0)
checking plugin MuJointFix.dll
checking plugin MumsTheWord.dll
checking plugin NativeEditorIDFix.dll
checking plugin NGIO-NG.dll
checking plugin ObjectManipulationOverhaul.dll
checking plugin OBody.dll
checking plugin OpenAnimationReplacer-RaySense.dll
checking plugin OpenAnimationReplacer.dll
checking plugin PairedAnimationImprovements.dll
checking plugin PAPER.dll
checking plugin PapyrusTweaks.dll
checking plugin PapyrusUtil.dll
checking plugin PassiveWeaponEnchantmentRecharging.dll
checking plugin PayloadInterpreter.dll
checking plugin PluginBrowser.dll
checking plugin PMCM.dll
checking plugin po3_AnimObjectSwapper.dll
checking plugin po3_BaseObjectSwapper.dll
checking plugin po3_ConsolePlusPlus.dll
checking plugin po3_FavoriteMiscItems.dll
checking plugin po3_KeywordItemDistributor.dll
checking plugin po3_LightPlacer.dll
checking plugin po3_LockVariations.dll
checking plugin po3_MoonMod.dll
plugin po3_MoonMod.dll (00000000  00000000) no version data 0 (handle 0)
checking plugin po3_PapyrusExtender.dll
checking plugin po3_SaveUnbaker.dll
checking plugin po3_SimpleOffenceSuppression.dll
checking plugin po3_SpellPerkItemDistributor.dll
checking plugin po3_SplashesOfStorms.dll
checking plugin po3_Tweaks.dll
checking plugin PriorityMod.dll
checking plugin PrismaUI.dll
checking plugin ProjectLegacy.dll
checking plugin race-compatibility.dll
checking plugin RealTimeScriptProfiler.dll
checking plugin RecursionFPSFix.dll
checking plugin Relight.dll
checking plugin RimLightingFix.dll
checking plugin RogueMasterDetector.dll
checking plugin RoguesGallery.dll
checking plugin ScaleformTranslationPP.dll
checking plugin SchlongsOfSkyrim.dll
checking plugin ScrabsPapyrusExtender.dll
checking plugin ScrambledBugs.dll
checking plugin skee64.dll
checking plugin SkeletonAutoPatch.dll
checking plugin SKSEMenuFramework.dll
checking plugin SkyPatcher.dll
checking plugin SkyrimOutfitEquipmentSystemNG.dll
checking plugin SkyrimPlatform.dll
checking plugin SoundRecordDistributor.dll
checking plugin SSEDisplayTweaks.dll
checking plugin StaggerEffectFix.dll
checking plugin StayAtSystemPageSE.dll
checking plugin StormLightning.dll
checking plugin TerrainHelper.dll
checking plugin WhoseQuestIsItAnyway.dll
checking plugin YesImSure.dll
checking plugin ZeroBountyHostilityFix.dll
loading plugin "Achievements Mods Enabler Loader (SKSE64, AE)"
plugin AchievementsModsEnablerLoader.dll (00000001 Achievements Mods Enabler Loader (SKSE64, AE) 00000001) loaded correctly (handle 1)
loading plugin "Actor Limit Fix"
plugin 2 allocated 11 bytes from branch pool
plugin 2 allocated 16 bytes from branch pool
plugin 2 allocated 11 bytes from branch pool
plugin 2 allocated 11 bytes from branch pool
plugin 2 allocated 11 bytes from branch pool
plugin 2 allocated 11 bytes from branch pool
plugin ActorLimitFix.dll (00000001 Actor Limit Fix 00000009) loaded correctly (handle 2)
loading plugin "AddItemMenuNG"
registering plugin listener for SKSE at 3 of 123
plugin AddItemMenuSE.dll (00000001 AddItemMenuNG 01040000) loaded correctly (handle 3)
loading plugin "ANDR_PapyrusFunctions"
plugin ANDR_PapyrusFunctions.dll (00000001 ANDR_PapyrusFunctions 00000010) loaded correctly (handle 4)
loading plugin "AnimationMotionRevolution"
plugin 5 allocated 45 bytes from branch pool
plugin 5 allocated 45 bytes from branch pool
plugin 5 allocated 49 bytes from branch pool
plugin 5 allocated 49 bytes from branch pool
plugin 5 allocated 49 bytes from branch pool
plugin 5 allocated 49 bytes from branch pool
plugin AnimationMotionRevolution.dll (00000001 AnimationMotionRevolution 01050030) loaded correctly (handle 5)
loading plugin "AnimationQueueFix"
plugin 6 allocated 14 bytes from branch pool
plugin AnimationQueueFix.dll (00000001 AnimationQueueFix 01000010) loaded correctly (handle 6)
loading plugin "APoseFix"
registering plugin listener for SKSE at 7 of 123
plugin 7 allocated 42 bytes from branch pool
plugin APoseFix.dll (00000001 APoseFix 01000000) loaded correctly (handle 7)
loading plugin "AuroraFix"
plugin 8 allocated 14 bytes from branch pool
plugin 8 allocated 14 bytes from branch pool
plugin AuroraFix.dll (00000001 AuroraFix 01000000) loaded correctly (handle 8)
loading plugin "AutoAudioSwitch"
plugin 9 allocated 72 bytes from branch pool
registering plugin listener for SKSE at 9 of 123
plugin AutoAudioSwitch.dll (00000001 AutoAudioSwitch 01000030) loaded correctly (handle 9)
loading plugin "Barter Limit Fix"
plugin BarterLimitFix.dll (00000001 Barter Limit Fix 00000001) loaded correctly (handle 10)
loading plugin "BeardMaskFix"
plugin 11 allocated 51 bytes from branch pool
plugin BeardMaskFix.dll (00000001 BeardMaskFix 01000010) loaded correctly (handle 11)
loading plugin "BehaviorDataInjector"
registering plugin listener for SKSE at 12 of 123
plugin BehaviorDataInjector.dll (00000001 BehaviorDataInjector 00010030) loaded correctly (handle 12)
loading plugin "BSAMemoryMap"
registering plugin listener for SKSE at 13 of 123
plugin BSAMemoryMap.dll (00000001 BSAMemoryMap 01060000) loaded correctly (handle 13)
loading plugin "Bug Fixes SSE"
plugin 14 allocated 162 bytes from branch pool
plugin 14 allocated 41 bytes from branch pool
plugin 14 allocated 41 bytes from branch pool
plugin BugFixesSSE.dll (00000001 Bug Fixes SSE 0000000A) loaded correctly (handle 14)
loading plugin "CombatMusicFixNG"
registering plugin listener for SKSE at 15 of 123
plugin CombatMusicFixNG.dll (00000001 CombatMusicFixNG 01020000) loaded correctly (handle 15)
loading plugin "CommunityShaders"
plugin 16 allocated 1024 bytes from branch pool
registering plugin listener for SKSE at 16 of 123
plugin CommunityShaders.dll (00000001 CommunityShaders 01070030) loaded correctly (handle 16)
loading plugin "ConsoleCommander"
registering plugin listener for SKSE at 17 of 123
plugin ConsoleCommander.dll (00000001 ConsoleCommander 02040000) loaded correctly (handle 17)
loading plugin "ConsoleUtilSSE"
plugin 18 allocated 16 bytes from branch pool
registering plugin listener for SKSE at 18 of 123
plugin ConsoleUtilSSE.dll (00000001 ConsoleUtilSSE 01010000) loaded correctly (handle 18)
loading plugin "ContainerItemDistributor"
registering plugin listener for SKSE at 19 of 123
plugin ContainerItemDistributor.dll (00000001 ContainerItemDistributor 02010030) loaded correctly (handle 19)
loading plugin "CraftingCategories"
plugin 20 allocated 42 bytes from branch pool
registering plugin listener for SKSE at 20 of 123
plugin CraftingCategories.dll (00000001 CraftingCategories 01010010) loaded correctly (handle 20)
loading plugin "CrashLogger"
registering plugin listener for SKSE at 21 of 123
plugin CrashLogger.dll (00000001 CrashLogger 01180000) loaded correctly (handle 21)
loading plugin "DescriptionFramework"
registering plugin listener for SKSE at 22 of 123
plugin 22 allocated 14 bytes from branch pool
plugin 22 allocated 14 bytes from branch pool
plugin 22 allocated 14 bytes from branch pool
plugin 22 allocated 14 bytes from branch pool
plugin 22 allocated 14 bytes from branch pool
plugin 22 allocated 14 bytes from branch pool
plugin 22 allocated 14 bytes from branch pool
plugin 22 allocated 14 bytes from branch pool
plugin DescriptionFramework.dll (00000001 DescriptionFramework 02000000) loaded correctly (handle 22)
loading plugin "Skyrim Disk Cache Enabler"
plugin diskCacheEnabler.dll (00000001 Skyrim Disk Cache Enabler 00000102) loaded correctly (handle 23)
loading plugin "DPIScalingFix"
plugin DPIScalingFix.dll (00000001 DPIScalingFix 01000000) loaded correctly (handle 24)
loading plugin "DynamicBodyDistribution"
registering plugin listener for SKSE at 25 of 123
plugin DynamicBodyDistribution.dll (00000001 DynamicBodyDistribution 00050000) loaded correctly (handle 25)
loading plugin "DynamicDialogueReplacer"
registering plugin listener for SKSE at 26 of 123
plugin 26 allocated 64 bytes from branch pool
plugin DynamicDialogueReplacer.dll (00000001 DynamicDialogueReplacer 01040010) loaded correctly (handle 26)
loading plugin "DynamicStringDistributor"
plugin 27 allocated 144 bytes from branch pool
registering plugin listener for SKSE at 27 of 123
plugin DynamicStringDistributor.dll (00000001 DynamicStringDistributor 01040030) loaded correctly (handle 27)
loading plugin "DynamicWind"
registering plugin listener for SKSE at 28 of 123
plugin DynamicWind.dll (00000001 DynamicWind 00010000) loaded correctly (handle 28)
loading plugin "EnchantmentArtExtender"
plugin 29 allocated 14 bytes from branch pool
registering plugin listener for SKSE at 29 of 123
plugin EnchantmentArtExtender.dll (00000001 EnchantmentArtExtender 03000010) loaded correctly (handle 29)
loading plugin "EngineFixes"
registering plugin listener for SKSE at 30 of 123
plugin EngineFixes.dll (00000001 EngineFixes 07000000) loaded correctly (handle 30)
loading plugin "Experience"
registering plugin listener for SKSE at 31 of 123
plugin Experience.dll (00000001 Experience 03070030) loaded correctly (handle 31)
loading plugin "FaceGenFixes"
plugin FaceGenFixes.dll (00000001 FaceGenFixes 01000030) loaded correctly (handle 32)
loading plugin "FastDecompressSkyrim"
plugin FastDecompressSkyrim.dll (00000001 FastDecompressSkyrim 01030000) loaded correctly (handle 33)
loading plugin "FasterCellLookup"
registering plugin listener for SKSE at 34 of 123
plugin 34 allocated 1024 bytes from branch pool
plugin FasterCellLookup.dll (00000001 FasterCellLookup 01060000) loaded correctly (handle 34)
loading plugin "FavoritesMenuEffectsDescription"
registering plugin listener for SKSE at 35 of 123
plugin FavoritesMenuEffectsDescription.dll (00000001 FavoritesMenuEffectsDescription 01010000) loaded correctly (handle 35)
loading plugin "FlexUtil"
plugin 36 allocated 14 bytes from branch pool
plugin 36 allocated 14 bytes from branch pool
plugin 36 allocated 14 bytes from branch pool
plugin flexUtil.dll (00000001 FlexUtil 01000000) loaded correctly (handle 36)
loading plugin "FormListManipulator"
registering plugin listener for SKSE at 37 of 123
plugin FormListManipulator.dll (00000001 FormListManipulator 01080010) loaded correctly (handle 37)
loading plugin "Fuz Ro D'oh"
registering plugin listener for SKSE at 38 of 123
plugin Fuz Ro D'oh.dll (00000001 Fuz Ro D'oh 020507B8) loaded correctly (handle 38)
loading plugin "gotobed"
plugin 39 allocated 14 bytes from branch pool
plugin gotobed.dll (00000001 gotobed 02000070) loaded correctly (handle 39)
loading plugin "GrassCacheHelperNG"
plugin 40 allocated 15 bytes from branch pool
registering plugin listener for SKSE at 40 of 123
plugin GrassCacheHelperNG.dll (00000001 GrassCacheHelperNG 01000010) loaded correctly (handle 40)
loading plugin "hdtSMP64"
registering plugin listener for SKSE at 41 of 123
plugin hdtSMP64.dll (00000001 hdtSMP64 00000001) loaded correctly (handle 41)
loading plugin "Horde"
plugin 42 allocated 1024 bytes from branch pool
registering plugin listener for SKSE at 42 of 123
plugin Horde.dll (00000001 Horde 01000000) loaded correctly (handle 42)
loading plugin "ImWalkinHere"
plugin 43 allocated 16 bytes from branch pool
registering plugin listener for SKSE at 43 of 123
plugin ImWalkinHere.dll (00000001 ImWalkinHere 01070000) loaded correctly (handle 43)
loading plugin "In-Game_Patcher"
registering plugin listener for SKSE at 44 of 123
plugin In-Game_Patcher.dll (00000001 In-Game_Patcher 00010042) loaded correctly (handle 44)
loading plugin "InfinityUI"
plugin 45 allocated 84 bytes from branch pool
plugin InfinityUI.dll (00000001 InfinityUI 02000030) loaded correctly (handle 45)
loading plugin "InstantlySkipDialogueNG"
plugin InstantlySkipDialogueNG.dll (00000001 InstantlySkipDialogueNG 01010010) loaded correctly (handle 46)
loading plugin "intellightent-ng"
registering plugin listener for SKSE at 47 of 123
plugin intellightent-ng.dll (00000001 intellightent-ng 01000000) loaded correctly (handle 47)
loading plugin "InventoryInjector"
plugin 48 allocated 8 bytes from branch pool
registering plugin listener for SKSE at 48 of 123
plugin InventoryInjector.dll (00000001 InventoryInjector 01010000) loaded correctly (handle 48)
loading plugin "JContainers64"
registering plugin listener for SKSE at 49 of 123
plugin JContainers64.dll (00000001 JContainers64 02000000) loaded correctly (handle 49)
loading plugin "KreatE"
unknown QueryInterface 00000010
registering plugin listener for SKSE at 50 of 123
plugin KreatE.dll (00000001 KreatE 00000001) loaded correctly (handle 50)
loading plugin "large sector fix patch"
plugin large_sector_fix.dll (00000001 large sector fix patch 00000001) loaded correctly (handle 51)
loading plugin "LocalMapUpgrade"
registering plugin listener for SKSE at 52 of 123
plugin 52 allocated 42 bytes from branch pool
plugin LocalMapUpgrade.dll (00000001 LocalMapUpgrade 03010000) loaded correctly (handle 52)
loading plugin "DynamicAnimationCasting"
registering plugin listener for SKSE at 53 of 123
plugin loki_DynamicAnimationCasting.dll (00000001 DynamicAnimationCasting 03020030) loaded correctly (handle 53)
loading plugin "MainMenuRandomizerSE"
plugin main_menu_randomizer.dll (00000001 MainMenuRandomizerSE 00000004) loaded correctly (handle 54)
loading plugin "PluginName"
registering plugin listener for SKSE at 55 of 123
plugin MaxsuAIProcessFix.dll (00000001 PluginName 01000000) loaded correctly (handle 55)
loading plugin "PluginName"
registering plugin listener for SKSE at 56 of 123
plugin MaxsuCombatEscape.dll (00000001 PluginName 01000000) loaded correctly (handle 56)
loading plugin "MCMHelper"
registering plugin listener for SKSE at 57 of 123
plugin MCMHelper.dll (00000001 MCMHelper 01050000) loaded correctly (handle 57)
loading plugin "MediaKeysFix"
plugin MediaKeysFix.dll (00000001 MediaKeysFix 01000010) loaded correctly (handle 58)
loading plugin "MergeMapper"
plugin MergeMapper.dll (00000001 MergeMapper 01050000) loaded correctly (handle 59)
loading plugin "mfgfix"
plugin mfgfix.dll (00000001 mfgfix 01000090) loaded correctly (handle 60)
loading plugin "MLO"
plugin 61 allocated 1024 bytes from branch pool
registering plugin listener for SKSE at 61 of 123
plugin 61 allocated 256 bytes from branch pool
plugin MLO.dll (00000001 MLO 01000000) loaded correctly (handle 61)
loading plugin "ModelSwapper"
registering plugin listener for SKSE at 62 of 123
plugin ModelSwapper.dll (00000001 ModelSwapper 00030000) loaded correctly (handle 62)
loading plugin "More Informative Console"
plugin MoreInformativeConsole.dll (00000001 More Informative Console 01020020) loaded correctly (handle 63)
loading plugin "MuJointFix"
registering plugin listener for SKSE at 64 of 123
plugin MuJointFix.dll (00000001 MuJointFix 02010020) loaded correctly (handle 64)
loading plugin "MumsTheWord"
plugin MumsTheWord.dll (00000001 MumsTheWord 02010000) loaded correctly (handle 65)
loading plugin "Native EditorID Fix"
plugin 66 allocated 8 bytes from branch pool
plugin 66 allocated 8 bytes from branch pool
plugin NativeEditorIDFix.dll (00000001 Native EditorID Fix 00000001) loaded correctly (handle 66)
loading plugin "NGIO-NG"
registering plugin listener for SKSE at 67 of 123
plugin NGIO-NG.dll (00000001 NGIO-NG 01060080) loaded correctly (handle 67)
loading plugin "ObjectManipulationOverhaul"
registering plugin listener for SKSE at 68 of 123
plugin ObjectManipulationOverhaul.dll (00000001 ObjectManipulationOverhaul 00010001) loaded correctly (handle 68)
loading plugin "OBody"
registering plugin listener for SKSE at 69 of 123
plugin OBody.dll (00000001 OBody 04040030) loaded correctly (handle 69)
loading plugin "Open Animation Replacer - RaySense"
registering plugin listener for SKSE at 70 of 123
plugin OpenAnimationReplacer-RaySense.dll (00000001 Open Animation Replacer - RaySense 01000000) loaded correctly (handle 70)
loading plugin "OpenAnimationReplacer"
registering plugin listener for SKSE at 71 of 123
plugin 71 allocated 14 bytes from branch pool
plugin 71 allocated 14 bytes from branch pool
plugin 71 allocated 14 bytes from branch pool
plugin 71 allocated 14 bytes from branch pool
plugin 71 allocated 14 bytes from branch pool
plugin 71 allocated 14 bytes from branch pool
plugin 71 allocated 14 bytes from branch pool
plugin 71 allocated 61 bytes from branch pool
plugin 71 allocated 14 bytes from branch pool
plugin 71 allocated 14 bytes from branch pool
plugin 71 allocated 14 bytes from branch pool
plugin 71 allocated 14 bytes from branch pool
plugin OpenAnimationReplacer.dll (00000001 OpenAnimationReplacer 03010060) loaded correctly (handle 71)
loading plugin "PairedAnimationImprovements"
plugin 72 allocated 14 bytes from branch pool
plugin 72 allocated 14 bytes from branch pool
plugin PairedAnimationImprovements.dll (00000001 PairedAnimationImprovements 01000020) loaded correctly (handle 72)
loading plugin "PAPER"
plugin PAPER.dll (00000001 PAPER 02020040) loaded correctly (handle 73)
loading plugin "PapyrusTweaks"
registering plugin listener for SKSE at 74 of 123
plugin 74 allocated 36 bytes from branch pool
plugin 74 allocated 14 bytes from branch pool
plugin 74 allocated 14 bytes from branch pool
plugin 74 allocated 14 bytes from branch pool
plugin 74 allocated 14 bytes from branch pool
plugin 74 allocated 14 bytes from branch pool
plugin 74 allocated 14 bytes from branch pool
plugin 74 allocated 14 bytes from branch pool
plugin 74 allocated 14 bytes from branch pool
plugin 74 allocated 14 bytes from branch pool
plugin 74 allocated 14 bytes from branch pool
plugin 74 allocated 14 bytes from branch pool
plugin PapyrusTweaks.dll (00000001 PapyrusTweaks 04000000) loaded correctly (handle 74)
loading plugin "PapyrusUtil"
plugin PapyrusUtil.dll (00000001 PapyrusUtil 00000002) loaded correctly (handle 75)
loading plugin "Passive Weapon Enchantment Recharging"
plugin PassiveWeaponEnchantmentRecharging.dll (00000001 Passive Weapon Enchantment Recharging 04000000) loaded correctly (handle 76)
loading plugin "PayloadInterpreter"
registering plugin listener for SKSE at 77 of 123
plugin PayloadInterpreter.dll (00000001 PayloadInterpreter 01000000) loaded correctly (handle 77)
loading plugin "PluginBrowser"
registering plugin listener for SKSE at 78 of 123
plugin PluginBrowser.dll (00000001 PluginBrowser 01000000) loaded correctly (handle 78)
loading plugin "PMCM"
registering plugin listener for SKSE at 79 of 123
plugin PMCM.dll (00000001 PMCM 01000000) loaded correctly (handle 79)
loading plugin "Anim Object Swapper"
registering plugin listener for SKSE at 80 of 123
plugin po3_AnimObjectSwapper.dll (00000001 Anim Object Swapper 01000000) loaded correctly (handle 80)
loading plugin "Base Object Swapper"
registering plugin listener for SKSE at 81 of 123
plugin po3_BaseObjectSwapper.dll (00000001 Base Object Swapper 03040010) loaded correctly (handle 81)
loading plugin "Console++"
registering plugin listener for SKSE at 82 of 123
plugin po3_ConsolePlusPlus.dll (00000001 Console++ 01000000) loaded correctly (handle 82)
loading plugin "Favorite Misc Items"
registering plugin listener for SKSE at 83 of 123
plugin po3_FavoriteMiscItems.dll (00000001 Favorite Misc Items 04000000) loaded correctly (handle 83)
loading plugin "Keyword Item Distributor"
registering plugin listener for SKSE at 84 of 123
plugin po3_KeywordItemDistributor.dll (00000001 Keyword Item Distributor 04000000) loaded correctly (handle 84)
loading plugin "LightPlacer"
plugin 85 allocated 512 bytes from branch pool
registering plugin listener for SKSE at 85 of 123
plugin po3_LightPlacer.dll (00000001 LightPlacer 04000000) loaded correctly (handle 85)
loading plugin "Lock Variations"
registering plugin listener for SKSE at 86 of 123
plugin po3_LockVariations.dll (00000001 Lock Variations 04000000) loaded correctly (handle 86)
loading plugin "powerofthree's Papyrus Extender"
plugin 87 allocated 264 bytes from branch pool
registering plugin listener for SKSE at 87 of 123
plugin po3_PapyrusExtender.dll (00000001 powerofthree's Papyrus Extender 06000000) loaded correctly (handle 87)
loading plugin "Save Unbaker"
registering plugin listener for SKSE at 88 of 123
plugin po3_SaveUnbaker.dll (00000001 Save Unbaker 01000000) loaded correctly (handle 88)
loading plugin "Simple Offence Suppression"
registering plugin listener for SKSE at 89 of 123
plugin po3_SimpleOffenceSuppression.dll (00000001 Simple Offence Suppression 02000000) loaded correctly (handle 89)
loading plugin "Spell Perk Item Distributor"
plugin 90 allocated 196 bytes from branch pool
registering plugin listener for SKSE at 90 of 123
plugin po3_SpellPerkItemDistributor.dll (00000001 Spell Perk Item Distributor 07000000) loaded correctly (handle 90)
loading plugin "Splashes of Storms"
registering plugin listener for SKSE at 91 of 123
plugin po3_SplashesOfStorms.dll (00000001 Splashes of Storms 01000000) loaded correctly (handle 91)
loading plugin "po3_Tweaks"
plugin 92 allocated 450 bytes from branch pool
registering plugin listener for SKSE at 92 of 123
plugin po3_Tweaks.dll (00000001 po3_Tweaks 01000000) loaded correctly (handle 92)
loading plugin "FallrimPriority"
plugin PriorityMod.dll (00000001 FallrimPriority 00000003) loaded correctly (handle 93)
loading plugin "PrismaUI"
plugin 94 allocated 1024 bytes from branch pool
registering plugin listener for SKSE at 94 of 123
plugin PrismaUI.dll (00000001 PrismaUI 01040010) loaded correctly (handle 94)
loading plugin "ProjectLegacy"
registering plugin listener for SKSE at 95 of 123
plugin ProjectLegacy.dll (00000001 ProjectLegacy 01000000) loaded correctly (handle 95)
loading plugin "race-compatibility"
registering plugin listener for SKSE at 96 of 123
plugin race-compatibility.dll (00000001 race-compatibility 02040000) loaded correctly (handle 96)
loading plugin "RealTimeScriptProfiler"
registering plugin listener for SKSE at 97 of 123
plugin RealTimeScriptProfiler.dll (00000001 RealTimeScriptProfiler 01000000) loaded correctly (handle 97)
loading plugin "Recursion FPS Fix"
plugin 98 allocated 14 bytes from branch pool
plugin 98 allocated 14 bytes from branch pool
plugin RecursionFPSFix.dll (00000001 Recursion FPS Fix 01000000) loaded correctly (handle 98)
loading plugin "Relight"
registering plugin listener for SKSE at 99 of 123
plugin 99 allocated 256 bytes from branch pool
plugin Relight.dll (00000001 Relight 05030000) loaded correctly (handle 99)
loading plugin "RimLightingFix"
plugin 100 allocated 14 bytes from branch pool
plugin RimLightingFix.dll (00000001 RimLightingFix 01000000) loaded correctly (handle 100)
loading plugin "RogueMasterDetector"
registering plugin listener for SKSE at 101 of 123
plugin RogueMasterDetector.dll (00000001 RogueMasterDetector 01000030) loaded correctly (handle 101)
loading plugin "RoguesGallery"
registering plugin listener for SKSE at 102 of 123
plugin RoguesGallery.dll (00000001 RoguesGallery 01000001) loaded correctly (handle 102)
loading plugin "ScaleformTranslationPP"
plugin 103 allocated 16 bytes from branch pool
registering plugin listener for SKSE at 103 of 123
plugin ScaleformTranslationPP.dll (00000001 ScaleformTranslationPP 01080000) loaded correctly (handle 103)
loading plugin "SchlongsOfSkyrim"
plugin SchlongsOfSkyrim.dll (00000001 SchlongsOfSkyrim 000493E4) loaded correctly (handle 104)
loading plugin "ScrabsPapyrusExtender"
plugin 105 allocated 64 bytes from branch pool
plugin ScrabsPapyrusExtender.dll (00000001 ScrabsPapyrusExtender 02030000) loaded correctly (handle 105)
loading plugin "Scrambled Bugs"
registering plugin listener for SKSE at 106 of 123
plugin 106 allocated 14 bytes from branch pool
plugin 106 allocated 14 bytes from branch pool
plugin 106 allocated 14 bytes from branch pool
plugin 106 allocated 14 bytes from branch pool
plugin 106 allocated 23 bytes from branch pool
plugin 106 allocated 14 bytes from branch pool
plugin 106 allocated 14 bytes from branch pool
plugin 106 allocated 14 bytes from branch pool
plugin 106 allocated 14 bytes from branch pool
plugin 106 allocated 14 bytes from branch pool
plugin ScrambledBugs.dll (00000001 Scrambled Bugs 00000015) loaded correctly (handle 106)
loading plugin "skee"
registering plugin listener for SKSE at 107 of 123
plugin 107 allocated 512 bytes from branch pool
plugin 107 allocated 512 bytes from local pool
plugin skee64.dll (00000001 skee 00000001) loaded correctly (handle 107)
loading plugin "SkeletonAutoPatch"
registering plugin listener for SKSE at 108 of 123
plugin SkeletonAutoPatch.dll (00000001 SkeletonAutoPatch 01000000) loaded correctly (handle 108)
loading plugin "SKSEMenuFramework"
registering plugin listener for SKSE at 109 of 123
plugin 109 allocated 14 bytes from branch pool
plugin 109 allocated 14 bytes from branch pool
plugin 109 allocated 14 bytes from branch pool
plugin 109 allocated 14 bytes from branch pool
plugin SKSEMenuFramework.dll (00000001 SKSEMenuFramework 030D0000) loaded correctly (handle 109)
loading plugin "Skypatcher"
registering plugin listener for SKSE at 110 of 123
plugin SkyPatcher.dll (00000001 Skypatcher 06000000) loaded correctly (handle 110)
loading plugin "SkyrimOutfitEquipmentSystemNG"
registering plugin listener for SKSE at 111 of 123
plugin SkyrimOutfitEquipmentSystemNG.dll (00000001 SkyrimOutfitEquipmentSystemNG 01000000) loaded correctly (handle 111)
loading plugin "SkyrimPlatform"
plugin 112 allocated 64 bytes from branch pool
registering plugin listener for SKSE at 112 of 123
plugin SkyrimPlatform.dll (00000001 SkyrimPlatform 10000000) loaded correctly (handle 112)
loading plugin "SoundRecordDistributor"
registering plugin listener for SKSE at 113 of 123
plugin SoundRecordDistributor.dll (00000001 SoundRecordDistributor 01050030) loaded correctly (handle 113)
loading plugin "SSEDisplayTweaks"
plugin 114 allocated 512 bytes from branch pool
plugin 114 allocated 1536 bytes from local pool
registering plugin listener for SKSE at 114 of 123
plugin SSEDisplayTweaks.dll (00000001 SSEDisplayTweaks 00000510) loaded correctly (handle 114)
loading plugin "StaggerEffectFix"
plugin 115 allocated 14 bytes from branch pool
plugin StaggerEffectFix.dll (00000001 StaggerEffectFix 01000030) loaded correctly (handle 115)
loading plugin "StayAtSystemPageSE"
plugin StayAtSystemPageSE.dll (00000001 StayAtSystemPageSE 01060000) loaded correctly (handle 116)
loading plugin "Storm Lightning"
registering plugin listener for SKSE at 117 of 123
plugin StormLightning.dll (00000001 Storm Lightning 00010422) loaded correctly (handle 117)
loading plugin "TerrainHelper"
plugin TerrainHelper.dll (00000001 TerrainHelper 01000000) loaded correctly (handle 118)
loading plugin "WhoseQuestIsItAnyway"
plugin 119 allocated 64 bytes from branch pool
plugin WhoseQuestIsItAnyway.dll (00000001 WhoseQuestIsItAnyway 01050000) loaded correctly (handle 119)
loading plugin "YesImSure"
plugin 120 allocated 16 bytes from branch pool
plugin YesImSure.dll (00000001 YesImSure 01070000) loaded correctly (handle 120)
loading plugin "ZeroBountyHostilityFix"
plugin 121 allocated 14 bytes from branch pool
registering plugin listener for SKSE at 121 of 123
plugin ZeroBountyHostilityFix.dll (00000001 ZeroBountyHostilityFix 00010000) loaded correctly (handle 121)
dispatch message (0) to plugin listeners
sending message type 0 to plugin 3
sending message type 0 to plugin 7
sending message type 0 to plugin 9
sending message type 0 to plugin 12
plugin 12 allocated 16 bytes from branch pool
sending message type 0 to plugin 13
sending message type 0 to plugin 15
sending message type 0 to plugin 16
sending message type 0 to plugin 17
sending message type 0 to plugin 18
sending message type 0 to plugin 19
sending message type 0 to plugin 20
sending message type 0 to plugin 21
sending message type 0 to plugin 22
registering plugin listener for (null) at 22 of 122
sending message type 0 to plugin 25
sending message type 0 to plugin 26
sending message type 0 to plugin 27
sending message type 0 to plugin 28
sending message type 0 to plugin 29
sending message type 0 to plugin 30
sending message type 0 to plugin 31
sending message type 0 to plugin 34
sending message type 0 to plugin 35
sending message type 0 to plugin 37
sending message type 0 to plugin 38
sending message type 0 to plugin 40
sending message type 0 to plugin 41
sending message type 0 to plugin 42
sending message type 0 to plugin 43
sending message type 0 to plugin 44
sending message type 0 to plugin 47
sending message type 0 to plugin 48
sending message type 0 to plugin 49
sending message type 0 to plugin 50
sending message type 0 to plugin 52
registering plugin listener for InfinityUI at 52 of 122
sending message type 0 to plugin 53
sending message type 0 to plugin 55
sending message type 0 to plugin 56
sending message type 0 to plugin 57
sending message type 0 to plugin 61
sending message type 0 to plugin 62
sending message type 0 to plugin 64
sending message type 0 to plugin 67
sending message type 0 to plugin 68
sending message type 0 to plugin 69
registering plugin listener for (null) at 69 of 122
sending message type 0 to plugin 70
sending message type 0 to plugin 71
sending message type 0 to plugin 74
sending message type 0 to plugin 77
sending message type 0 to plugin 78
sending message type 0 to plugin 79
sending message type 0 to plugin 80
plugin 80 allocated 14 bytes from branch pool
sending message type 0 to plugin 81
sending message type 0 to plugin 82
sending message type 0 to plugin 83
plugin 83 allocated 14 bytes from branch pool
sending message type 0 to plugin 84
sending message type 0 to plugin 85
sending message type 0 to plugin 86
plugin 86 allocated 14 bytes from branch pool
plugin 86 allocated 14 bytes from branch pool
plugin 86 allocated 14 bytes from branch pool
plugin 86 allocated 14 bytes from branch pool
plugin 86 allocated 14 bytes from branch pool
plugin 86 allocated 14 bytes from branch pool
plugin 86 allocated 14 bytes from branch pool
sending message type 0 to plugin 87
sending message type 0 to plugin 88
plugin 88 allocated 14 bytes from branch pool
plugin 88 allocated 14 bytes from branch pool
plugin 88 allocated 14 bytes from branch pool
sending message type 0 to plugin 89
plugin 89 allocated 14 bytes from branch pool
sending message type 0 to plugin 90
sending message type 0 to plugin 91
plugin 91 allocated 14 bytes from branch pool
plugin 91 allocated 14 bytes from branch pool
sending message type 0 to plugin 92
sending message type 0 to plugin 94
sending message type 0 to plugin 95
sending message type 0 to plugin 96
sending message type 0 to plugin 97
sending message type 0 to plugin 99
sending message type 0 to plugin 101
sending message type 0 to plugin 102
sending message type 0 to plugin 103
sending message type 0 to plugin 106
sending message type 0 to plugin 107
registering plugin listener for (null) at 107 of 122
sending message type 0 to plugin 108
sending message type 0 to plugin 109
sending message type 0 to plugin 110
sending message type 0 to plugin 111
plugin 111 allocated 14 bytes from branch pool
sending message type 0 to plugin 112
sending message type 0 to plugin 113
sending message type 0 to plugin 114
sending message type 0 to plugin 117
sending message type 0 to plugin 121
dispatched message.
dispatch message (1) to plugin listeners
sending message type 1 to plugin 3
sending message type 1 to plugin 7
sending message type 1 to plugin 9
sending message type 1 to plugin 12
sending message type 1 to plugin 13
sending message type 1 to plugin 15
sending message type 1 to plugin 16
sending message type 1 to plugin 17
sending message type 1 to plugin 18
sending message type 1 to plugin 19
sending message type 1 to plugin 20
sending message type 1 to plugin 21
sending message type 1 to plugin 22
dispatch message (-422868135) to plugin listeners
dispatched message.
sending message type 1 to plugin 25
sending message type 1 to plugin 26
sending message type 1 to plugin 27
dispatch message (-422868135) to plugin listeners
dispatched message.
sending message type 1 to plugin 28
sending message type 1 to plugin 29
sending message type 1 to plugin 30
sending message type 1 to plugin 31
sending message type 1 to plugin 34
sending message type 1 to plugin 35
sending message type 1 to plugin 37
dispatch message (-422868135) to plugin listeners
dispatched message.
sending message type 1 to plugin 38
sending message type 1 to plugin 40
sending message type 1 to plugin 41
dispatch message (0) to plugin listeners
sending message type 0 to plugin 22
sending message type 0 to plugin 69
sending message type 0 to plugin 107
dispatched message.
sending message type 1 to plugin 42
sending message type 1 to plugin 43
sending message type 1 to plugin 44
sending message type 1 to plugin 47
sending message type 1 to plugin 48
sending message type 1 to plugin 49
dispatch message (1245924935) to plugin listeners
sending message type 1245924935 to plugin 22
sending message type 1245924935 to plugin 69
sending message type 1245924935 to plugin 107
dispatched message.
sending message type 1 to plugin 50
sending message type 1 to plugin 52
sending message type 1 to plugin 53
sending message type 1 to plugin 55
sending message type 1 to plugin 56
sending message type 1 to plugin 57
sending message type 1 to plugin 61
sending message type 1 to plugin 62
sending message type 1 to plugin 64
sending message type 1 to plugin 67
sending message type 1 to plugin 68
sending message type 1 to plugin 69
dispatch message (-1640531527) to plugin listeners
sending message type 1 to plugin 70
sending message type 1 to plugin 71
dispatch message (-422868135) to plugin listeners
dispatched message.
sending message type 1 to plugin 74
sending message type 1 to plugin 77
sending message type 1 to plugin 78
sending message type 1 to plugin 79
sending message type 1 to plugin 80
dispatch message (-422868135) to plugin listeners
dispatched message.
sending message type 1 to plugin 81
dispatch message (-422868135) to plugin listeners
dispatched message.
sending message type 1 to plugin 82
sending message type 1 to plugin 83
sending message type 1 to plugin 84
dispatch message (-422868135) to plugin listeners
dispatched message.
sending message type 1 to plugin 85
dispatch message (-422868135) to plugin listeners
dispatched message.
sending message type 1 to plugin 86
dispatch message (-422868135) to plugin listeners
dispatched message.
sending message type 1 to plugin 87
dispatch message (-69227266) to plugin listeners
sending message type 1 to plugin 88
sending message type 1 to plugin 89
sending message type 1 to plugin 90
dispatch message (-422868135) to plugin listeners
dispatched message.
sending message type 1 to plugin 91
sending message type 1 to plugin 92
sending message type 1 to plugin 94
sending message type 1 to plugin 95
sending message type 1 to plugin 96
sending message type 1 to plugin 97
sending message type 1 to plugin 99
sending message type 1 to plugin 101
sending message type 1 to plugin 102
sending message type 1 to plugin 103
sending message type 1 to plugin 106
sending message type 1 to plugin 107
sending message type 1 to plugin 108
sending message type 1 to plugin 109
dispatch message (-355783686) to plugin listeners
sending message type 1 to plugin 110
sending message type 1 to plugin 111
sending message type 1 to plugin 112
sending message type 1 to plugin 113
dispatch message (-422868135) to plugin listeners
dispatched message.
sending message type 1 to plugin 114
sending message type 1 to plugin 117
sending message type 1 to plugin 121
dispatched message.
init complete
hooked dinput
dispatch message (6) to plugin listeners
sending message type 6 to plugin 3
sending message type 6 to plugin 7
sending message type 6 to plugin 9
sending message type 6 to plugin 12
sending message type 6 to plugin 13
sending message type 6 to plugin 15
sending message type 6 to plugin 16
sending message type 6 to plugin 17
sending message type 6 to plugin 18
sending message type 6 to plugin 19
sending message type 6 to plugin 20
sending message type 6 to plugin 21
sending message type 6 to plugin 22
sending message type 6 to plugin 25
sending message type 6 to plugin 26
sending message type 6 to plugin 27
sending message type 6 to plugin 28
sending message type 6 to plugin 29
sending message type 6 to plugin 30
sending message type 6 to plugin 31
sending message type 6 to plugin 34
sending message type 6 to plugin 35
sending message type 6 to plugin 37
sending message type 6 to plugin 38
sending message type 6 to plugin 40
sending message type 6 to plugin 41
sending message type 6 to plugin 42
sending message type 6 to plugin 43
sending message type 6 to plugin 44
sending message type 6 to plugin 47
sending message type 6 to plugin 48
sending message type 6 to plugin 49
sending message type 6 to plugin 50
sending message type 6 to plugin 52
sending message type 6 to plugin 53
sending message type 6 to plugin 55
sending message type 6 to plugin 56
sending message type 6 to plugin 57
sending message type 6 to plugin 61
sending message type 6 to plugin 62
sending message type 6 to plugin 64
sending message type 6 to plugin 67
sending message type 6 to plugin 68
sending message type 6 to plugin 69
sending message type 6 to plugin 70
sending message type 6 to plugin 71
sending message type 6 to plugin 74
sending message type 6 to plugin 77
sending message type 6 to plugin 78
sending message type 6 to plugin 79
sending message type 6 to plugin 80
sending message type 6 to plugin 81
sending message type 6 to plugin 82
sending message type 6 to plugin 83
sending message type 6 to plugin 84
sending message type 6 to plugin 85
sending message type 6 to plugin 86
sending message type 6 to plugin 87
sending message type 6 to plugin 88
sending message type 6 to plugin 89
sending message type 6 to plugin 90
sending message type 6 to plugin 91
sending message type 6 to plugin 92
sending message type 6 to plugin 94
sending message type 6 to plugin 95
sending message type 6 to plugin 96
sending message type 6 to plugin 97
sending message type 6 to plugin 99
sending message type 6 to plugin 101
sending message type 6 to plugin 102
sending message type 6 to plugin 103
sending message type 6 to plugin 106
sending message type 6 to plugin 107
sending message type 6 to plugin 108
sending message type 6 to plugin 109
sending message type 6 to plugin 110
sending message type 6 to plugin 111
sending message type 6 to plugin 112
sending message type 6 to plugin 113
sending message type 6 to plugin 114
sending message type 6 to plugin 117
sending message type 6 to plugin 121
dispatched message.
Reading translations from Interface\Translations\Schlongs of Skyrim - Core_ENGLISH.txt...
Reading translations from Interface\Translations\Campfire_ENGLISH.txt...
Reading translations from Interface\Translations\Expressive Facegen Morphs_ENGLISH.txt...
Reading translations from Interface\Translations\I4IconAddon_ENGLISH.txt...
Reading translations from Interface\Translations\Extended UI_ENGLISH.txt...
Reading translations from Interface\Translations\MfgFix_ENGLISH.txt...
Reading translations from Interface\Translations\UIExtensions_ENGLISH.txt...
Reading translations from Interface\Translations\SkyUI_SE_ENGLISH.txt...
Reading translations from Interface\Translations\MCMHelper_ENGLISH.txt...
Reading translations from Interface\Translations\AMatterOfTime_ENGLISH.txt...
Reading translations from Interface\Translations\RaceMenu_ENGLISH.txt...
Reading translations from Interface\Translations\RaceMenuPlugin_ENGLISH.txt...
Reading translations from Interface\Translations\RaceMenuHH_ENGLISH.txt...
Reading translations from Interface\Translations\Audio Overhaul Skyrim_ENGLISH.txt...
Reading translations from Interface\Translations\KSHairdosSMP_ENGLISH.txt...
Reading translations from Interface\Translations\OPubes_ENGLISH.txt...
Reading translations from Interface\Translations\3BBB_ENGLISH.txt...
Reading translations from Interface\Translations\OBody_ENGLISH.txt...
Reading translations from Interface\Translations\JR_OBody_CBPCHotSwap_ENGLISH.txt...
Reading translations from Interface\Translations\SkyrimOutfitEquipmentSystemNG_ENGLISH.txt...
Reading translations from Interface\Translations\XPMSE_ENGLISH.txt...
Reading translations from Interface\Translations\ElrianSaddles_ENGLISH.txt...
Reading translations from Interface\Translations\Relationship Dialogue Overhaul_ENGLISH.txt...
Reading translations from Interface\Translations\Sentinel_ENGLISH.txt...
Reading translations from Interface\Translations\Bathing in Skyrim - Main_ENGLISH.txt...
Reading translations from Interface\Translations\Bathing in Skyrim_ENGLISH.txt...
Reading translations from Interface\Translations\PassiveWeaponEnchantmentRecharging_ENGLISH.txt...
Reading translations from Interface\Translations\AcquisitiveSoulGemMultithreaded_ENGLISH.txt...
dispatch message (5) to plugin listeners
sending message type 5 to plugin 22
sending message type 5 to plugin 52
sending message type 5 to plugin 69
sending message type 5 to plugin 107
dispatched message.
dispatch message (5) to plugin listeners
sending message type 5 to plugin 22
sending message type 5 to plugin 52
sending message type 5 to plugin 69
sending message type 5 to plugin 107
dispatched message.
dispatch message (5) to plugin listeners
sending message type 5 to plugin 22
sending message type 5 to plugin 52
sending message type 5 to plugin 69
sending message type 5 to plugin 107
dispatched message.
dispatch message (5) to plugin listeners
sending message type 5 to plugin 22
sending message type 5 to plugin 52
sending message type 5 to plugin 69
sending message type 5 to plugin 107
dispatched message.
dispatch message (8) to plugin listeners
sending message type 8 to plugin 3
sending message type 8 to plugin 7
sending message type 8 to plugin 9
sending message type 8 to plugin 12
sending message type 8 to plugin 13
sending message type 8 to plugin 15
sending message type 8 to plugin 16
sending message type 8 to plugin 17
sending message type 8 to plugin 18
sending message type 8 to plugin 19
sending message type 8 to plugin 20
sending message type 8 to plugin 21
sending message type 8 to plugin 22
sending message type 8 to plugin 25
dispatch message (-1640531527) to plugin listeners
sending message type 8 to plugin 26
sending message type 8 to plugin 27
sending message type 8 to plugin 28
sending message type 8 to plugin 29
sending message type 8 to plugin 30
sending message type 8 to plugin 31
sending message type 8 to plugin 34
sending message type 8 to plugin 35
sending message type 8 to plugin 37
sending message type 8 to plugin 38
sending message type 8 to plugin 40
sending message type 8 to plugin 41
sending message type 8 to plugin 42
plugin 42 allocated 14 bytes from branch pool
sending message type 8 to plugin 43
sending message type 8 to plugin 44
sending message type 8 to plugin 47
sending message type 8 to plugin 48
dispatch message (-422868135) to plugin listeners
dispatched message.
sending message type 8 to plugin 49
sending message type 8 to plugin 50
sending message type 8 to plugin 52
dispatch message (0) to plugin listeners
sending message type 0 to plugin 22
sending message type 0 to plugin 69
sending message type 0 to plugin 107
dispatched message.
sending message type 8 to plugin 53
sending message type 8 to plugin 55
sending message type 8 to plugin 56
sending message type 8 to plugin 57
sending message type 8 to plugin 61
sending message type 8 to plugin 62
sending message type 8 to plugin 64
sending message type 8 to plugin 67
sending message type 8 to plugin 68
sending message type 8 to plugin 69
sending message type 8 to plugin 70
sending message type 8 to plugin 71
sending message type 8 to plugin 74
sending message type 8 to plugin 77
dispatch message (0) to plugin listeners
sending message type 0 to plugin 22
sending message type 0 to plugin 69
sending message type 0 to plugin 107
dispatched message.
sending message type 8 to plugin 78
sending message type 8 to plugin 79
sending message type 8 to plugin 80
sending message type 8 to plugin 81
sending message type 8 to plugin 82
sending message type 8 to plugin 83
sending message type 8 to plugin 84
sending message type 8 to plugin 85
sending message type 8 to plugin 86
sending message type 8 to plugin 87
sending message type 8 to plugin 88
sending message type 8 to plugin 89
sending message type 8 to plugin 90
sending message type 8 to plugin 91
sending message type 8 to plugin 92
sending message type 8 to plugin 94
sending message type 8 to plugin 95
sending message type 8 to plugin 96
sending message type 8 to plugin 97
sending message type 8 to plugin 99
sending message type 8 to plugin 101
sending message type 8 to plugin 102
sending message type 8 to plugin 103
sending message type 8 to plugin 106
sending message type 8 to plugin 107
dispatch message (0) to plugin listeners
sending message type 0 to plugin 22
sending message type 0 to plugin 52
sending message type 0 to plugin 69
sending message type 0 to plugin 107
dispatched message.
dispatch message (2) to plugin listeners
sending message type 2 to plugin 22
sending message type 2 to plugin 52
sending message type 2 to plugin 69
sending message type 2 to plugin 107
dispatched message.
dispatch message (1) to plugin listeners
sending message type 1 to plugin 22
sending message type 1 to plugin 52
sending message type 1 to plugin 69
sending message type 1 to plugin 107
dispatched message.
dispatch message (2) to plugin listeners
sending message type 2 to plugin 22
sending message type 2 to plugin 52
sending message type 2 to plugin 69
sending message type 2 to plugin 107
dispatched message.
dispatch message (4) to plugin listeners
sending message type 4 to plugin 22
sending message type 4 to plugin 52
sending message type 4 to plugin 69
sending message type 4 to plugin 107
dispatched message.
dispatch message (5) to plugin listeners
sending message type 5 to plugin 22
sending message type 5 to plugin 52
sending message type 5 to plugin 69
sending message type 5 to plugin 107
dispatched message.
sending message type 8 to plugin 108
sending message type 8 to plugin 109
sending message type 8 to plugin 110
sending message type 8 to plugin 111
sending message type 8 to plugin 112
sending message type 8 to plugin 113
sending message type 8 to plugin 114
sending message type 8 to plugin 117
sending message type 8 to plugin 121
dispatched message.
dispatch message (5) to plugin listeners
sending message type 5 to plugin 22
sending message type 5 to plugin 52
sending message type 5 to plugin 69
sending message type 5 to plugin 107
dispatched message.
dispatch message (5) to plugin listeners
sending message type 5 to plugin 22
sending message type 5 to plugin 52
sending message type 5 to plugin 69
sending message type 5 to plugin 107
dispatched message.
dispatch message (5) to plugin listeners
sending message type 5 to plugin 22
sending message type 5 to plugin 52
sending message type 5 to plugin 69
sending message type 5 to plugin 107
dispatched message.
save name is Autosave1_AA616FFD_0_64657A_aaBennyShelterArmoryCell_000023_20260721061003_1_1
full save path: C:\Users\Lore\Documents\My Games\Skyrim Special Edition\__MO_Saves\\Autosave1_AA616FFD_0_64657A_aaBennyShelterArmoryCell_000023_20260721061003_1_1.skse
dispatch message (2) to plugin listeners
sending message type 2 to plugin 3
sending message type 2 to plugin 7
sending message type 2 to plugin 9
sending message type 2 to plugin 12
sending message type 2 to plugin 13
sending message type 2 to plugin 15
sending message type 2 to plugin 16
sending message type 2 to plugin 17
sending message type 2 to plugin 18
sending message type 2 to plugin 19
sending message type 2 to plugin 20
sending message type 2 to plugin 21
sending message type 2 to plugin 22
sending message type 2 to plugin 25
sending message type 2 to plugin 26
sending message type 2 to plugin 27
sending message type 2 to plugin 28
sending message type 2 to plugin 29
sending message type 2 to plugin 30
sending message type 2 to plugin 31
sending message type 2 to plugin 34
sending message type 2 to plugin 35
sending message type 2 to plugin 37
sending message type 2 to plugin 38
sending message type 2 to plugin 40
sending message type 2 to plugin 41
sending message type 2 to plugin 42
sending message type 2 to plugin 43
sending message type 2 to plugin 44
sending message type 2 to plugin 47
sending message type 2 to plugin 48
sending message type 2 to plugin 49
sending message type 2 to plugin 50
sending message type 2 to plugin 52
sending message type 2 to plugin 53
sending message type 2 to plugin 55
sending message type 2 to plugin 56
sending message type 2 to plugin 57
sending message type 2 to plugin 61
sending message type 2 to plugin 62
sending message type 2 to plugin 64
sending message type 2 to plugin 67
sending message type 2 to plugin 68
sending message type 2 to plugin 69
sending message type 2 to plugin 70
sending message type 2 to plugin 71
sending message type 2 to plugin 74
sending message type 2 to plugin 77
sending message type 2 to plugin 78
sending message type 2 to plugin 79
sending message type 2 to plugin 80
sending message type 2 to plugin 81
sending message type 2 to plugin 82
sending message type 2 to plugin 83
sending message type 2 to plugin 84
sending message type 2 to plugin 85
sending message type 2 to plugin 86
sending message type 2 to plugin 87
sending message type 2 to plugin 88
sending message type 2 to plugin 89
sending message type 2 to plugin 90
sending message type 2 to plugin 91
sending message type 2 to plugin 92
sending message type 2 to plugin 94
sending message type 2 to plugin 95
sending message type 2 to plugin 96
sending message type 2 to plugin 97
sending message type 2 to plugin 99
sending message type 2 to plugin 101
sending message type 2 to plugin 102
sending message type 2 to plugin 103
sending message type 2 to plugin 106
sending message type 2 to plugin 107
sending message type 2 to plugin 108
sending message type 2 to plugin 109
sending message type 2 to plugin 110
sending message type 2 to plugin 111
sending message type 2 to plugin 112
sending message type 2 to plugin 113
sending message type 2 to plugin 114
sending message type 2 to plugin 117
sending message type 2 to plugin 121
dispatched message.
Loading plugin list:
	(0 -> 0)	Skyrim.esm
	(1 -> 1)	Update.esm
	(2 -> 2)	Dawnguard.esm
	(3 -> 3)	HearthFires.esm
	(4 -> 4)	Dragonborn.esm
	(5 -> 5)	ccbgssse001-fish.esm
	(1040384 -> 1040384)	ccqdrsse001-survivalmode.esl
	(1040385 -> 1040385)	ccBGSSSE037-Curios.esl
	(6 -> 6)	ccbgssse025-advdsgs.esm
	(1040386 -> 1040386)	_ResourcePack.esl
	(1040387 -> 1040387)	SkyPatcher Keyword Framework.esl
	(1040388 -> 1040388)	OCF.esp
	(7 -> 7)	unofficial skyrim special edition patch.esp
	(1040389 -> 1040389)	UOSC.esl
	(1040390 -> 1040390)	ScriptFixesCompilation.esp
	(8 -> 8)	Unofficial Skyrim Modders Patch.esp
	(1040391 -> 1040391)	Navigator-NavFixes.esl
	(1040392 -> 1040392)	SimplyOptimizedScripts.esl
	(9 -> 9)	RaceCompatibility.esm
	(10 -> 10)	Olenveld.esp
	(11 -> 11)	Phenderix Magic World.esm
	(12 -> 12)	FortKnox.esm
	(13 -> 13)	Blackreach Overhaul.esm
	(14 -> 14)	LvxMagick - Boats.esm
	(15 -> 15)	Better Dynamic Snow SE - DisableRefs.esm
	(1040393 -> 1040393)	Treescale.esm
	(1040394 -> 1040394)	Landscape and Water Fixes.esp
	(1040395 -> 1040395)	Skyrim Landscape and Water Fixes - Light Sources.esp
	(16 -> 16)	GKBWavesReborn.esp
	(17 -> 17)	Natural Waterfalls.esp
	(1040396 -> 1040396)	Natural Waterfalls - Dragonborn.esp
	(1040397 -> 1040397)	Natural Waterfalls - Dawnguard.esp
	(18 -> 18)	Apachii_DivineEleganceStore.esm
	(19 -> 19)	GeneralStores.esm
	(1040398 -> 1040398)	HSResources.esl
	(20 -> 20)	Embers XD.esm
	(21 -> 21)	Sailable Ship.esm
	(22 -> 22)	LvxMagick - Skyrim - Settlement Builder.esm
	(23 -> 23)	RSkyrimChildren.esm
	(24 -> 24)	ApachiiHair.esm
	(25 -> 25)	ApachiiHairMales.esm
	(1040399 -> 1040399)	High Poly Head.esm
	(26 -> 26)	Schlongs of Skyrim - Core.esm
	(1040400 -> 1040400)	Sentinel - Master Plugin.esp
	(1040401 -> 1040401)	UHDAP - en0.esp
	(1040402 -> 1040402)	UHDAP - MusicHQ.esp
	(1040403 -> 1040403)	UHDAP - en1.esp
	(1040404 -> 1040404)	UHDAP - en2.esp
	(1040405 -> 1040405)	UHDAP - en3.esp
	(1040406 -> 1040406)	UHDAP - en4.esp
	(27 -> 27)	Heels Sound.esm
	(1040407 -> 1040407)	FemaleHeelSound.esl
	(28 -> 28)	Campfire.esm
	(29 -> 29)	EarthForge.esm
	(1040408 -> 1040408)	DIAL.esp
	(1040409 -> 1040409)	Snazzy Interiors - The Retching Netch.esp
	(30 -> 30)	Occ_Skyrim_Tamriel.esp
	(1040410 -> 1040410)	EnchantmentArtExtender.esl
	(1040411 -> 1040411)	Creation Club - RCPA fix.esl
	(1040412 -> 1040412)	Expressive Facegen Morphs.esl
	(1040413 -> 1040413)	ADHopesfire.esl
	(1040414 -> 1040414)	Aero.esl
	(1040415 -> 1040415)	ADTrueflame.esl
	(1040416 -> 1040416)	EarthForgeSurvival.esl
	(1040417 -> 1040417)	dragonnests.esl
	(1040418 -> 1040418)	H.U.E - Natural Eyes.esl
	(1040419 -> 1040419)	skoomapipes.esl
	(1040420 -> 1040420)	Dark Dreams.esl
	(1040421 -> 1040421)	SimpleVampFixesSSE.esl
	(1040422 -> 1040422)	TBOS-HepsyBasicJeansSAM.esl
	(1040423 -> 1040423)	Icebloom.esl
	(1040424 -> 1040424)	Kai's Lipstick.esl
	(1040425 -> 1040425)	Riften Towers.esl
	(1040426 -> 1040426)	Kanjs - AIO Books Patch.esl
	(1040427 -> 1040427)	LockMaster.esl
	(1040428 -> 1040428)	OPAlterationGrantArmor.esl
	(1040429 -> 1040429)	PraedysSkeletons.esl
	(1040430 -> 1040431)	Realistic Bears Proyect.esl
	(1040431 -> 1040432)	SolitudeLightHouseFix.esl
	(1040432 -> 1040430)	DisableCharacterLight.esl
	(1040433 -> 1040433)	SeranaEyeFix.esp
	(1040434 -> 1040434)	Unlimited Sprinting.esp
	(1040435 -> 1040435)	stuck on screen fix.esp
	(1040436 -> 1040436)	RaySense.esp
	(1040437 -> 1040437)	dunPOISoldiersRaidOnStartTweak.esp
	(1040438 -> 1040438)	NoStagger.esp
	(1040439 -> 1040439)	KeywordsFixed.esp
	(1040440 -> 1040440)	No Edge Glow - Magic and Transformations.esp
	(31 -> 31)	FNIS.esp
	(1040441 -> 1040441)	Rock Traps Trigger Fixes.esp
	(1040442 -> 1040442)	I4IconAddon.esp
	(32 -> 32)	FISS.esp
	(1040443 -> 1040443)	BeardMaskFix.esp
	(1040444 -> 1040444)	BoundDaggerCollisionFix.esp
	(1040445 -> 1040445)	BoundDaggerFix.esp
	(1040446 -> 1040446)	CollisionReset.esp
	(1040447 -> 1040447)	ChillwindDephts.esp
	(1040448 -> 1040448)	Autorun.esp
	(33 -> 33)	Extended UI.esp
	(1040449 -> 1040449)	Dlizzio's Mesh Fixes.esp
	(1040450 -> 1040450)	MfgFix.esp
	(34 -> 34)	UIExtensions.esp
	(1040451 -> 1040451)	SkyUI_SE.esp
	(1040452 -> 1040452)	manny_Status.esp
	(1040453 -> 1040453)	MCMHelper.esp
	(1040454 -> 1040454)	UntarnishedUI_Blur.esp
	(1040455 -> 1040455)	UntarnishedUI_Subtitle.esp
	(35 -> 35)	AMatterOfTime.esp
	(1040456 -> 1040456)	RaceMenu.esp
	(1040457 -> 1040457)	RaceMenuPlugin.esp
	(1040458 -> 1040458)	RaceCompatibilityUSKPOverride.esp
	(1040459 -> 1040459)	AixBodySelector.esp
	(1040460 -> 1040460)	AixSchlongSelector.esp
	(36 -> 36)	RaceMenuHH.esp
	(37 -> 37)	IMAGINATOR SSE - Visual Control for Skyrim.esp
	(1040461 -> 1040461)	IMAGINATOR - MCMenu.esp
	(38 -> 38)	olenveldfixpack.esp
	(39 -> 39)	Sweet Roll Hut.esp
	(1040462 -> 1040462)	BetterQuestObjectives.esp
	(1040463 -> 1040463)	AX NoRushRiften.esp
	(1040464 -> 1040464)	PaarthurnaxQuestExpansion.esp
	(1040465 -> 1040465)	BetterQuestObjectives-PaarExpansion Patch.esp
	(40 -> 40)	Helgen Reborn.esp
	(1040466 -> 1040466)	Unique Helgen Reborn.esp
	(1040467 -> 1040467)	QuestsAreInSkyrimUSSEP.esp
	(1040468 -> 1040468)	BetterQuestObjectives - QuestsAreInSkyrim Patch.esp
	(1040469 -> 1040469)	EBQO_QAIS-USSEP_Patch.esp
	(1040470 -> 1040470)	Favor Quests Seperated.esp
	(1040471 -> 1040471)	Favor Quests Seperated - USSEP Patch.esp
	(1040472 -> 1040472)	StalhrimSourceFix.esp
	(41 -> 41)	AK- Boethiah Alternate.esp
	(42 -> 42)	AK- Namira for Good Guys.esp
	(1040473 -> 1040473)	BetterQuestObjectives - Namira for Good Guys Patch.esp
	(43 -> 43)	Goodstormcloaks.esp
	(1040474 -> 1040474)	BOTI.esp
	(1040475 -> 1040475)	FSA_FindingSusannaAlive_BotIR.esp
	(1040476 -> 1040476)	Proving Honor Companions Quest Progression Fix.esp
	(1040477 -> 1040477)	Companions - Don't be a Milk Drinker.esp
	(1040478 -> 1040478)	Dustmans Cairn Farkas Scene Fix.esp
	(44 -> 44)	Brynjolf has Time.esp
	(45 -> 45)	LocalizedGuildJobs.esp
	(1040479 -> 1040479)	Revealing Rune.esp
	(1040480 -> 1040480)	Guild Master's Armor First Person Texture Fix.esp
	(46 -> 46)	goodbrother.esp
	(1040481 -> 1040481)	BetterQuestObjectives - Dark Brotherhood for Good Guys Patch.esp
	(1040482 -> 1040482)	College of Winterhold Quest Start Fixes.esp
	(47 -> 47)	NAT-ENB.esp
	(1040483 -> 1040483)	NAT-CS.esp
	(1040484 -> 1040484)	NAT -DuskNDawn.esp
	(1040485 -> 1040485)	NAT.CS - From Dusk Till Dawn.esp
	(1040486 -> 1040486)	StormLightning.esp
	(1040487 -> 1040487)	Distant Rolling Thunder.esp
	(1040488 -> 1040488)	Rainbows Remade.esp
	(1040489 -> 1040489)	MoonsAndStars.esp
	(1040490 -> 1040490)	ShootingStars.esp
	(1040491 -> 1040491)	ShootingStars - Remove Leaflet.esp
	(1040492 -> 1040492)	ECD.esp
	(1040493 -> 1040493)	AcousticTemplateFixes.esp
	(48 -> 48)	Audio Overhaul Skyrim.esp
	(49 -> 49)	Immersive Sounds - Compendium.esp
	(1040494 -> 1040494)	Reverb Interior Sounds Expansion.esp
	(1040495 -> 1040495)	AcousticTemplateFixes_ReverbInteriorSounds.esp
	(50 -> 50)	SMIM-SE-Merged-All.esp
	(1040496 -> 1040496)	HPP - FirewoodSnow.esp
	(1040497 -> 1040497)	HPP - Vaermina's Torpor.esp
	(1040498 -> 1040498)	HPP - My fixes by Xtudo - Chopping Blocks.esp
	(1040499 -> 1040499)	PraedysBlackreachGemDeposits.esp
	(1040500 -> 1040500)	Shaders of Solstheim.esp
	(1040501 -> 1040501)	Diverse Windmill Sails.esp
	(1040502 -> 1040502)	ShoresofSkyrim.esp
	(51 -> 51)	Cathedral - 3D Pine Grass.esp
	(52 -> 52)	Origins Of Forest - 3D Forest Grass.esp
	(53 -> 53)	Folkvangr - Grass and Landscape Overhaul.esp
	(1040503 -> 1040503)	QW's Grass Patch 2.esp
	(1040504 -> 1040504)	NoGrassias.esp
	(54 -> 54)	Landscape Fixes For Grass Mods.esp
	(1040505 -> 1040505)	Landscape For Grass mods - Helgen Reborn Patch.esp
	(1040506 -> 1040506)	Parallax TXST Fixes - _ResourcePack.esp
	(1040507 -> 1040507)	Parallax TXST Fixes.esp
	(1040508 -> 1040508)	Parallax TXST Fixes - Shaders of Solstheim.esp
	(1040509 -> 1040509)	Parallax TXST Fixes - Landscape and Water Fixes.esp
	(1040510 -> 1040510)	Parallax TXST Fixes - ccBGSSSE001-Fish.esp
	(1040511 -> 1040511)	Parallax TXST Fixes - ccBGSSSE025-AdvDSGS.esp
	(1040512 -> 1040512)	Parallax TXST Fixes - Unofficial Skyrim Modders Patch.esp
	(1040513 -> 1040513)	Parallax TXST Fixes - Unofficial Skyrim Special Edition Patch.esp
	(1040514 -> 1040514)	Stones of Solitude.esp
	(1040515 -> 1040515)	Atlantean Landscape.esp
	(1040516 -> 1040516)	Atlantean Landscape - USSEP patch.esp
	(1040517 -> 1040517)	Atlantean Landscape - LFfGM patch.esp
	(1040518 -> 1040518)	Atlantean Landscape - SLaWF patch.esp
	(1040519 -> 1040519)	Atlantean Snowy Bridges Fix.esp
	(1040520 -> 1040520)	Tomato Landscape.esp
	(1040521 -> 1040521)	Tomato Landscape - TPBF Patch.esp
	(1040522 -> 1040522)	Tomato Landscape - Blended Roads Patch.esp
	(55 -> 55)	Landscape Seam Fixes.esp
	(56 -> 56)	Skyrim Better Roads and Bridges - All In One - Merged.esp
	(1040523 -> 1040523)	BlendedRoads.esp
	(1040524 -> 1040524)	Parallax TXST Fixes - BlendedRoads.esp
	(1040525 -> 1040525)	BlendedRoadsFixes.esp
	(57 -> 57)	skyrim 3D roads.esp
	(1040526 -> 1040526)	GlacierTXTS.esp
	(1040527 -> 1040527)	Simple Snow Improvements - Skyrim.esp
	(1040528 -> 1040528)	Simple Snow Improvements - Giant Obelisk.esp
	(1040529 -> 1040529)	Simple Snow Improvements - Snow Forts.esp
	(1040530 -> 1040530)	Simple Snow Improvements - Solstheim Ruins.esp
	(58 -> 58)	Better Dynamic Snow SE.esp
	(1040531 -> 1040531)	Better Dynamic Snow SE - No Glacier Snow.esp
	(59 -> 59)	Dimmer - SnowyWhiteMountainsBDS.esp
	(1040532 -> 1040532)	No More Dead Shrub.esp
	(1040533 -> 1040533)	Ivy Replacer BOS.esp
	(1040534 -> 1040534)	HQ Ivy Fences for Riverwood.esp
	(1040535 -> 1040535)	flower mod.esp
	(60 -> 60)	HappyLittleTrees.esp
	(61 -> 61)	Treeswinedave.esp
	(1040536 -> 1040536)	Massive Outstandingly Insane Swamp Tree.esp
	(62 -> 62)	Fabled Forests.esp
	(1040537 -> 1040537)	Fabled Forests - Exlude Named Locations AIO.esp
	(1040538 -> 1040538)	Fabled Forests - No Aspens Outside the Rift.esp
	(1040539 -> 1040539)	Fabled Forests - Exclude Towns Villages Inns AIO.esp
	(1040540 -> 1040540)	Fabled Forests - Ivy on Trees.esp
	(1040541 -> 1040541)	Fabled Forests - Exclude Morthal Marsh.esp
	(1040542 -> 1040542)	YlikPines.esp
	(1040543 -> 1040543)	FabledForests-YlikArborealPines-Patch.esp
	(63 -> 63)	Aspens Ablaze.esp
	(64 -> 64)	Blubbo_Gildergreen_2023.esp
	(1040544 -> 1040544)	Skyfall Sleeping Tree Overhaul.esp
	(65 -> 65)	StuieAppleseed.esp
	(1040545 -> 1040545)	Diverse Logs BOS.esp
	(1040546 -> 1040546)	Unique NVFH - Non Snowy Regions.esp
	(66 -> 66)	SpiceOfLife - OrcLStrongholds.esp
	(1040547 -> 1040547)	Orcish Lanterns for Largashbur BOS.esp
	(1040548 -> 1040548)	Unique Festival Ropes.esp
	(1040549 -> 1040549)	Utenlands Nordic Tents - BOS Variance.esp
	(1040550 -> 1040550)	Khajiit Has Tents.esp
	(1040551 -> 1040551)	Khajiit Has Tents-Animated.esp
	(1040552 -> 1040552)	Dovahnique's Diverse Vendor Carts - BOS.esp
	(67 -> 67)	DungeonsRevisited.esp
	(68 -> 68)	Sepolcri.esp
	(1040553 -> 1040553)	Skyrim Remastered - Ice Caves Fix.esp
	(1040554 -> 1040554)	ballistacrashfix.esp
	(1040555 -> 1040555)	JS Dwarven Oil SE.esp
	(69 -> 69)	Diverse Foods.esp
	(1040556 -> 1040556)	Diverse_Breads_BOS.esp
	(1040557 -> 1040557)	OreVeinTextureFix.esp
	(1040558 -> 1040558)	OreIngotsFadingsignal.esp
	(1040559 -> 1040559)	RallysAnimMarket.esp
	(1040560 -> 1040560)	JS Dragon Claws AE - Helgen Reborn.esp
	(1040561 -> 1040561)	JS Instruments of Skyrim SE - Uniques.esp
	(70 -> 70)	immersivehdbanners.esp
	(1040562 -> 1040562)	Cultured Orc Furniture.esp
	(1040563 -> 1040563)	PraedysAzurasRealm.esp
	(1040564 -> 1040564)	Potions.esp
	(1040565 -> 1040565)	Landscape and Water Fixes - Patch - LFfGM.esp
	(1040566 -> 1040566)	Landscape and Water Fixes - CC Fishing patch.esp
	(1040567 -> 1040567)	Landscape and Water Fixes - Helgen Reborn - Patch.esp
	(1040568 -> 1040568)	Landscape and Water Fixes - Patch - Navigator ESL.esp
	(1040569 -> 1040569)	Landscape and Water Fixes - Patch - USMP.esp
	(71 -> 71)	Cathedral - Water.esp
	(1040570 -> 1040570)	water mod.esp
	(1040571 -> 1040571)	defaultCubemapFix.esp
	(72 -> 72)	DepthsOfSkyrim.esp
	(1040572 -> 1040572)	UWRL_UnderWaterSkyrimRiversAndLakes.esp
	(1040573 -> 1040573)	Underwater Skyrim- Rivers and Lakes- No Slaughterfish Patch.esp
	(1040574 -> 1040574)	UnderwaterBlackreach.esp
	(73 -> 73)	wavetest.esp
	(1040575 -> 1040575)	Crystal Clear Frozen Lakes and Ponds.esp
	(1040576 -> 1040576)	Natural Waterfalls - Sounds.esp
	(1040577 -> 1040577)	WAVY Waterfalls Effect.esp
	(1040578 -> 1040578)	Undriel_Gems_in_Skyrim_SE.esp
	(74 -> 74)	AHZBetterDGEntranceSE.esp
	(1040579 -> 1040579)	shalidor's maze fixes.esp
	(75 -> 75)	Skyrim Trading Posts.esp
	(1040580 -> 1040580)	Apachii_DivineEleganceStore_Dawnguard_Patch.esp
	(1040581 -> 1040581)	Apachii_DivineEleganceStore_Patch.esp
	(76 -> 76)	cheat room.esp
	(1040582 -> 1040582)	cheat room edit.esp
	(1040583 -> 1040583)	DeadlySpellImpacts.esp
	(1040584 -> 1040584)	PSI.esp
	(1040585 -> 1040585)	DeadlySpellImpacts - Two Fire.esp
	(1040586 -> 1040586)	Frost Meshes Patch.esp
	(77 -> 77)	dD - Enhanced Blood Main.esp
	(1040587 -> 1040587)	AOS_EBT Patch.esp
	(1040588 -> 1040588)	Clear Shaders.esp
	(1040589 -> 1040589)	FleshFX.esp
	(1040590 -> 1040590)	DynamicWindSkyrim.esp
	(78 -> 78)	RaceChanger.esp
	(1040591 -> 1040591)	Harmonized Race Heights.esp
	(79 -> 79)	BuyLumberInLargerStacks.esp
	(1040592 -> 1040592)	Eld-beri.esp
	(1040593 -> 1040593)	Crossbow Integration.esp
	(1040594 -> 1040594)	Crossbow Integration - No WACCF.esp
	(1040595 -> 1040595)	Diverse Tanning Racks.esp
	(80 -> 80)	_pocketcraftshop.esp
	(81 -> 81)	BBD_SkeletonKey.esp
	(1040596 -> 1040596)	Diverse Archery Targets BOS.esp
	(1040597 -> 1040597)	HFs_ArcheryTarget_remodel_(BOS).esp
	(1040598 -> 1040598)	DB Surrender.esp
	(82 -> 82)	Andromeda - Unique Standing Stones of Skyrim.esp
	(1040599 -> 1040599)	Ryn's Standing Stones.esp
	(83 -> 83)	Menhir - Standing Stones of Skyrim.esp
	(1040600 -> 1040600)	StoneLoverFix.esp
	(1040601 -> 1040601)	NamelessStandingStones.esp
	(84 -> 84)	lovecraftbooks.esp
	(1040602 -> 1040602)	BooksOfSkyrim.esp
	(1040603 -> 1040603)	Books of Skyrim - RS Children Patch.esp
	(85 -> 85)	Book Covers Skyrim.esp
	(1040604 -> 1040604)	BetterQuestObjectives - BCS Patch.esp
	(1040605 -> 1040605)	Book Covers Skyrim - Lost Library.esp
	(1040606 -> 1040606)	Book Covers Skyrim - Lost Library0.esp
	(1040607 -> 1040607)	Book Covers Skyrim - Lost Library1.esp
	(1040608 -> 1040608)	Book Covers Skyrim - Lost Library2.esp
	(1040609 -> 1040609)	BURP_SpellTomes.esp
	(1040610 -> 1040610)	GDOS - Splendid Mechanized Dwemer Door.esp
	(1040611 -> 1040611)	GDOS - Glorious Solitude Door - Rotation Fix.esp
	(86 -> 86)	SSE_TGHQO.esp
	(1040612 -> 1040612)	Orc Strongholds - Largashbur.esp
	(87 -> 87)	StrotiMushroomHouse.esp
	(88 -> 88)	JetsResources.esp
	(1040613 -> 1040613)	JK's High Hrothgar.esp
	(1040614 -> 1040614)	JK's Sky Haven Temple.esp
	(89 -> 89)	RodryksDragonBridge.esp
	(90 -> 90)	Thuldor's Ivarstead.esp
	(1040615 -> 1040615)	Thuldor's Ivarstead - Tweaks and Fixes.esp
	(1040616 -> 1040616)	Thuldor's Ivarstead - Fabled Forest.esp
	(1040617 -> 1040617)	Thuldor's Ivarstead - Landscape and Water Fixes.esp
	(1040618 -> 1040618)	Thuldor's Ivarstead - Landscape Fixes for Grass Mods.esp
	(1040619 -> 1040619)	Thuldor's Ivarstead - Farmhouse Roofs.esp
	(1040620 -> 1040620)	Thuldor's Ivarstead - Riften Stone Alternate Texture.esp
	(1040621 -> 1040621)	Thuldor's Ivarstead - Riften Stone and Farmhouse Roofs Patch.esp
	(91 -> 91)	Ivarstead-falls-2-SD.esp
	(92 -> 92)	Riverwood Mushroom House.esp
	(93 -> 93)	Riverwood Revitalized.esp
	(1040622 -> 1040622)	Riverwood Revitalized CC Fishing Patch.esp
	(1040623 -> 1040623)	Ivy - Riverwood Well.esp
	(94 -> 94)	RedBag's Rorikstead.esp
	(1040624 -> 1040624)	RedBag's Rorikstead - Brighter Interiors.esp
	(1040625 -> 1040625)	RedBag's Rorikstead - Hearthfire Patch.esp
	(1040626 -> 1040626)	RedBag's Rorikstead - Enhanced.esp
	(1040627 -> 1040627)	COTN - Dawnstar.esp
	(1040628 -> 1040628)	Gonzeh - Shor's Stone Overhaul.esp
	(1040629 -> 1040629)	Spaghetti's Towns - Shor's Stone.esp
	(1040630 -> 1040630)	Gonzeh - Spaghetti - Patch.esp
	(1040631 -> 1040631)	JK's Fort Dawnguard.esp
	(1040632 -> 1040632)	JK's Septimus Signus's Outpost.esp
	(1040633 -> 1040633)	The Blackest Reaches.esp
	(1040634 -> 1040634)	The Blackest Reaches - USSEP Patch.esp
	(1040635 -> 1040635)	ThronesExpandedBOS.esp
	(95 -> 95)	RedBag's Falkreath.esp
	(1040636 -> 1040636)	RedBag's Falkreath - Happy Little Trees patch.esp
	(1040637 -> 1040637)	RedBag's Falkreath - CC Fishing patch.esp
	(1040638 -> 1040638)	RedBag's Falkreath - Fabled Forests patch.esp
	(1040639 -> 1040639)	RedBag's Falkreath - Helgen Reborn patch.esp
	(1040640 -> 1040640)	RedBag's Falkreath - LAWF patch.esp
	(1040641 -> 1040641)	RedBag's Falkreath - LFFGM patch.esp
	(1040642 -> 1040642)	RedBag's Falkreath - RS Children patch.esp
	(1040643 -> 1040643)	RedBag's Falkreath - Sepolcri patch.esp
	(1040644 -> 1040644)	RedBag's Falkreath - USSEP patch.esp
	(1040645 -> 1040645)	Markarth - City of Stone.esp
	(96 -> 96)	Markarth Entrance Overhaul.esp
	(1040646 -> 1040646)	Seifu's PREEM Dwarven PipeWorks.esp
	(1040647 -> 1040647)	JK's Arnleif and Sons Trading Company.esp
	(1040648 -> 1040648)	JK's The Hag's Cure.esp
	(1040649 -> 1040649)	JK's Temple of Dibella.esp
	(1040650 -> 1040650)	JK's Silver-Blood Inn.esp
	(1040651 -> 1040651)	UnderstoneKeepSwept.esp
	(97 -> 97)	RedBag's Morthal.esp
	(1040652 -> 1040652)	Redbag's Morthal - LFFGM.esp
	(1040653 -> 1040653)	Redbag's Morthal - eFPS.esp
	(1040654 -> 1040654)	RedBag's Morthal - Fabled Forests.esp
	(1040655 -> 1040655)	RedBag's Morthal - cc fishing patch.esp
	(1040656 -> 1040656)	Rustling Riften Leaves SE.esp
	(1040657 -> 1040657)	RYFTEN DOWN.esp
	(1040658 -> 1040658)	JK's The Ragged Flagon.esp
	(1040659 -> 1040659)	HSRiften - Elgrim's Elixirs.esp
	(1040660 -> 1040660)	HSRiften - The Pawned Prawn.esp
	(1040661 -> 1040661)	HSRiften - Temple of Mara.esp
	(1040662 -> 1040662)	Riften Gate Restored.esp
	(1040663 -> 1040663)	Solitude farmhouses rework.esp
	(1040664 -> 1040664)	Mrf Solitude.esp
	(98 -> 98)	solitudebluepalace.esp
	(1040665 -> 1040665)	BluePalaceUSSEPPatch.esp
	(99 -> 99)	SolitudeTempleFrescoesBig.esp
	(1040666 -> 1040666)	SolitudeDomePaintings.esp
	(100 -> 100)	Solitude Watchtower.esp
	(1040667 -> 1040667)	Solitude Braziers.esp
	(101 -> 101)	Solitude Docks.esp
	(1040668 -> 1040668)	JK's Solitude Outskirts.esp
	(1040669 -> 1040669)	Moss2Roses_JarlKeeps.esp
	(1040670 -> 1040670)	Witcherun A Verdant Whiterun Overhaul.esp
	(1040671 -> 1040671)	Witcherun A Verdant Whiterun Overhaul Fixes.esp
	(102 -> 102)	JK's Whiterun's Outskirts.esp
	(1040672 -> 1040672)	JK's Whiterun Outskirts - Parallax Farmhouse Fix.esp
	(1040673 -> 1040673)	RedBag's Dragonsreach.esp
	(1040674 -> 1040674)	JK's Dragonsreach.esp
	(1040675 -> 1040675)	JK's & Redbag's Dragonsreach Patch.esp
	(1040676 -> 1040676)	WRHorse Statue - Horses Gallore.esp
	(103 -> 103)	WRHorse Statue - Horses Gallore - Aesthetic Patch.esp
	(104 -> 104)	WRHorse Statue - Horses Galore - Alternate Market Statue.esp
	(1040677 -> 1040677)	Ivy - Whiterun - Well Overhaul.esp
	(105 -> 105)	WarmaidenReforged.esp
	(1040678 -> 1040678)	JK's Palace of the Kings.esp
	(1040679 -> 1040679)	riton - jk's potk.esp
	(1040680 -> 1040680)	Windhelm Bridge Revived.esp
	(1040681 -> 1040681)	Windhelm Bridge Revived - BOS Snowy Bridge.esp
	(1040682 -> 1040682)	Windhelm Bridge Revived - Less Guards Addon.esp
	(1040683 -> 1040683)	Windhelm Bridge Revived - Wood Roof Addon.esp
	(106 -> 106)	Windhelm Lighthouse.esp
	(1040684 -> 1040684)	WHlighthouse Fixes.esp
	(107 -> 107)	Winterhold Restored.esp
	(1040685 -> 1040685)	Winterhold Restored - HPP patch by Xtudo.esp
	(1040686 -> 1040686)	Winterhold Restored - BDS Patch.esp
	(108 -> 108)	Winterhold Restored and Enhanced.esp
	(109 -> 109)	Raven Rock Reborn.esp
	(1040687 -> 1040687)	RavenRockDunmerized.esp
	(110 -> 110)	Skaal Village.esp
	(111 -> 111)	RavenRockBathhouse.esp
	(1040688 -> 1040688)	RavenRockBathhouseRRRebornPatch.esp
	(112 -> 112)	man_DaedricShrines.esp
	(1040689 -> 1040689)	More Underwater Treasures AIO.esp
	(113 -> 113)	Embers XD.esp
	(1040690 -> 1040690)	Thuldor's Ivarstead - Tweaks and Fixes - EmbersXD.esp
	(1040691 -> 1040691)	Thuldor's Ivarstead - EmbersXD.esp
	(1040692 -> 1040692)	Riverwood Revitalized Embers XD Patch.esp
	(1040693 -> 1040693)	RedBag's Falkreath - Embers XD patch.esp
	(1040694 -> 1040694)	Parallax TXST Fixes - Embers XD.esp
	(1040695 -> 1040695)	Embers XD - Fire Magick Add-On.esp
	(1040696 -> 1040696)	Embers XD - Patch - Remove Snow.esp
	(1040697 -> 1040697)	Embers XD - Patch - Survival Mode.esp
	(1040698 -> 1040698)	Embers XD - Patch - Rodryks DragonBridge.esp
	(1040699 -> 1040699)	Embers XD - Patch - JKs Dragonsreach.esp
	(1040700 -> 1040700)	Paraphernalia - Ambience Flicker Shadows.esp
	(1040701 -> 1040701)	Smoking Torches And Candles.esp
	(114 -> 114)	P1FlyingRing.esp
	(1040702 -> 1040702)	Road Signs Fast Travel.esp
	(1040703 -> 1040703)	DwarvenRacer.esp
	(1040704 -> 1040704)	LiminalPortals.esp
	(115 -> 115)	LvxMagicks-Eclipse-Airship.esp
	(116 -> 116)	buildingmaterialsgodchest.esp
	(1040705 -> 1040705)	Hearthfires Houses Building Fix.esp
	(1040706 -> 1040706)	MannequinManagement.esp
	(117 -> 117)	MannequinDesigns.esp
	(118 -> 118)	Breezehome_Fully_Upgradable.esp
	(119 -> 119)	Breezehome_Fully_Upgraded_Group_Bathing.esp
	(1040707 -> 1040707)	Strip_RoomRules-Patch.esp
	(120 -> 120)	Morskom.esp
	(121 -> 121)	Silverstead.esp
	(1040708 -> 1040708)	esv-di8842-patch-grass-silverstead.esp
	(122 -> 122)	LvxMagick - Skyrim - Settlement Builder - Expansion Pack - 01.esp
	(123 -> 123)	TheScarlett.esp
	(1040709 -> 1040709)	Winterhold Restored - The Scarlett Patch.esp
	(124 -> 124)	RNF-Dwemer Armory.esp
	(125 -> 125)	Project Legacy.esp
	(126 -> 126)	mnWallbasketsSE.esp
	(1040710 -> 1040710)	WiZkiD Signs - BirnasOddments Addon.esp
	(1040711 -> 1040711)	WiZkiD Specific Signs.esp
	(1040712 -> 1040712)	REVision.esp
	(127 -> 127)	Skyrim Remastering.esp
	(1040713 -> 1040713)	mihailcyrodilictroll.esp
	(1040714 -> 1040714)	TrollVariance.esp
	(1040715 -> 1040715)	mihailrooster.esp
	(128 -> 128)	GiantsAreGiants.esp
	(1040716 -> 1040716)	PraedysSkeletons.esp
	(1040717 -> 1040717)	HagravenSkinShaders.esp
	(1040718 -> 1040718)	Skysan_Icicle.esp
	(1040719 -> 1040719)	Butterflies.esp
	(1040720 -> 1040720)	zzjay Butterflies - Saints and Seducers Patch.esp
	(1040721 -> 1040721)	Insects Begone - Saints and Seducers.esp
	(1040722 -> 1040722)	GreyRatReplacer.esp
	(1040723 -> 1040723)	ReplacerSewerRatsBrownBlack.esp
	(1040724 -> 1040724)	mihailcliffracer_FLY.esp
	(129 -> 129)	PAN_AIO_big.esp
	(1040725 -> 1040725)	BetterArgonianHorns.esp
	(1040726 -> 1040726)	Children of the Hist.esp
	(1040727 -> 1040727)	RSChildren.esp
	(1040728 -> 1040728)	RealisticRSChildren.esp
	(1040729 -> 1040729)	RRSC-HelgenReborn-Patch.esp
	(1040730 -> 1040730)	BetterDressedKids.esp
	(1040731 -> 1040731)	Beef Unending - A Civil War Replacer.esp
	(1040732 -> 1040732)	0BrynjolfReplacer.esp
	(1040733 -> 1040733)	Sanguis Noxius - SerketHetyt's Harkon & Valerica Overhaul.esp
	(1040734 -> 1040734)	Lionheart - SerketHetyt's Mjoll Overhaul.esp
	(1040735 -> 1040735)	Botox SE.esp
	(1040736 -> 1040736)	Botox SE - Helgen Reborn.esp
	(1040737 -> 1040737)	Karura's Thieves Guild Refined.esp
	(130 -> 130)	KS Hairdo's.esp
	(131 -> 131)	[Dint999] BDOr_Hairstyles.esp
	(1040738 -> 1040738)	[dint999] HairPack02 A (female).esp
	(1040739 -> 1040739)	[dint999] HairPack02 B (female).esp
	(1040740 -> 1040740)	KSHairdosSMP.esp
	(1040741 -> 1040741)	Ultra Realistic Hair Colors.esp
	(132 -> 132)	Brows.esp
	(1040742 -> 1040742)	Beards.esp
	(133 -> 133)	HPH SV Beards.esp
	(1040743 -> 1040743)	KaliliesBrows.esp
	(1040744 -> 1040744)	OPubes.esp
	(1040745 -> 1040745)	TRE_Brows2_HP.esp
	(1040746 -> 1040746)	NaturalPubicHairstyles.esp
	(134 -> 134)	HUE_Standalone_2.esp
	(1040747 -> 1040747)	The Eyes of Beauty - Revamped.esp
	(1040748 -> 1040748)	The Eyes of Beauty - Revamped - Male.esp
	(1040749 -> 1040749)	AudsGothGirls.esp
	(1040750 -> 1040750)	Sakora's Make Over Kit for SKSE64.esp
	(1040751 -> 1040751)	HavoksLipPatterns.esp
	(1040752 -> 1040752)	FMS_FemaleMakeupSuite.esp
	(1040753 -> 1040753)	Pocky Punk's Make Up Addon_females.esp
	(1040754 -> 1040754)	ExMakeup.esp
	(1040755 -> 1040755)	StojaMakeupPack.esp
	(1040756 -> 1040756)	KMLMakeupSuite.esp
	(1040757 -> 1040757)	Koralina's COtR Makeup Male.esp
	(1040758 -> 1040758)	Koralina's COtR Makeup Female.esp
	(1040759 -> 1040759)	LyruTat2.esp
	(1040760 -> 1040760)	LyruTat.esp
	(1040761 -> 1040761)	IncaendoOverlays.esp
	(1040762 -> 1040762)	SlaveTats.esp
	(1040763 -> 1040763)	(SDZ21) Tramp Stamp CBBE 3BA.esp
	(1040764 -> 1040764)	HIMBOBodyhairOverlay.esp
	(1040765 -> 1040765)	dD-No Spinning Death Animation.esp
	(1040766 -> 1040766)	Sleeping Expanded.esp
	(1040767 -> 1040767)	CBBE.esp
	(1040768 -> 1040768)	3BBB.esp
	(135 -> 135)	RaceMenuMorphsCBBE.esp
	(136 -> 136)	COR_AllRace.esp
	(137 -> 137)	COR SV Beards.esp
	(138 -> 138)	COTR - Eye Fixes.esp
	(139 -> 139)	BnP__COR_skin.esp
	(1040769 -> 1040769)	Koralina's COTR Details.esp
	(140 -> 140)	[Dint999] Nails+.esp
	(1040770 -> 1040770)	OBody.esp
	(1040771 -> 1040771)	JR_OBody_CBPCHotSwap.esp
	(1040772 -> 1040772)	SkyrimOutfitEquipmentSystemNG.esp
	(1040773 -> 1040773)	fluffy khajiit32.esp
	(141 -> 141)	fluffy khajiit 2 32 SOS.esp
	(1040774 -> 1040774)	Khajiit3DBodyFur.esp
	(142 -> 142)	KhajiitPaw.esp
	(143 -> 143)	XPMSE.esp
	(1040775 -> 1040775)	MuJointFixToggleSLandOstim.esp
	(1040776 -> 1040776)	HIMBO.esp
	(1040777 -> 1040777)	RaceMenuMorphsHIMBO.esp
	(144 -> 144)	Schlongs of Skyrim.esp
	(145 -> 145)	SOS - VectorPlexus Regular Addon.esp
	(146 -> 146)	SOS - VectorPlexus Muscular Addon.esp
	(1040778 -> 1040778)	BodyHairSlider.esp
	(1040779 -> 1040779)	EyeImprovements.esp
	(1040780 -> 1040780)	MaleSkinImprovements.esp
	(1040781 -> 1040781)	HSFBabyDragon.esp
	(1040782 -> 1040782)	mihailmammoths.esp
	(1040783 -> 1040783)	mihailmammothbaby.esp
	(1040784 -> 1040784)	Mammoth babies for Mournful Giant.esp
	(147 -> 147)	SimplyBiggerGiantsAndMammoths.esp
	(1040785 -> 1040785)	DreamUniqueDogsSE.esp
	(1040786 -> 1040786)	DynamicAnimalVariantsPlus.esp
	(1040787 -> 1040787)	DogSPID.esp
	(1040788 -> 1040788)	mihailwolvesofcyrodiil.esp
	(1040789 -> 1040789)	Bears of the North.esp
	(1040790 -> 1040790)	Dynamic Animal Variants Plus Bears of the North Patch.esp
	(1040791 -> 1040791)	Dog Followers are Huskies.esp
	(148 -> 148)	ADGTS.esp
	(1040792 -> 1040792)	NewDogsReplacers.esp
	(1040793 -> 1040793)	mihailkillerbunny.esp
	(1040794 -> 1040794)	mihailgiantclubvariety.esp
	(1040795 -> 1040795)	AnthorDragonFix.esp
	(1040796 -> 1040796)	IncubatedEgg.esp
	(1040797 -> 1040797)	GotDragonsStandalone.esp
	(1040798 -> 1040798)	ElrianSaddles.esp
	(1040799 -> 1040799)	ElrianLongManeHorseAddon.esp
	(1040800 -> 1040800)	ElrianSaddlesHorsePatch.esp
	(1040801 -> 1040801)	SC_HorseReplacer.esp
	(149 -> 149)	Equestrian - An SC Horses Overhaul.esp
	(1040802 -> 1040802)	Witcher Horses 2.0.esp
	(1040803 -> 1040803)	RedBag's Falkreath - Witcher Horse Expansion patch.esp
	(1040804 -> 1040804)	Witcher Horses - Elrian Saddles Patch.esp
	(1040805 -> 1040805)	Witcher Horses - Equestrian Patch.esp
	(1040806 -> 1040806)	Horse Flickering Mane Fix.esp
	(150 -> 150)	The Four Horses of the Apocalypse.esp
	(1040807 -> 1040807)	Race Compatibility Dialogue SSE.esp
	(1040808 -> 1040808)	Collision Dialogue Overhaul.esp
	(1040809 -> 1040809)	Collision Dialogue Overhaul MCM.esp
	(1040810 -> 1040810)	CheekyKids.esp
	(1040811 -> 1040811)	Naked Comments Overhaul.esp
	(1040812 -> 1040812)	PositiveUndressedReactions.esp
	(151 -> 151)	Relationship Dialogue Overhaul.esp
	(1040813 -> 1040813)	Race Compatibility Dialogue SSE - RDO.esp
	(1040814 -> 1040814)	RDO Updated.esp
	(1040815 -> 1040815)	ARA_RDO npcs.esp
	(152 -> 152)	MJP_Schwarzenegger.esp
	(1040816 -> 1040816)	DuneborneFollowers.esp
	(1040817 -> 1040817)	ExtraFollowersAddon.esp
	(153 -> 153)	kdsum_follower.esp
	(1040818 -> 1040818)	MasculineHousecarls.esp
	(1040819 -> 1040819)	TwinsOfWindhelm - Highpoly Ver.esp
	(1040820 -> 1040820)	MVC NeusKharp Followers HPH and EDM.esp
	(1040821 -> 1040821)	Horde.esp
	(154 -> 154)	GoOnAhead.esp
	(1040822 -> 1040822)	GQJ_DG_vampireamuletfix.esp
	(1040823 -> 1040823)	Ghoulish_Pendant V2.esp
	(1040824 -> 1040824)	Myrtles.esp
	(155 -> 155)	LadyLaceCloaks_EN.esp
	(1040825 -> 1040825)	Apachii_DES_SMP_Patch.esp
	(1040826 -> 1040826)	LadyLaceCloaks_EN_SMP_Patch.esp
	(156 -> 156)	BlueJeans.esp
	(1040827 -> 1040827)	Common Clothing Expanded.esp
	(1040828 -> 1040828)	0CCE_RadiantRaiments.esp
	(1040829 -> 1040829)	More Varied Clothes.esp
	(1040830 -> 1040830)	ObiGreaser.esp
	(1040831 -> 1040831)	CatsuitsandCorsetsHeelsSound.esp
	(1040832 -> 1040832)	AnkleBoots.esp
	(157 -> 157)	Converse Shoes.esp
	(1040833 -> 1040833)	Converse Shoes Heavy Armor Addon.esp
	(1040834 -> 1040834)	VtawWardrobe4 [SE].esp
	(158 -> 158)	VtawWardrobe5.esp
	(1040835 -> 1040835)	DX StLouis SE.esp
	(1040836 -> 1040836)	CountessEnsembleBHUNP.esp
	(1040837 -> 1040837)	Sharkish_Piercings.esp
	(159 -> 159)	Skyrim Unlimited Rings And Amulets SSE.esp
	(160 -> 160)	Skysan_GlassAW.esp
	(1040838 -> 1040838)	Skysan_Stalhrim.esp
	(1040839 -> 1040839)	Apophysis_DPM_SE.esp
	(1040840 -> 1040840)	Sentinel.esp
	(1040841 -> 1040841)	Sentinel - Priests and Acolytes.esp
	(1040842 -> 1040842)	Sentinel - City Guards.esp
	(1040843 -> 1040843)	Sentinel - USSEP Patch.esp
	(1040844 -> 1040844)	Sentinel - HDT SOS.esp
	(161 -> 161)	SpellknightsOfWinterhold.esp
	(162 -> 162)	Merta Assassin Armor.esp
	(1040845 -> 1040845)	Pirate Assassin Robes.esp
	(1040846 -> 1040846)	InvisibleArmor.esp
	(163 -> 163)	TERAArmorsSSE.esp
	(1040847 -> 1040847)	TeraArmorsSSE - Update.esp
	(1040848 -> 1040848)	_Fuse00_ArmorRaven.esp
	(1040849 -> 1040849)	Assassins Dress.esp
	(164 -> 164)	_Fuse00_ArmorRogue.esp
	(1040850 -> 1040850)	[ELLE] Dangerous.esp
	(1040851 -> 1040851)	[ELLE] Dark Rebel.esp
	(1040852 -> 1040852)	[ELLE] Sparrows Mage.esp
	(1040853 -> 1040853)	_Fuse00_ArmorHelga.esp
	(1040854 -> 1040854)	[full_inu] Queen Marika's Dress.esp
	(165 -> 165)	IcestormNG_SkyrimSE.esp
	(1040855 -> 1040855)	DX Fetish Fashion Volume 1 SE.esp
	(1040856 -> 1040856)	DX FetishFashion II.esp
	(1040857 -> 1040857)	[qdaro] Silver Witch.esp
	(1040858 -> 1040858)	[krzp] Obsidian Elegance.esp
	(1040859 -> 1040859)	[ELLE] Viper.esp
	(166 -> 166)	Legendary Skyrim Crossbows.esp
	(167 -> 167)	j3x-autocrossbows.esp
	(168 -> 168)	DragonGlassWeapons.esp
	(169 -> 169)	dwbb.esp
	(170 -> 170)	Project Flintlock SE Redux.esp
	(171 -> 171)	Wolverine Claws.esp
	(1040860 -> 1040860)	Vibrant weapons EAE.esp
	(1040861 -> 1040861)	VibrantWeaponsLightData.esp
	(1040862 -> 1040862)	Sword of the Thorns.esp
	(172 -> 172)	Kemper's Weapon Collection.esp
	(173 -> 173)	Kemper's Weapon Collection II.esp
	(1040863 -> 1040863)	Player Exclusive HDT-SMP.esp
	(1040864 -> 1040864)	DCR_KingCrusaderMegaPack_SSE.esp
	(1040865 -> 1040865)	[Melodic] Egyptian Accessory.esp
	(1040866 -> 1040866)	Animated Wings Ultimate.esp
	(174 -> 174)	AedraRace.esp
	(1040867 -> 1040867)	RGMsVanityMirror.esp
	(1040868 -> 1040868)	SSAssist_Tools.esp
	(1040869 -> 1040869)	Sounds of Towns and Cities.esp
	(1040870 -> 1040870)	Crackling Fire Volume Slider.esp
	(1040871 -> 1040871)	Campfire - Fishing Patch.esp
	(1040872 -> 1040872)	EmbersXD-Campfire Patch.esp
	(175 -> 175)	Bathing in Skyrim - Main.esp
	(1040873 -> 1040873)	Bathing in Skyrim.esp
	(176 -> 176)	BathtubsBasins.esp
	(177 -> 177)	bm_SimpleAction.esp
	(1040874 -> 1040874)	KeepSkeletonKeySE.esp
	(1040875 -> 1040875)	PassiveWeaponEnchantmentRecharging.esp
	(178 -> 178)	Arachnophobia - Spiders are Wolves.esp
	(179 -> 179)	CWneutral.esp
	(180 -> 180)	True Thane.esp
	(181 -> 181)	True Thane - Hearthfire Patch.esp
	(182 -> 182)	ThievesGuildLadder.esp
	(1040876 -> 1040876)	ShutUpHeimskr.esp
	(183 -> 183)	WB_PotionCondenser.esp
	(184 -> 184)	Apocalypse - Magic of Skyrim.esp
	(185 -> 185)	Apocalypse - Cheat Chests.esp
	(186 -> 186)	Apocalypse - More Apocalypse.esp
	(187 -> 187)	JaxonzBlinkTeleport2.esp
	(188 -> 188)	[wdrd]Fireworks2_esp.esp
	(189 -> 189)	TorchesCastShadows.esp
	(190 -> 190)	0CBTeleportationCollectionV3.esp
	(191 -> 191)	AcquisitiveSoulGemMultithreaded.esp
	(1040877 -> 1040877)	MLPSoulGems.esp
	(1040878 -> 1040878)	KR2_CrystalSoulGems_ISC_Patch.esp
	(1040879 -> 1040879)	FishermenFish.esp
	(192 -> 192)	AI Overhaul.esp
	(1040880 -> 1040880)	Thuldor's Ivarstead - Tweaks and Fixes - AI Overhaul.esp
	(1040881 -> 1040881)	Riverwood Revitalized AI Overhaul Patch.esp
	(1040882 -> 1040882)	RedBag's Falkreath - AI Overhaul patch.esp
	(1040883 -> 1040883)	Thuldor's Ivarstead - AI Overhaul.esp
	(1040884 -> 1040884)	RedBag's Morthal - RSChildren + AIO.esp
	(1040885 -> 1040885)	Redbag's Morthal - AI Overhaul CC.esp
	(1040886 -> 1040886)	Dynamic Things Alternative.esp
	(1040887 -> 1040887)	Snazzy Wallmount Trophies - BOS.esp
	(1040888 -> 1040888)	Snazzy Wall Mounted Trophies - DTA Patch.esp
	(193 -> 193)	Realm of Lorkhan - Custom Alternate Start - Choose your own adventure.esp
	(1040889 -> 1040889)	Realm of Lorkhan - Bring Back the Tamriel Shards Patch.esp
	(1040890 -> 1040890)	Realm of Lorkhan Unbound Fix.esp
	(1040891 -> 1040891)	Realm of Lorkhan - Dragonstone.esp
	(1040892 -> 1040892)	ROL Better Bridges.esp
	(1040893 -> 1040893)	Realm of Lorkhan - Forgotten Shrines.esp
	(1040894 -> 1040894)	Realm Of Lorkhan Nicer Trees.esp
	(1040895 -> 1040895)	0_katnerd_StartPlayerFemale_Spells.esp
	(1040896 -> 1040896)	DynamicCandles.esp
	(1040897 -> 1040897)	Street Lights - Dawnstar.esp
	(1040898 -> 1040898)	Street Lights - WhiteRun.esp
	(1040899 -> 1040899)	DIAL_NAT.esp
	(194 -> 194)	EEKs Dragonsreach.esp
	(195 -> 195)	EEKs Immersive Whiterun.esp
	(1040900 -> 1040900)	EEKs Immersive Whiterun Fixes.esp
	(196 -> 196)	EEKs Whiterun Interiors.esp
	(1040901 -> 1040901)	Embers XD - Patch - EEKs Whiterun Interiors.esp
	(1040902 -> 1040902)	Revised Barrels - Base Object Swapper.esp
	(1040903 -> 1040903)	HFs_Treacherous_honey.esp
	(1040904 -> 1040904)	Halffaces - Casks Diversification.esp
	(197 -> 197)	Return From A Room With A View.esp
	(198 -> 198)	NordicCarvingDragonArch.esp
	(1040905 -> 1040905)	BlueRetchingNetch.esp
	(1040906 -> 1040906)	Blue_RetchingNetch.esp
	(1040907 -> 1040907)	DynamicCandlesBlueRN.esp
	(1040908 -> 1040908)	USMP - Apachii Divine Elegance.esp
	(1040909 -> 1040909)	USMP - Mannequin Designs patch.esp
	(1040910 -> 1040910)	USMP - RDO patch.esp
	(1040911 -> 1040911)	JKs Dragonsreach - AI Overhaul.esp
	(1040912 -> 1040912)	JKs Hags Cure - Embers XD Patch.esp
	(1040913 -> 1040913)	JKs Temple of Dibella - AI Overhaul patch.esp
	(1040914 -> 1040914)	JKs Palace of the Kings - AI Overhaul patch.esp
	(1040915 -> 1040915)	JKs Ragged Flagon - Thieves Guild Ladder USSEP patch.esp
	(1040916 -> 1040916)	JKs Ragged Flagon - Embers XD Patch.esp
	(1040917 -> 1040917)	JKs Ragged Flagon - Aspens Ablaze patch.esp
	(1040918 -> 1040918)	JKs Silver-Blood Inn - Immersion patch.esp
	(1040919 -> 1040919)	JKs Arnleif and Sons - Rugnarok patch.esp
	(1040920 -> 1040920)	JKs Arnleif and Sons - AI Overhaul Patch.esp
	(1040921 -> 1040921)	JKs Silver-Blood Inn - AI Overhaul Patch.esp
	(1040922 -> 1040922)	JKs Ragged Flagon - AI Overhaul Patch.esp
	(1040923 -> 1040923)	JKs Dragonsreach - Relationship Dialogue Overhaul Patch.esp
	(1040924 -> 1040924)	JKs Dragonsreach - Rudy HQ Miscellaneous Patch.esp
	(1040925 -> 1040925)	JKs Hags Cure - AI Overhaul Patch.esp
	(1040926 -> 1040926)	JKs Palace of the Kings - Embers XD Patch.esp
	(1040927 -> 1040927)	JKs Palace of the Kings - LAWF patch.esp
	(1040928 -> 1040928)	JKs Palace of the Kings - USSEP Patch.esp
	(1040929 -> 1040929)	JKs Silver-Blood Inn - Embers XD Patch.esp
	(1040930 -> 1040930)	COTN Dawnstar - AI Overhaul Patch.esp
	(1040931 -> 1040931)	COTN Dawnstar - Embers XD Patch.esp
	(1040932 -> 1040932)	COTN Dawnstar - Helgen Reborn Patch.esp
	(1040933 -> 1040933)	COTN Dawnstar - Morskom Estate Patch.esp
	(1040934 -> 1040934)	JKs Solitude Outskirts - Fabled Forests patch.esp
	(1040935 -> 1040935)	JKs Solitude Outskirts - Trees Addon patch.esp
	(1040936 -> 1040936)	JKs Solitude Outskirts - Solitude Docks Updated patch.esp
	(1040937 -> 1040937)	JKs Solitude Outskirts - AI Overhaul patch.esp
	(1040938 -> 1040938)	JKs Solitude Outskirts - SMIM patch.esp
	(1040939 -> 1040939)	JKs Solitude Outskirts - CC Fishing patch.esp
	(1040940 -> 1040940)	JKs Solitude Outskirts - LAWF patch.esp
	(1040941 -> 1040941)	JKs Solitude Outskirts - LFFGM patch.esp
	(1040942 -> 1040942)	JKs Solitude Outskirts - Solitude Watchtower patch.esp
	(1040943 -> 1040943)	JKs Solitude Outskirts - USSEP patch.esp
	(1040944 -> 1040944)	JKs Fort Dawnguard - Exterior roofs disabler.esp
	(1040945 -> 1040945)	JKs High Hrothgar - Embers XD patch.esp
	(1040946 -> 1040946)	JKs Sky Haven Temple - Book Covers Skyrim patch.esp
	(1040947 -> 1040947)	JKs Sky Haven Temple - USSEP Patch.esp
	(1040948 -> 1040948)	JKs Fort Dawnguard - Aspens Ablaze patch.esp
	(1040949 -> 1040949)	JKs Fort Dawnguard - LAWF patch.esp
	(1040950 -> 1040950)	JKs Fort Dawnguard - LFFGM patch.esp
	(1040951 -> 1040951)	JKs Fort Dawnguard - RDO patch.esp
	(1040952 -> 1040952)	JKs Sky Haven Temple - Happy Little Trees patch.esp
	(1040953 -> 1040953)	RedBag's Dragonreach GoT Black Dread Skull Patch.esp
	(1040954 -> 1040954)	HelgenRebornRSChildrenPatch.esp
	(1040955 -> 1040955)	RSC HR Patch.esp
	(1040956 -> 1040956)	RSC Solitude Docks Patch.esp
	(1040957 -> 1040957)	RSC BoS Patch.esp
	(199 -> 199)	SOFA-DunmerAll.esp
	(1040958 -> 1040958)	SOFA.esp
	(1040959 -> 1040959)	Ignoble Beds - BOS Color Variance.esp
	(1040960 -> 1040960)	Dunmer Dreams - BOS Color Variance.esp
	(1040961 -> 1040961)	Deep Slumber - BOS Occupied Locations Only.esp
	(1040962 -> 1040962)	Deep Slumber - New and Timeworn Distributed.esp
	(1040963 -> 1040963)	Bedroll Alternative - BOS Color Variance.esp
	(1040964 -> 1040964)	Various Dividers.esp
	(1040965 -> 1040965)	Cozy Cots - BOS Color Variance.esp
	(1040966 -> 1040966)	DecoratorHelper.esp
	(1040967 -> 1040967)	Mrf's winterhold_Dawnguard patch.esp
	(200 -> 200)	Distinct Interiors.esp
	(1040968 -> 1040968)	RedBag's Morthal - Distinct Interiors.esp
	(1040969 -> 1040969)	RedBag's Falkreath - Distinct Interiors patch.esp
	(201 -> 201)	ThievesGuildLadder_Patch_DI.esp
	(1040970 -> 1040970)	Riverwood Revitalized Distinct Interiors Patch.esp
	(1040971 -> 1040971)	Distinct Thuldor's Ivarstead.esp
	(1040972 -> 1040972)	Distinct Interiors - LAWF patch.esp
	(1040973 -> 1040973)	Distinct Interiors - FPS Fix - COTN Patch.esp
	(1040974 -> 1040974)	Distinct Interiors - Embers XD patch.esp
	(1040975 -> 1040975)	Distinct Interiors - AI Overhaul patch.esp
	(1040976 -> 1040976)	Distinct COTN Interiors - Dawnstar.esp
	(1040977 -> 1040977)	Distinct Interiors - FPS Fix.esp
	(1040978 -> 1040978)	Distinct JK's Ragged Flagon.esp
	(1040979 -> 1040979)	Stamina of Steeds.esp
	(202 -> 202)	AddItemMenuSE.esp
	(203 -> 203)	JaxonzEnhGrab.esp
	(1040980 -> 1040980)	TerrainHelper.esp
	(1040981 -> 1040981)	A Clear Map of Skyrim.esp
	(1040982 -> 1040982)	RodryksDragonBridge - Fixes and Tweaks.esp
	(1040983 -> 1040983)	Fabled Forests - USMP Patch.esp
	(1040984 -> 1040984)	Fabled Forests - Natural Waterfalls Patch.esp
	(1040985 -> 1040985)	Fabled Forests - RedBag Morthal Patch.esp
	(1040986 -> 1040986)	Navigator - Dungeons Revisited Patch.esp
	(1040987 -> 1040987)	Navigator - Helgen Reborn Patch.esp
	(1040988 -> 1040988)	AI Overhaul - RDO Updated Patch.esp
	(1040989 -> 1040989)	AI Overhaul - Distinct Interiors Patch.esp
	(1040990 -> 1040990)	KaliliesNPCs.esp
	(1040991 -> 1040991)	C.O.C.K.S - Settlement Builder.esp
	(1040992 -> 1040992)	fixLOD.esp
Loading menu open/close event registrations...
Loading key input event registrations...
Loading control input event registrations...
Loading mod callback event registrations...
Loading crosshair ref event registrations...
Loading camera event registrations...
Loading actor action event registrations...
Loading NiNode update event registrations...
Loading SKSEPersistentObjectStorage data...
Loading SKSEDelayFunctorManager data...
dispatch message (3) to plugin listeners
sending message type 3 to plugin 3
sending message type 3 to plugin 7
sending message type 3 to plugin 9
sending message type 3 to plugin 12
sending message type 3 to plugin 13
sending message type 3 to plugin 15
sending message type 3 to plugin 16
sending message type 3 to plugin 17
sending message type 3 to plugin 18
sending message type 3 to plugin 19
sending message type 3 to plugin 20
sending message type 3 to plugin 21
sending message type 3 to plugin 22
sending message type 3 to plugin 25
sending message type 3 to plugin 26
sending message type 3 to plugin 27
sending message type 3 to plugin 28
sending message type 3 to plugin 29
sending message type 3 to plugin 30
sending message type 3 to plugin 31
sending message type 3 to plugin 34
sending message type 3 to plugin 35
sending message type 3 to plugin 37
sending message type 3 to plugin 38
sending message type 3 to plugin 40
sending message type 3 to plugin 41
sending message type 3 to plugin 42
sending message type 3 to plugin 43
sending message type 3 to plugin 44
sending message type 3 to plugin 47
sending message type 3 to plugin 48
sending message type 3 to plugin 49
sending message type 3 to plugin 50
sending message type 3 to plugin 52
sending message type 3 to plugin 53
sending message type 3 to plugin 55
sending message type 3 to plugin 56
sending message type 3 to plugin 57
dispatch message (-422868135) to plugin listeners
dispatched message.
sending message type 3 to plugin 61
sending message type 3 to plugin 62
sending message type 3 to plugin 64
sending message type 3 to plugin 67
sending message type 3 to plugin 68
sending message type 3 to plugin 69
sending message type 3 to plugin 70
sending message type 3 to plugin 71
sending message type 3 to plugin 74
sending message type 3 to plugin 77
sending message type 3 to plugin 78
sending message type 3 to plugin 79
sending message type 3 to plugin 80
sending message type 3 to plugin 81
sending message type 3 to plugin 82
sending message type 3 to plugin 83
sending message type 3 to plugin 84
sending message type 3 to plugin 85
sending message type 3 to plugin 86
sending message type 3 to plugin 87
dispatch message (1178861568) to plugin listeners
sending message type 1178861568 to plugin 22
sending message type 1178861568 to plugin 69
sending message type 1178861568 to plugin 107
dispatched message.
dispatch message (1145523712) to plugin listeners
sending message type 1145523712 to plugin 22
sending message type 1145523712 to plugin 69
sending message type 1145523712 to plugin 107
dispatched message.
sending message type 3 to plugin 88
sending message type 3 to plugin 89
sending message type 3 to plugin 90
sending message type 3 to plugin 91
sending message type 3 to plugin 92
sending message type 3 to plugin 94
sending message type 3 to plugin 95
sending message type 3 to plugin 96
sending message type 3 to plugin 97
sending message type 3 to plugin 99
sending message type 3 to plugin 101
sending message type 3 to plugin 102
sending message type 3 to plugin 103
sending message type 3 to plugin 106
sending message type 3 to plugin 107
sending message type 3 to plugin 108
sending message type 3 to plugin 109
sending message type 3 to plugin 110
sending message type 3 to plugin 111
sending message type 3 to plugin 112
sending message type 3 to plugin 113
sending message type 3 to plugin 114
sending message type 3 to plugin 117
sending message type 3 to plugin 121
dispatched message.
cleared save path
dispatch message (5) to plugin listeners
sending message type 5 to plugin 22
sending message type 5 to plugin 52
sending message type 5 to plugin 69
sending message type 5 to plugin 107
dispatched message.
plugin 97 allocated 14 bytes from branch pool
WidgetLoader.as: setRootPath(a_path = exported/)
WidgetLoader.as: loadWidget(a_widgetID = 0, a_widgetSource = AMOTClockWidget.swf)
WidgetLoader.as: loadWidget(a_widgetID = 1, a_widgetSource = AMOTClockWidget.swf)
WidgetLoader.as: loadWidget(a_widgetID = 2, a_widgetSource = AMOTDateWidget.swf)
WidgetLoader.as: loadWidget(a_widgetID = 3, a_widgetSource = AMOTDateWidget.swf)
WidgetLoader.as: loadWidget(a_widgetID = 4, a_widgetSource = AMOTSymbolWidget.swf)
WidgetLoader.as: loadWidget(a_widgetID = 5, a_widgetSource = skyui/activeeffects.swf)
WidgetLoader.as: loadWidget(a_widgetID = 6, a_widgetSource = AMOTSymbolWidget.swf)
AMOT now switching to symbol skydial
AMOT now switching to symbol skydial
AMOT now switching to symbol SkyDial
AMOT now switching to symbol PictureOfTheDay
dispatch message (5) to plugin listeners
sending message type 5 to plugin 22
sending message type 5 to plugin 52
sending message type 5 to plugin 69
sending message type 5 to plugin 107
dispatched message.
dispatch message (5) to plugin listeners
sending message type 5 to plugin 22
sending message type 5 to plugin 52
sending message type 5 to plugin 69
sending message type 5 to plugin 107
dispatched message.
